ERROR - 2022-12-26 18:56:25 --> mysqli_sql_exception: Unknown column 'categoria' in 'where clause' in /Users/arseniomuanda/Arpetic/GitHub/meuruca/vendor/codeigniter4/framework/system/Database/MySQLi/Connection.php:314
Stack trace:
#0 /Users/arseniomuanda/Arpetic/GitHub/meuruca/vendor/codeigniter4/framework/system/Database/MySQLi/Connection.php(314): mysqli->query('SELECT COUNT(*)...')
#1 /Users/arseniomuanda/Arpetic/GitHub/meuruca/vendor/codeigniter4/framework/system/Database/BaseConnection.php(715): CodeIgniter\Database\MySQLi\Connection->execute('SELECT COUNT(*)...')
#2 /Users/arseniomuanda/Arpetic/GitHub/meuruca/vendor/codeigniter4/framework/system/Database/BaseConnection.php(643): CodeIgniter\Database\BaseConnection->simpleQuery('SELECT COUNT(*)...')
#3 /Users/arseniomuanda/Arpetic/GitHub/meuruca/vendor/codeigniter4/framework/system/Database/BaseBuilder.php(1966): CodeIgniter\Database\BaseConnection->query('SELECT COUNT(*)...', Array, false)
#4 /Users/arseniomuanda/Arpetic/GitHub/meuruca/vendor/codeigniter4/framework/system/Model.php(570): CodeIgniter\Database\BaseBuilder->countAllResults(false)
#5 /Users/arseniomuanda/Arpetic/GitHub/meuruca/vendor/codeigniter4/framework/system/BaseModel.php(1140): CodeIgniter\Model->countAllResults(false)
#6 /Users/arseniomuanda/Arpetic/GitHub/meuruca/app/Controllers/Operations.php(631): CodeIgniter\BaseModel->paginate()
#7 /Users/arseniomuanda/Arpetic/GitHub/meuruca/app/Controllers/Operations.php(264): App\Controllers\Operations->getProducts(Array)
#8 /Users/arseniomuanda/Arpetic/GitHub/meuruca/vendor/codeigniter4/framework/system/CodeIgniter.php(935): App\Controllers\Operations->index()
#9 /Users/arseniomuanda/Arpetic/GitHub/meuruca/vendor/codeigniter4/framework/system/CodeIgniter.php(431): CodeIgniter\CodeIgniter->runController(Object(App\Controllers\Operations))
#10 /Users/arseniomuanda/Arpetic/GitHub/meuruca/vendor/codeigniter4/framework/system/CodeIgniter.php(332): CodeIgniter\CodeIgniter->handleRequest(NULL, Object(Config\Cache), false)
#11 /Users/arseniomuanda/Arpetic/GitHub/meuruca/public/index.php(44): CodeIgniter\CodeIgniter->run()
#12 /Users/arseniomuanda/Arpetic/GitHub/meuruca/vendor/codeigniter4/framework/system/Commands/Server/rewrite.php(45): require_once('/Users/arseniom...')
#13 {main}
ERROR - 2022-12-26 18:58:10 --> mysqli_sql_exception: You have an error in your SQL syntax; check the manual that corresponds to your MySQL server version for the right syntax to use near 'IS NULL' at line 3 in /Users/arseniomuanda/Arpetic/GitHub/meuruca/vendor/codeigniter4/framework/system/Database/MySQLi/Connection.php:314
Stack trace:
#0 /Users/arseniomuanda/Arpetic/GitHub/meuruca/vendor/codeigniter4/framework/system/Database/MySQLi/Connection.php(314): mysqli->query('SELECT COUNT(*)...')
#1 /Users/arseniomuanda/Arpetic/GitHub/meuruca/vendor/codeigniter4/framework/system/Database/BaseConnection.php(715): CodeIgniter\Database\MySQLi\Connection->execute('SELECT COUNT(*)...')
#2 /Users/arseniomuanda/Arpetic/GitHub/meuruca/vendor/codeigniter4/framework/system/Database/BaseConnection.php(643): CodeIgniter\Database\BaseConnection->simpleQuery('SELECT COUNT(*)...')
#3 /Users/arseniomuanda/Arpetic/GitHub/meuruca/vendor/codeigniter4/framework/system/Database/BaseBuilder.php(1966): CodeIgniter\Database\BaseConnection->query('SELECT COUNT(*)...', Array, false)
#4 /Users/arseniomuanda/Arpetic/GitHub/meuruca/vendor/codeigniter4/framework/system/Model.php(570): CodeIgniter\Database\BaseBuilder->countAllResults(false)
#5 /Users/arseniomuanda/Arpetic/GitHub/meuruca/vendor/codeigniter4/framework/system/BaseModel.php(1140): CodeIgniter\Model->countAllResults(false)
#6 /Users/arseniomuanda/Arpetic/GitHub/meuruca/app/Controllers/Operations.php(630): CodeIgniter\BaseModel->paginate()
#7 /Users/arseniomuanda/Arpetic/GitHub/meuruca/app/Controllers/Operations.php(264): App\Controllers\Operations->getProducts(NULL)
#8 /Users/arseniomuanda/Arpetic/GitHub/meuruca/vendor/codeigniter4/framework/system/CodeIgniter.php(935): App\Controllers\Operations->index()
#9 /Users/arseniomuanda/Arpetic/GitHub/meuruca/vendor/codeigniter4/framework/system/CodeIgniter.php(431): CodeIgniter\CodeIgniter->runController(Object(App\Controllers\Operations))
#10 /Users/arseniomuanda/Arpetic/GitHub/meuruca/vendor/codeigniter4/framework/system/CodeIgniter.php(332): CodeIgniter\CodeIgniter->handleRequest(NULL, Object(Config\Cache), false)
#11 /Users/arseniomuanda/Arpetic/GitHub/meuruca/public/index.php(44): CodeIgniter\CodeIgniter->run()
#12 /Users/arseniomuanda/Arpetic/GitHub/meuruca/vendor/codeigniter4/framework/system/Commands/Server/rewrite.php(45): require_once('/Users/arseniom...')
#13 {main}
