ERROR - 2022-10-18 16:38:39 --> Error connecting to the database: Connection refused
CRITICAL - 2022-10-18 16:38:39 --> Unable to connect to the database.
#0 /Users/arseniomuanda/Arpetic/GitHub/meuruca/vendor/codeigniter4/framework/system/Database/BaseConnection.php(620): CodeIgniter\Database\BaseConnection->initialize()
#1 /Users/arseniomuanda/Arpetic/GitHub/meuruca/app/Controllers/Login.php(76): CodeIgniter\Database\BaseConnection->query('SELECT COUNT(*)...')
#2 /Users/arseniomuanda/Arpetic/GitHub/meuruca/app/Controllers/Login.php(91): App\Controllers\Login->validar_login('arsemuanda@gmai...')
#3 /Users/arseniomuanda/Arpetic/GitHub/meuruca/vendor/codeigniter4/framework/system/CodeIgniter.php(935): App\Controllers\Login->index()
#4 /Users/arseniomuanda/Arpetic/GitHub/meuruca/vendor/codeigniter4/framework/system/CodeIgniter.php(431): CodeIgniter\CodeIgniter->runController(Object(App\Controllers\Login))
#5 /Users/arseniomuanda/Arpetic/GitHub/meuruca/vendor/codeigniter4/framework/system/CodeIgniter.php(332): CodeIgniter\CodeIgniter->handleRequest(NULL, Object(Config\Cache), false)
#6 /Users/arseniomuanda/Arpetic/GitHub/meuruca/public/index.php(44): CodeIgniter\CodeIgniter->run()
#7 /Users/arseniomuanda/Arpetic/GitHub/meuruca/vendor/codeigniter4/framework/system/Commands/Server/rewrite.php(45): require_once('/Users/arseniom...')
#8 {main}
ERROR - 2022-10-18 16:38:50 --> Error connecting to the database: No such file or directory
CRITICAL - 2022-10-18 16:38:50 --> Unable to connect to the database.
#0 /Users/arseniomuanda/Arpetic/GitHub/meuruca/vendor/codeigniter4/framework/system/Database/BaseConnection.php(620): CodeIgniter\Database\BaseConnection->initialize()
#1 /Users/arseniomuanda/Arpetic/GitHub/meuruca/app/Controllers/Login.php(76): CodeIgniter\Database\BaseConnection->query('SELECT COUNT(*)...')
#2 /Users/arseniomuanda/Arpetic/GitHub/meuruca/app/Controllers/Login.php(91): App\Controllers\Login->validar_login('arsemuanda@gmai...')
#3 /Users/arseniomuanda/Arpetic/GitHub/meuruca/vendor/codeigniter4/framework/system/CodeIgniter.php(935): App\Controllers\Login->index()
#4 /Users/arseniomuanda/Arpetic/GitHub/meuruca/vendor/codeigniter4/framework/system/CodeIgniter.php(431): CodeIgniter\CodeIgniter->runController(Object(App\Controllers\Login))
#5 /Users/arseniomuanda/Arpetic/GitHub/meuruca/vendor/codeigniter4/framework/system/CodeIgniter.php(332): CodeIgniter\CodeIgniter->handleRequest(NULL, Object(Config\Cache), false)
#6 /Users/arseniomuanda/Arpetic/GitHub/meuruca/public/index.php(44): CodeIgniter\CodeIgniter->run()
#7 /Users/arseniomuanda/Arpetic/GitHub/meuruca/vendor/codeigniter4/framework/system/Commands/Server/rewrite.php(45): require_once('/Users/arseniom...')
#8 {main}
