CRITICAL - 2022-03-23 18:58:42 --> Invalid file: gestaoviatura/home.php
#0 C:\WORKPLACE\meuruca\vendor\codeigniter4\framework\system\View\View.php(203): CodeIgniter\Exceptions\FrameworkException::forInvalidFile('gestaoviatura/h...')
#1 C:\WORKPLACE\meuruca\vendor\codeigniter4\framework\system\Common.php(1217): CodeIgniter\View\View->render('gestaoviatura/h...', Array, true)
#2 C:\WORKPLACE\meuruca\app\Controllers\Gestaoviatura.php(43): view('gestaoviatura/h...')
#3 C:\WORKPLACE\meuruca\vendor\codeigniter4\framework\system\CodeIgniter.php(935): App\Controllers\Gestaoviatura->index()
#4 C:\WORKPLACE\meuruca\vendor\codeigniter4\framework\system\CodeIgniter.php(431): CodeIgniter\CodeIgniter->runController(Object(App\Controllers\Gestaoviatura))
#5 C:\WORKPLACE\meuruca\vendor\codeigniter4\framework\system\CodeIgniter.php(332): CodeIgniter\CodeIgniter->handleRequest(NULL, Object(Config\Cache), false)
#6 C:\WORKPLACE\meuruca\public\index.php(44): CodeIgniter\CodeIgniter->run()
#7 C:\WORKPLACE\meuruca\vendor\codeigniter4\framework\system\Commands\Server\rewrite.php(45): require_once('C:\\WORKPLACE\\me...')
#8 {main}
CRITICAL - 2022-03-23 20:57:02 --> Invalid file: gestaoviatura/perfil.php
#0 C:\WORKPLACE\meuruca\vendor\codeigniter4\framework\system\View\View.php(203): CodeIgniter\Exceptions\FrameworkException::forInvalidFile('gestaoviatura/p...')
#1 C:\WORKPLACE\meuruca\vendor\codeigniter4\framework\system\Common.php(1217): CodeIgniter\View\View->render('gestaoviatura/p...', Array, true)
#2 C:\WORKPLACE\meuruca\app\Controllers\Gestaoviatura.php(52): view('gestaoviatura/p...')
#3 C:\WORKPLACE\meuruca\vendor\codeigniter4\framework\system\CodeIgniter.php(935): App\Controllers\Gestaoviatura->perfil('2')
#4 C:\WORKPLACE\meuruca\vendor\codeigniter4\framework\system\CodeIgniter.php(431): CodeIgniter\CodeIgniter->runController(Object(App\Controllers\Gestaoviatura))
#5 C:\WORKPLACE\meuruca\vendor\codeigniter4\framework\system\CodeIgniter.php(332): CodeIgniter\CodeIgniter->handleRequest(NULL, Object(Config\Cache), false)
#6 C:\WORKPLACE\meuruca\public\index.php(44): CodeIgniter\CodeIgniter->run()
#7 C:\WORKPLACE\meuruca\vendor\codeigniter4\framework\system\Commands\Server\rewrite.php(45): require_once('C:\\WORKPLACE\\me...')
#8 {main}
