CRITICAL - 2023-04-17 02:52:10 --> ini_set(): Headers already sent. You cannot change the session module's ini settings at this time
#0 [internal function]: CodeIgniter\Debug\Exceptions->errorHandler(2, 'ini_set(): Head...', '/Users/arseniom...', 80, Array)
#1 /Users/arseniomuanda/Arpetic/GitHub/Meu Ruca/meuruca/vendor/codeigniter4/framework/system/Session/Handlers/FileHandler.php(80): ini_set('session.save_pa...', '/Users/arseniom...')
#2 /Users/arseniomuanda/Arpetic/GitHub/Meu Ruca/meuruca/vendor/codeigniter4/framework/system/Config/Services.php(706): CodeIgniter\Session\Handlers\FileHandler->__construct(Object(Config\App), '127.0.0.1')
#3 /Users/arseniomuanda/Arpetic/GitHub/Meu Ruca/meuruca/vendor/codeigniter4/framework/system/Config/BaseService.php(100): CodeIgniter\Config\Services::session(Object(Config\App), false)
#4 /Users/arseniomuanda/Arpetic/GitHub/Meu Ruca/meuruca/vendor/codeigniter4/framework/system/Config/Services.php(699): CodeIgniter\Config\BaseService::getSharedInstance('session', NULL)
#5 /Users/arseniomuanda/Arpetic/GitHub/Meu Ruca/meuruca/vendor/codeigniter4/framework/system/Config/BaseService.php(171): CodeIgniter\Config\Services::session()
#6 /Users/arseniomuanda/Arpetic/GitHub/Meu Ruca/meuruca/app/Controllers/Login.php(57): CodeIgniter\Config\BaseService::__callStatic('session', Array)
#7 /Users/arseniomuanda/Arpetic/GitHub/Meu Ruca/meuruca/app/Controllers/Operations.php(132): App\Controllers\Login->__construct()
#8 /Users/arseniomuanda/Arpetic/GitHub/Meu Ruca/meuruca/vendor/codeigniter4/framework/system/CodeIgniter.php(907): App\Controllers\Operations->__construct()
#9 /Users/arseniomuanda/Arpetic/GitHub/Meu Ruca/meuruca/vendor/codeigniter4/framework/system/CodeIgniter.php(421): CodeIgniter\CodeIgniter->createController()
#10 /Users/arseniomuanda/Arpetic/GitHub/Meu Ruca/meuruca/vendor/codeigniter4/framework/system/CodeIgniter.php(332): CodeIgniter\CodeIgniter->handleRequest(NULL, Object(Config\Cache), false)
#11 /Users/arseniomuanda/Arpetic/GitHub/Meu Ruca/meuruca/public/index.php(44): CodeIgniter\CodeIgniter->run()
#12 /Users/arseniomuanda/Arpetic/GitHub/Meu Ruca/meuruca/vendor/codeigniter4/framework/system/Commands/Server/rewrite.php(45): require_once('/Users/arseniom...')
#13 {main}
CRITICAL - 2023-04-17 02:52:10 --> Uncaught ErrorException: Cannot modify header information - headers already sent by (output started at /Users/arseniomuanda/Arpetic/GitHub/Meu Ruca/meuruca/app/Config/Events.php:35) in /Users/arseniomuanda/Arpetic/GitHub/Meu Ruca/meuruca/vendor/codeigniter4/framework/system/Debug/Exceptions.php:137
Stack trace:
#0 [internal function]: CodeIgniter\Debug\Exceptions->errorHandler(2, 'Cannot modify h...', '/Users/arseniom...', 137, Array)
#1 /Users/arseniomuanda/Arpetic/GitHub/Meu Ruca/meuruca/vendor/codeigniter4/framework/system/Debug/Exceptions.php(137): header('HTTP/1.1 500 In...', true, 500)
#2 [internal function]: CodeIgniter\Debug\Exceptions->exceptionHandler(Object(ErrorException))
#3 {main}
  thrown
#0 [internal function]: CodeIgniter\Debug\Exceptions->shutdownHandler()
#1 {main}
CRITICAL - 2023-04-17 03:31:41 --> ini_set(): Headers already sent. You cannot change the session module's ini settings at this time
#0 [internal function]: CodeIgniter\Debug\Exceptions->errorHandler(2, 'ini_set(): Head...', '/Users/arseniom...', 80, Array)
#1 /Users/arseniomuanda/Arpetic/GitHub/Meu Ruca/meuruca/vendor/codeigniter4/framework/system/Session/Handlers/FileHandler.php(80): ini_set('session.save_pa...', '/Users/arseniom...')
#2 /Users/arseniomuanda/Arpetic/GitHub/Meu Ruca/meuruca/vendor/codeigniter4/framework/system/Config/Services.php(706): CodeIgniter\Session\Handlers\FileHandler->__construct(Object(Config\App), '127.0.0.1')
#3 /Users/arseniomuanda/Arpetic/GitHub/Meu Ruca/meuruca/vendor/codeigniter4/framework/system/Config/BaseService.php(100): CodeIgniter\Config\Services::session(Object(Config\App), false)
#4 /Users/arseniomuanda/Arpetic/GitHub/Meu Ruca/meuruca/vendor/codeigniter4/framework/system/Config/Services.php(699): CodeIgniter\Config\BaseService::getSharedInstance('session', NULL)
#5 /Users/arseniomuanda/Arpetic/GitHub/Meu Ruca/meuruca/vendor/codeigniter4/framework/system/Config/BaseService.php(171): CodeIgniter\Config\Services::session()
#6 /Users/arseniomuanda/Arpetic/GitHub/Meu Ruca/meuruca/app/Controllers/Login.php(57): CodeIgniter\Config\BaseService::__callStatic('session', Array)
#7 /Users/arseniomuanda/Arpetic/GitHub/Meu Ruca/meuruca/app/Controllers/Operations.php(132): App\Controllers\Login->__construct()
#8 /Users/arseniomuanda/Arpetic/GitHub/Meu Ruca/meuruca/vendor/codeigniter4/framework/system/CodeIgniter.php(907): App\Controllers\Operations->__construct()
#9 /Users/arseniomuanda/Arpetic/GitHub/Meu Ruca/meuruca/vendor/codeigniter4/framework/system/CodeIgniter.php(421): CodeIgniter\CodeIgniter->createController()
#10 /Users/arseniomuanda/Arpetic/GitHub/Meu Ruca/meuruca/vendor/codeigniter4/framework/system/CodeIgniter.php(332): CodeIgniter\CodeIgniter->handleRequest(NULL, Object(Config\Cache), false)
#11 /Users/arseniomuanda/Arpetic/GitHub/Meu Ruca/meuruca/public/index.php(44): CodeIgniter\CodeIgniter->run()
#12 /Users/arseniomuanda/Arpetic/GitHub/Meu Ruca/meuruca/vendor/codeigniter4/framework/system/Commands/Server/rewrite.php(45): require_once('/Users/arseniom...')
#13 {main}
CRITICAL - 2023-04-17 03:31:41 --> Uncaught ErrorException: Cannot modify header information - headers already sent by (output started at /Users/arseniomuanda/Arpetic/GitHub/Meu Ruca/meuruca/app/Config/Events.php:35) in /Users/arseniomuanda/Arpetic/GitHub/Meu Ruca/meuruca/vendor/codeigniter4/framework/system/Debug/Exceptions.php:137
Stack trace:
#0 [internal function]: CodeIgniter\Debug\Exceptions->errorHandler(2, 'Cannot modify h...', '/Users/arseniom...', 137, Array)
#1 /Users/arseniomuanda/Arpetic/GitHub/Meu Ruca/meuruca/vendor/codeigniter4/framework/system/Debug/Exceptions.php(137): header('HTTP/1.1 500 In...', true, 500)
#2 [internal function]: CodeIgniter\Debug\Exceptions->exceptionHandler(Object(ErrorException))
#3 {main}
  thrown
#0 [internal function]: CodeIgniter\Debug\Exceptions->shutdownHandler()
#1 {main}
ERROR - 2023-04-17 03:34:12 --> Error connecting to the database: No such file or directory
ERROR - 2023-04-17 03:34:20 --> Error connecting to the database: No such file or directory
ERROR - 2023-04-17 03:34:24 --> Error connecting to the database: No such file or directory
CRITICAL - 2023-04-17 03:36:35 --> ini_set(): Headers already sent. You cannot change the session module's ini settings at this time
#0 [internal function]: CodeIgniter\Debug\Exceptions->errorHandler(2, 'ini_set(): Head...', '/Users/arseniom...', 80, Array)
#1 /Users/arseniomuanda/Arpetic/GitHub/Meu Ruca/meuruca/vendor/codeigniter4/framework/system/Session/Handlers/FileHandler.php(80): ini_set('session.save_pa...', '/Users/arseniom...')
#2 /Users/arseniomuanda/Arpetic/GitHub/Meu Ruca/meuruca/vendor/codeigniter4/framework/system/Config/Services.php(706): CodeIgniter\Session\Handlers\FileHandler->__construct(Object(Config\App), '127.0.0.1')
#3 /Users/arseniomuanda/Arpetic/GitHub/Meu Ruca/meuruca/vendor/codeigniter4/framework/system/Config/BaseService.php(100): CodeIgniter\Config\Services::session(Object(Config\App), false)
#4 /Users/arseniomuanda/Arpetic/GitHub/Meu Ruca/meuruca/vendor/codeigniter4/framework/system/Config/Services.php(699): CodeIgniter\Config\BaseService::getSharedInstance('session', NULL)
#5 /Users/arseniomuanda/Arpetic/GitHub/Meu Ruca/meuruca/vendor/codeigniter4/framework/system/Config/BaseService.php(171): CodeIgniter\Config\Services::session()
#6 /Users/arseniomuanda/Arpetic/GitHub/Meu Ruca/meuruca/app/Controllers/Login.php(57): CodeIgniter\Config\BaseService::__callStatic('session', Array)
#7 /Users/arseniomuanda/Arpetic/GitHub/Meu Ruca/meuruca/app/Controllers/Operations.php(132): App\Controllers\Login->__construct()
#8 /Users/arseniomuanda/Arpetic/GitHub/Meu Ruca/meuruca/vendor/codeigniter4/framework/system/CodeIgniter.php(907): App\Controllers\Operations->__construct()
#9 /Users/arseniomuanda/Arpetic/GitHub/Meu Ruca/meuruca/vendor/codeigniter4/framework/system/CodeIgniter.php(421): CodeIgniter\CodeIgniter->createController()
#10 /Users/arseniomuanda/Arpetic/GitHub/Meu Ruca/meuruca/vendor/codeigniter4/framework/system/CodeIgniter.php(332): CodeIgniter\CodeIgniter->handleRequest(NULL, Object(Config\Cache), false)
#11 /Users/arseniomuanda/Arpetic/GitHub/Meu Ruca/meuruca/public/index.php(44): CodeIgniter\CodeIgniter->run()
#12 /Users/arseniomuanda/Arpetic/GitHub/Meu Ruca/meuruca/vendor/codeigniter4/framework/system/Commands/Server/rewrite.php(45): require_once('/Users/arseniom...')
#13 {main}
CRITICAL - 2023-04-17 03:36:35 --> Uncaught ErrorException: Cannot modify header information - headers already sent by (output started at /Users/arseniomuanda/Arpetic/GitHub/Meu Ruca/meuruca/app/Config/Events.php:35) in /Users/arseniomuanda/Arpetic/GitHub/Meu Ruca/meuruca/vendor/codeigniter4/framework/system/Debug/Exceptions.php:137
Stack trace:
#0 [internal function]: CodeIgniter\Debug\Exceptions->errorHandler(2, 'Cannot modify h...', '/Users/arseniom...', 137, Array)
#1 /Users/arseniomuanda/Arpetic/GitHub/Meu Ruca/meuruca/vendor/codeigniter4/framework/system/Debug/Exceptions.php(137): header('HTTP/1.1 500 In...', true, 500)
#2 [internal function]: CodeIgniter\Debug\Exceptions->exceptionHandler(Object(ErrorException))
#3 {main}
  thrown
#0 [internal function]: CodeIgniter\Debug\Exceptions->shutdownHandler()
#1 {main}
CRITICAL - 2023-04-17 10:42:15 --> ini_set(): Headers already sent. You cannot change the session module's ini settings at this time
#0 [internal function]: CodeIgniter\Debug\Exceptions->errorHandler(2, 'ini_set(): Head...', '/Users/arseniom...', 80, Array)
#1 /Users/arseniomuanda/Arpetic/GitHub/Meu Ruca/meuruca/vendor/codeigniter4/framework/system/Session/Handlers/FileHandler.php(80): ini_set('session.save_pa...', '/Users/arseniom...')
#2 /Users/arseniomuanda/Arpetic/GitHub/Meu Ruca/meuruca/vendor/codeigniter4/framework/system/Config/Services.php(706): CodeIgniter\Session\Handlers\FileHandler->__construct(Object(Config\App), '::1')
#3 /Users/arseniomuanda/Arpetic/GitHub/Meu Ruca/meuruca/vendor/codeigniter4/framework/system/Config/BaseService.php(100): CodeIgniter\Config\Services::session(Object(Config\App), false)
#4 /Users/arseniomuanda/Arpetic/GitHub/Meu Ruca/meuruca/vendor/codeigniter4/framework/system/Config/Services.php(699): CodeIgniter\Config\BaseService::getSharedInstance('session', NULL)
#5 /Users/arseniomuanda/Arpetic/GitHub/Meu Ruca/meuruca/vendor/codeigniter4/framework/system/Config/BaseService.php(171): CodeIgniter\Config\Services::session()
#6 /Users/arseniomuanda/Arpetic/GitHub/Meu Ruca/meuruca/app/Controllers/Login.php(57): CodeIgniter\Config\BaseService::__callStatic('session', Array)
#7 /Users/arseniomuanda/Arpetic/GitHub/Meu Ruca/meuruca/app/Controllers/Operations.php(132): App\Controllers\Login->__construct()
#8 /Users/arseniomuanda/Arpetic/GitHub/Meu Ruca/meuruca/vendor/codeigniter4/framework/system/CodeIgniter.php(907): App\Controllers\Operations->__construct()
#9 /Users/arseniomuanda/Arpetic/GitHub/Meu Ruca/meuruca/vendor/codeigniter4/framework/system/CodeIgniter.php(421): CodeIgniter\CodeIgniter->createController()
#10 /Users/arseniomuanda/Arpetic/GitHub/Meu Ruca/meuruca/vendor/codeigniter4/framework/system/CodeIgniter.php(332): CodeIgniter\CodeIgniter->handleRequest(NULL, Object(Config\Cache), false)
#11 /Users/arseniomuanda/Arpetic/GitHub/Meu Ruca/meuruca/public/index.php(44): CodeIgniter\CodeIgniter->run()
#12 /Users/arseniomuanda/Arpetic/GitHub/Meu Ruca/meuruca/vendor/codeigniter4/framework/system/Commands/Server/rewrite.php(45): require_once('/Users/arseniom...')
#13 {main}
CRITICAL - 2023-04-17 10:42:15 --> Uncaught ErrorException: Cannot modify header information - headers already sent by (output started at /Users/arseniomuanda/Arpetic/GitHub/Meu Ruca/meuruca/app/Config/Events.php:35) in /Users/arseniomuanda/Arpetic/GitHub/Meu Ruca/meuruca/vendor/codeigniter4/framework/system/Debug/Exceptions.php:137
Stack trace:
#0 [internal function]: CodeIgniter\Debug\Exceptions->errorHandler(2, 'Cannot modify h...', '/Users/arseniom...', 137, Array)
#1 /Users/arseniomuanda/Arpetic/GitHub/Meu Ruca/meuruca/vendor/codeigniter4/framework/system/Debug/Exceptions.php(137): header('HTTP/1.1 500 In...', true, 500)
#2 [internal function]: CodeIgniter\Debug\Exceptions->exceptionHandler(Object(ErrorException))
#3 {main}
  thrown
#0 [internal function]: CodeIgniter\Debug\Exceptions->shutdownHandler()
#1 {main}
CRITICAL - 2023-04-17 10:56:09 --> ini_set(): Headers already sent. You cannot change the session module's ini settings at this time
#0 [internal function]: CodeIgniter\Debug\Exceptions->errorHandler(2, 'ini_set(): Head...', '/Users/arseniom...', 80, Array)
#1 /Users/arseniomuanda/Arpetic/GitHub/Meu Ruca/meuruca/vendor/codeigniter4/framework/system/Session/Handlers/FileHandler.php(80): ini_set('session.save_pa...', '/Users/arseniom...')
#2 /Users/arseniomuanda/Arpetic/GitHub/Meu Ruca/meuruca/vendor/codeigniter4/framework/system/Config/Services.php(706): CodeIgniter\Session\Handlers\FileHandler->__construct(Object(Config\App), '::1')
#3 /Users/arseniomuanda/Arpetic/GitHub/Meu Ruca/meuruca/vendor/codeigniter4/framework/system/Config/BaseService.php(100): CodeIgniter\Config\Services::session(Object(Config\App), false)
#4 /Users/arseniomuanda/Arpetic/GitHub/Meu Ruca/meuruca/vendor/codeigniter4/framework/system/Config/Services.php(699): CodeIgniter\Config\BaseService::getSharedInstance('session', NULL)
#5 /Users/arseniomuanda/Arpetic/GitHub/Meu Ruca/meuruca/vendor/codeigniter4/framework/system/Config/BaseService.php(171): CodeIgniter\Config\Services::session()
#6 /Users/arseniomuanda/Arpetic/GitHub/Meu Ruca/meuruca/app/Controllers/Login.php(57): CodeIgniter\Config\BaseService::__callStatic('session', Array)
#7 /Users/arseniomuanda/Arpetic/GitHub/Meu Ruca/meuruca/app/Controllers/Operations.php(132): App\Controllers\Login->__construct()
#8 /Users/arseniomuanda/Arpetic/GitHub/Meu Ruca/meuruca/vendor/codeigniter4/framework/system/CodeIgniter.php(907): App\Controllers\Operations->__construct()
#9 /Users/arseniomuanda/Arpetic/GitHub/Meu Ruca/meuruca/vendor/codeigniter4/framework/system/CodeIgniter.php(421): CodeIgniter\CodeIgniter->createController()
#10 /Users/arseniomuanda/Arpetic/GitHub/Meu Ruca/meuruca/vendor/codeigniter4/framework/system/CodeIgniter.php(332): CodeIgniter\CodeIgniter->handleRequest(NULL, Object(Config\Cache), false)
#11 /Users/arseniomuanda/Arpetic/GitHub/Meu Ruca/meuruca/public/index.php(44): CodeIgniter\CodeIgniter->run()
#12 /Users/arseniomuanda/Arpetic/GitHub/Meu Ruca/meuruca/vendor/codeigniter4/framework/system/Commands/Server/rewrite.php(45): require_once('/Users/arseniom...')
#13 {main}
CRITICAL - 2023-04-17 10:56:09 --> Uncaught ErrorException: Cannot modify header information - headers already sent by (output started at /Users/arseniomuanda/Arpetic/GitHub/Meu Ruca/meuruca/app/Config/Events.php:35) in /Users/arseniomuanda/Arpetic/GitHub/Meu Ruca/meuruca/vendor/codeigniter4/framework/system/Debug/Exceptions.php:137
Stack trace:
#0 [internal function]: CodeIgniter\Debug\Exceptions->errorHandler(2, 'Cannot modify h...', '/Users/arseniom...', 137, Array)
#1 /Users/arseniomuanda/Arpetic/GitHub/Meu Ruca/meuruca/vendor/codeigniter4/framework/system/Debug/Exceptions.php(137): header('HTTP/1.1 500 In...', true, 500)
#2 [internal function]: CodeIgniter\Debug\Exceptions->exceptionHandler(Object(ErrorException))
#3 {main}
  thrown
#0 [internal function]: CodeIgniter\Debug\Exceptions->shutdownHandler()
#1 {main}
CRITICAL - 2023-04-17 10:59:25 --> ini_set(): Headers already sent. You cannot change the session module's ini settings at this time
#0 [internal function]: CodeIgniter\Debug\Exceptions->errorHandler(2, 'ini_set(): Head...', '/Users/arseniom...', 80, Array)
#1 /Users/arseniomuanda/Arpetic/GitHub/Meu Ruca/meuruca/vendor/codeigniter4/framework/system/Session/Handlers/FileHandler.php(80): ini_set('session.save_pa...', '/Users/arseniom...')
#2 /Users/arseniomuanda/Arpetic/GitHub/Meu Ruca/meuruca/vendor/codeigniter4/framework/system/Config/Services.php(706): CodeIgniter\Session\Handlers\FileHandler->__construct(Object(Config\App), '::1')
#3 /Users/arseniomuanda/Arpetic/GitHub/Meu Ruca/meuruca/vendor/codeigniter4/framework/system/Config/BaseService.php(100): CodeIgniter\Config\Services::session(Object(Config\App), false)
#4 /Users/arseniomuanda/Arpetic/GitHub/Meu Ruca/meuruca/vendor/codeigniter4/framework/system/Config/Services.php(699): CodeIgniter\Config\BaseService::getSharedInstance('session', NULL)
#5 /Users/arseniomuanda/Arpetic/GitHub/Meu Ruca/meuruca/vendor/codeigniter4/framework/system/Config/BaseService.php(171): CodeIgniter\Config\Services::session()
#6 /Users/arseniomuanda/Arpetic/GitHub/Meu Ruca/meuruca/app/Controllers/Login.php(57): CodeIgniter\Config\BaseService::__callStatic('session', Array)
#7 /Users/arseniomuanda/Arpetic/GitHub/Meu Ruca/meuruca/app/Controllers/Operations.php(132): App\Controllers\Login->__construct()
#8 /Users/arseniomuanda/Arpetic/GitHub/Meu Ruca/meuruca/vendor/codeigniter4/framework/system/CodeIgniter.php(907): App\Controllers\Operations->__construct()
#9 /Users/arseniomuanda/Arpetic/GitHub/Meu Ruca/meuruca/vendor/codeigniter4/framework/system/CodeIgniter.php(421): CodeIgniter\CodeIgniter->createController()
#10 /Users/arseniomuanda/Arpetic/GitHub/Meu Ruca/meuruca/vendor/codeigniter4/framework/system/CodeIgniter.php(332): CodeIgniter\CodeIgniter->handleRequest(NULL, Object(Config\Cache), false)
#11 /Users/arseniomuanda/Arpetic/GitHub/Meu Ruca/meuruca/public/index.php(44): CodeIgniter\CodeIgniter->run()
#12 /Users/arseniomuanda/Arpetic/GitHub/Meu Ruca/meuruca/vendor/codeigniter4/framework/system/Commands/Server/rewrite.php(45): require_once('/Users/arseniom...')
#13 {main}
CRITICAL - 2023-04-17 10:59:25 --> Uncaught ErrorException: Cannot modify header information - headers already sent by (output started at /Users/arseniomuanda/Arpetic/GitHub/Meu Ruca/meuruca/app/Config/Events.php:35) in /Users/arseniomuanda/Arpetic/GitHub/Meu Ruca/meuruca/vendor/codeigniter4/framework/system/Debug/Exceptions.php:137
Stack trace:
#0 [internal function]: CodeIgniter\Debug\Exceptions->errorHandler(2, 'Cannot modify h...', '/Users/arseniom...', 137, Array)
#1 /Users/arseniomuanda/Arpetic/GitHub/Meu Ruca/meuruca/vendor/codeigniter4/framework/system/Debug/Exceptions.php(137): header('HTTP/1.1 500 In...', true, 500)
#2 [internal function]: CodeIgniter\Debug\Exceptions->exceptionHandler(Object(ErrorException))
#3 {main}
  thrown
#0 [internal function]: CodeIgniter\Debug\Exceptions->shutdownHandler()
#1 {main}
CRITICAL - 2023-04-17 11:00:59 --> ini_set(): Headers already sent. You cannot change the session module's ini settings at this time
#0 [internal function]: CodeIgniter\Debug\Exceptions->errorHandler(2, 'ini_set(): Head...', '/Users/arseniom...', 80, Array)
#1 /Users/arseniomuanda/Arpetic/GitHub/Meu Ruca/meuruca/vendor/codeigniter4/framework/system/Session/Handlers/FileHandler.php(80): ini_set('session.save_pa...', '/Users/arseniom...')
#2 /Users/arseniomuanda/Arpetic/GitHub/Meu Ruca/meuruca/vendor/codeigniter4/framework/system/Config/Services.php(706): CodeIgniter\Session\Handlers\FileHandler->__construct(Object(Config\App), '::1')
#3 /Users/arseniomuanda/Arpetic/GitHub/Meu Ruca/meuruca/vendor/codeigniter4/framework/system/Config/BaseService.php(100): CodeIgniter\Config\Services::session(Object(Config\App), false)
#4 /Users/arseniomuanda/Arpetic/GitHub/Meu Ruca/meuruca/vendor/codeigniter4/framework/system/Config/Services.php(699): CodeIgniter\Config\BaseService::getSharedInstance('session', NULL)
#5 /Users/arseniomuanda/Arpetic/GitHub/Meu Ruca/meuruca/vendor/codeigniter4/framework/system/Config/BaseService.php(171): CodeIgniter\Config\Services::session()
#6 /Users/arseniomuanda/Arpetic/GitHub/Meu Ruca/meuruca/app/Controllers/Login.php(57): CodeIgniter\Config\BaseService::__callStatic('session', Array)
#7 /Users/arseniomuanda/Arpetic/GitHub/Meu Ruca/meuruca/app/Controllers/Operations.php(132): App\Controllers\Login->__construct()
#8 /Users/arseniomuanda/Arpetic/GitHub/Meu Ruca/meuruca/vendor/codeigniter4/framework/system/CodeIgniter.php(907): App\Controllers\Operations->__construct()
#9 /Users/arseniomuanda/Arpetic/GitHub/Meu Ruca/meuruca/vendor/codeigniter4/framework/system/CodeIgniter.php(421): CodeIgniter\CodeIgniter->createController()
#10 /Users/arseniomuanda/Arpetic/GitHub/Meu Ruca/meuruca/vendor/codeigniter4/framework/system/CodeIgniter.php(332): CodeIgniter\CodeIgniter->handleRequest(NULL, Object(Config\Cache), false)
#11 /Users/arseniomuanda/Arpetic/GitHub/Meu Ruca/meuruca/public/index.php(44): CodeIgniter\CodeIgniter->run()
#12 /Users/arseniomuanda/Arpetic/GitHub/Meu Ruca/meuruca/vendor/codeigniter4/framework/system/Commands/Server/rewrite.php(45): require_once('/Users/arseniom...')
#13 {main}
CRITICAL - 2023-04-17 11:00:59 --> Uncaught ErrorException: Cannot modify header information - headers already sent by (output started at /Users/arseniomuanda/Arpetic/GitHub/Meu Ruca/meuruca/app/Config/Events.php:35) in /Users/arseniomuanda/Arpetic/GitHub/Meu Ruca/meuruca/vendor/codeigniter4/framework/system/Debug/Exceptions.php:137
Stack trace:
#0 [internal function]: CodeIgniter\Debug\Exceptions->errorHandler(2, 'Cannot modify h...', '/Users/arseniom...', 137, Array)
#1 /Users/arseniomuanda/Arpetic/GitHub/Meu Ruca/meuruca/vendor/codeigniter4/framework/system/Debug/Exceptions.php(137): header('HTTP/1.1 500 In...', true, 500)
#2 [internal function]: CodeIgniter\Debug\Exceptions->exceptionHandler(Object(ErrorException))
#3 {main}
  thrown
#0 [internal function]: CodeIgniter\Debug\Exceptions->shutdownHandler()
#1 {main}
CRITICAL - 2023-04-17 11:03:54 --> ini_set(): Headers already sent. You cannot change the session module's ini settings at this time
#0 [internal function]: CodeIgniter\Debug\Exceptions->errorHandler(2, 'ini_set(): Head...', '/Users/arseniom...', 80, Array)
#1 /Users/arseniomuanda/Arpetic/GitHub/Meu Ruca/meuruca/vendor/codeigniter4/framework/system/Session/Handlers/FileHandler.php(80): ini_set('session.save_pa...', '/Users/arseniom...')
#2 /Users/arseniomuanda/Arpetic/GitHub/Meu Ruca/meuruca/vendor/codeigniter4/framework/system/Config/Services.php(706): CodeIgniter\Session\Handlers\FileHandler->__construct(Object(Config\App), '::1')
#3 /Users/arseniomuanda/Arpetic/GitHub/Meu Ruca/meuruca/vendor/codeigniter4/framework/system/Config/BaseService.php(100): CodeIgniter\Config\Services::session(Object(Config\App), false)
#4 /Users/arseniomuanda/Arpetic/GitHub/Meu Ruca/meuruca/vendor/codeigniter4/framework/system/Config/Services.php(699): CodeIgniter\Config\BaseService::getSharedInstance('session', NULL)
#5 /Users/arseniomuanda/Arpetic/GitHub/Meu Ruca/meuruca/vendor/codeigniter4/framework/system/Config/BaseService.php(171): CodeIgniter\Config\Services::session()
#6 /Users/arseniomuanda/Arpetic/GitHub/Meu Ruca/meuruca/app/Controllers/Login.php(57): CodeIgniter\Config\BaseService::__callStatic('session', Array)
#7 /Users/arseniomuanda/Arpetic/GitHub/Meu Ruca/meuruca/app/Controllers/Operations.php(132): App\Controllers\Login->__construct()
#8 /Users/arseniomuanda/Arpetic/GitHub/Meu Ruca/meuruca/vendor/codeigniter4/framework/system/CodeIgniter.php(907): App\Controllers\Operations->__construct()
#9 /Users/arseniomuanda/Arpetic/GitHub/Meu Ruca/meuruca/vendor/codeigniter4/framework/system/CodeIgniter.php(421): CodeIgniter\CodeIgniter->createController()
#10 /Users/arseniomuanda/Arpetic/GitHub/Meu Ruca/meuruca/vendor/codeigniter4/framework/system/CodeIgniter.php(332): CodeIgniter\CodeIgniter->handleRequest(NULL, Object(Config\Cache), false)
#11 /Users/arseniomuanda/Arpetic/GitHub/Meu Ruca/meuruca/public/index.php(44): CodeIgniter\CodeIgniter->run()
#12 /Users/arseniomuanda/Arpetic/GitHub/Meu Ruca/meuruca/vendor/codeigniter4/framework/system/Commands/Server/rewrite.php(45): require_once('/Users/arseniom...')
#13 {main}
CRITICAL - 2023-04-17 11:03:54 --> Uncaught ErrorException: Cannot modify header information - headers already sent by (output started at /Users/arseniomuanda/Arpetic/GitHub/Meu Ruca/meuruca/app/Config/Events.php:35) in /Users/arseniomuanda/Arpetic/GitHub/Meu Ruca/meuruca/vendor/codeigniter4/framework/system/Debug/Exceptions.php:137
Stack trace:
#0 [internal function]: CodeIgniter\Debug\Exceptions->errorHandler(2, 'Cannot modify h...', '/Users/arseniom...', 137, Array)
#1 /Users/arseniomuanda/Arpetic/GitHub/Meu Ruca/meuruca/vendor/codeigniter4/framework/system/Debug/Exceptions.php(137): header('HTTP/1.1 500 In...', true, 500)
#2 [internal function]: CodeIgniter\Debug\Exceptions->exceptionHandler(Object(ErrorException))
#3 {main}
  thrown
#0 [internal function]: CodeIgniter\Debug\Exceptions->shutdownHandler()
#1 {main}
CRITICAL - 2023-04-17 15:42:33 --> ini_set(): Headers already sent. You cannot change the session module's ini settings at this time
#0 [internal function]: CodeIgniter\Debug\Exceptions->errorHandler(2, 'ini_set(): Head...', '/Users/arseniom...', 80, Array)
#1 /Users/arseniomuanda/Arpetic/GitHub/Meu Ruca/meuruca/vendor/codeigniter4/framework/system/Session/Handlers/FileHandler.php(80): ini_set('session.save_pa...', '/Users/arseniom...')
#2 /Users/arseniomuanda/Arpetic/GitHub/Meu Ruca/meuruca/vendor/codeigniter4/framework/system/Config/Services.php(706): CodeIgniter\Session\Handlers\FileHandler->__construct(Object(Config\App), '::1')
#3 /Users/arseniomuanda/Arpetic/GitHub/Meu Ruca/meuruca/vendor/codeigniter4/framework/system/Config/BaseService.php(100): CodeIgniter\Config\Services::session(Object(Config\App), false)
#4 /Users/arseniomuanda/Arpetic/GitHub/Meu Ruca/meuruca/vendor/codeigniter4/framework/system/Config/Services.php(699): CodeIgniter\Config\BaseService::getSharedInstance('session', NULL)
#5 /Users/arseniomuanda/Arpetic/GitHub/Meu Ruca/meuruca/vendor/codeigniter4/framework/system/Config/BaseService.php(171): CodeIgniter\Config\Services::session()
#6 /Users/arseniomuanda/Arpetic/GitHub/Meu Ruca/meuruca/app/Controllers/Login.php(57): CodeIgniter\Config\BaseService::__callStatic('session', Array)
#7 /Users/arseniomuanda/Arpetic/GitHub/Meu Ruca/meuruca/app/Controllers/Operations.php(132): App\Controllers\Login->__construct()
#8 /Users/arseniomuanda/Arpetic/GitHub/Meu Ruca/meuruca/vendor/codeigniter4/framework/system/CodeIgniter.php(907): App\Controllers\Operations->__construct()
#9 /Users/arseniomuanda/Arpetic/GitHub/Meu Ruca/meuruca/vendor/codeigniter4/framework/system/CodeIgniter.php(421): CodeIgniter\CodeIgniter->createController()
#10 /Users/arseniomuanda/Arpetic/GitHub/Meu Ruca/meuruca/vendor/codeigniter4/framework/system/CodeIgniter.php(332): CodeIgniter\CodeIgniter->handleRequest(NULL, Object(Config\Cache), false)
#11 /Users/arseniomuanda/Arpetic/GitHub/Meu Ruca/meuruca/public/index.php(44): CodeIgniter\CodeIgniter->run()
#12 /Users/arseniomuanda/Arpetic/GitHub/Meu Ruca/meuruca/vendor/codeigniter4/framework/system/Commands/Server/rewrite.php(45): require_once('/Users/arseniom...')
#13 {main}
CRITICAL - 2023-04-17 15:42:33 --> Uncaught ErrorException: Cannot modify header information - headers already sent by (output started at /Users/arseniomuanda/Arpetic/GitHub/Meu Ruca/meuruca/app/Config/Events.php:35) in /Users/arseniomuanda/Arpetic/GitHub/Meu Ruca/meuruca/vendor/codeigniter4/framework/system/Debug/Exceptions.php:137
Stack trace:
#0 [internal function]: CodeIgniter\Debug\Exceptions->errorHandler(2, 'Cannot modify h...', '/Users/arseniom...', 137, Array)
#1 /Users/arseniomuanda/Arpetic/GitHub/Meu Ruca/meuruca/vendor/codeigniter4/framework/system/Debug/Exceptions.php(137): header('HTTP/1.1 500 In...', true, 500)
#2 [internal function]: CodeIgniter\Debug\Exceptions->exceptionHandler(Object(ErrorException))
#3 {main}
  thrown
#0 [internal function]: CodeIgniter\Debug\Exceptions->shutdownHandler()
#1 {main}
