CRITICAL - 2022-05-22 17:02:39 --> Call to a member function paginate() on bool
#0 C:\WORKPLACE\meuruca\vendor\codeigniter4\framework\system\CodeIgniter.php(935): App\Controllers\Operations->index()
#1 C:\WORKPLACE\meuruca\vendor\codeigniter4\framework\system\CodeIgniter.php(431): CodeIgniter\CodeIgniter->runController(Object(App\Controllers\Operations))
#2 C:\WORKPLACE\meuruca\vendor\codeigniter4\framework\system\CodeIgniter.php(332): CodeIgniter\CodeIgniter->handleRequest(NULL, Object(Config\Cache), false)
#3 C:\WORKPLACE\meuruca\public\index.php(44): CodeIgniter\CodeIgniter->run()
#4 C:\WORKPLACE\meuruca\vendor\codeigniter4\framework\system\Commands\Server\rewrite.php(45): require_once('C:\\WORKPLACE\\me...')
#5 {main}
CRITICAL - 2022-05-22 17:04:33 --> Call to a member function paginate() on bool
#0 C:\WORKPLACE\meuruca\vendor\codeigniter4\framework\system\CodeIgniter.php(935): App\Controllers\Operations->index()
#1 C:\WORKPLACE\meuruca\vendor\codeigniter4\framework\system\CodeIgniter.php(431): CodeIgniter\CodeIgniter->runController(Object(App\Controllers\Operations))
#2 C:\WORKPLACE\meuruca\vendor\codeigniter4\framework\system\CodeIgniter.php(332): CodeIgniter\CodeIgniter->handleRequest(NULL, Object(Config\Cache), false)
#3 C:\WORKPLACE\meuruca\public\index.php(44): CodeIgniter\CodeIgniter->run()
#4 C:\WORKPLACE\meuruca\vendor\codeigniter4\framework\system\Commands\Server\rewrite.php(45): require_once('C:\\WORKPLACE\\me...')
#5 {main}
CRITICAL - 2022-05-22 17:08:51 --> Call to a member function paginate() on bool
#0 C:\WORKPLACE\meuruca\vendor\codeigniter4\framework\system\CodeIgniter.php(935): App\Controllers\Operations->index()
#1 C:\WORKPLACE\meuruca\vendor\codeigniter4\framework\system\CodeIgniter.php(431): CodeIgniter\CodeIgniter->runController(Object(App\Controllers\Operations))
#2 C:\WORKPLACE\meuruca\vendor\codeigniter4\framework\system\CodeIgniter.php(332): CodeIgniter\CodeIgniter->handleRequest(NULL, Object(Config\Cache), false)
#3 C:\WORKPLACE\meuruca\public\index.php(44): CodeIgniter\CodeIgniter->run()
#4 C:\WORKPLACE\meuruca\vendor\codeigniter4\framework\system\Commands\Server\rewrite.php(45): require_once('C:\\WORKPLACE\\me...')
#5 {main}
ERROR - 2022-05-22 17:09:14 --> mysqli_sql_exception: Table 'meuruca.prestadors' doesn't exist in C:\WORKPLACE\meuruca\vendor\codeigniter4\framework\system\Database\MySQLi\Connection.php:314
Stack trace:
#0 C:\WORKPLACE\meuruca\vendor\codeigniter4\framework\system\Database\MySQLi\Connection.php(314): mysqli->query('SELECT COUNT(*)...')
#1 C:\WORKPLACE\meuruca\vendor\codeigniter4\framework\system\Database\BaseConnection.php(715): CodeIgniter\Database\MySQLi\Connection->execute('SELECT COUNT(*)...')
#2 C:\WORKPLACE\meuruca\vendor\codeigniter4\framework\system\Database\BaseConnection.php(643): CodeIgniter\Database\BaseConnection->simpleQuery('SELECT COUNT(*)...')
#3 C:\WORKPLACE\meuruca\vendor\codeigniter4\framework\system\Database\BaseBuilder.php(1966): CodeIgniter\Database\BaseConnection->query('SELECT COUNT(*)...', Array, false)
#4 C:\WORKPLACE\meuruca\vendor\codeigniter4\framework\system\Model.php(570): CodeIgniter\Database\BaseBuilder->countAllResults(false)
#5 C:\WORKPLACE\meuruca\vendor\codeigniter4\framework\system\BaseModel.php(1140): CodeIgniter\Model->countAllResults(false)
#6 C:\WORKPLACE\meuruca\app\Controllers\Operations.php(115): CodeIgniter\BaseModel->paginate()
#7 C:\WORKPLACE\meuruca\vendor\codeigniter4\framework\system\CodeIgniter.php(935): App\Controllers\Operations->index()
#8 C:\WORKPLACE\meuruca\vendor\codeigniter4\framework\system\CodeIgniter.php(431): CodeIgniter\CodeIgniter->runController(Object(App\Controllers\Operations))
#9 C:\WORKPLACE\meuruca\vendor\codeigniter4\framework\system\CodeIgniter.php(332): CodeIgniter\CodeIgniter->handleRequest(NULL, Object(Config\Cache), false)
#10 C:\WORKPLACE\meuruca\public\index.php(44): CodeIgniter\CodeIgniter->run()
#11 C:\WORKPLACE\meuruca\vendor\codeigniter4\framework\system\Commands\Server\rewrite.php(45): require_once('C:\\WORKPLACE\\me...')
#12 {main}
CRITICAL - 2022-05-22 17:09:14 --> Table 'meuruca.prestadors' doesn't exist
#0 C:\WORKPLACE\meuruca\vendor\codeigniter4\framework\system\Database\MySQLi\Connection.php(314): mysqli->query('SELECT COUNT(*)...')
#1 C:\WORKPLACE\meuruca\vendor\codeigniter4\framework\system\Database\BaseConnection.php(715): CodeIgniter\Database\MySQLi\Connection->execute('SELECT COUNT(*)...')
#2 C:\WORKPLACE\meuruca\vendor\codeigniter4\framework\system\Database\BaseConnection.php(643): CodeIgniter\Database\BaseConnection->simpleQuery('SELECT COUNT(*)...')
#3 C:\WORKPLACE\meuruca\vendor\codeigniter4\framework\system\Database\BaseBuilder.php(1966): CodeIgniter\Database\BaseConnection->query('SELECT COUNT(*)...', Array, false)
#4 C:\WORKPLACE\meuruca\vendor\codeigniter4\framework\system\Model.php(570): CodeIgniter\Database\BaseBuilder->countAllResults(false)
#5 C:\WORKPLACE\meuruca\vendor\codeigniter4\framework\system\BaseModel.php(1140): CodeIgniter\Model->countAllResults(false)
#6 C:\WORKPLACE\meuruca\app\Controllers\Operations.php(115): CodeIgniter\BaseModel->paginate()
#7 C:\WORKPLACE\meuruca\vendor\codeigniter4\framework\system\CodeIgniter.php(935): App\Controllers\Operations->index()
#8 C:\WORKPLACE\meuruca\vendor\codeigniter4\framework\system\CodeIgniter.php(431): CodeIgniter\CodeIgniter->runController(Object(App\Controllers\Operations))
#9 C:\WORKPLACE\meuruca\vendor\codeigniter4\framework\system\CodeIgniter.php(332): CodeIgniter\CodeIgniter->handleRequest(NULL, Object(Config\Cache), false)
#10 C:\WORKPLACE\meuruca\public\index.php(44): CodeIgniter\CodeIgniter->run()
#11 C:\WORKPLACE\meuruca\vendor\codeigniter4\framework\system\Commands\Server\rewrite.php(45): require_once('C:\\WORKPLACE\\me...')
#12 {main}
