CRITICAL - 2023-02-06 00:23:01 --> syntax error, unexpected token "if", expecting "," or ";"
#0 /Users/arseniomuanda/Arpetic/GitHub/Meu Ruca/meuruca/vendor/codeigniter4/framework/system/Router/Router.php(170): CodeIgniter\Router\Router->autoRoute('admin/newprodut...')
#1 /Users/arseniomuanda/Arpetic/GitHub/Meu Ruca/meuruca/vendor/codeigniter4/framework/system/CodeIgniter.php(815): CodeIgniter\Router\Router->handle('admin/newprodut...')
#2 /Users/arseniomuanda/Arpetic/GitHub/Meu Ruca/meuruca/vendor/codeigniter4/framework/system/CodeIgniter.php(384): CodeIgniter\CodeIgniter->tryToRouteIt(Object(CodeIgniter\Router\RouteCollection))
#3 /Users/arseniomuanda/Arpetic/GitHub/Meu Ruca/meuruca/vendor/codeigniter4/framework/system/CodeIgniter.php(332): CodeIgniter\CodeIgniter->handleRequest(NULL, Object(Config\Cache), false)
#4 /Users/arseniomuanda/Arpetic/GitHub/Meu Ruca/meuruca/public/index.php(44): CodeIgniter\CodeIgniter->run()
#5 /Users/arseniomuanda/Arpetic/GitHub/Meu Ruca/meuruca/vendor/codeigniter4/framework/system/Commands/Server/rewrite.php(45): require_once('/Users/arseniom...')
#6 {main}
CRITICAL - 2023-02-06 00:33:01 --> Cannot modify header information - headers already sent by (output started at /Users/arseniomuanda/Arpetic/GitHub/Meu Ruca/meuruca/app/Config/Events.php:35)
#0 [internal function]: CodeIgniter\Debug\Exceptions->errorHandler(2, 'Cannot modify h...', '/Users/arseniom...', 34)
#1 /Users/arseniomuanda/Arpetic/GitHub/Meu Ruca/meuruca/app/Controllers/Admin.php(34): header('Access-Control-...')
#2 /Users/arseniomuanda/Arpetic/GitHub/Meu Ruca/meuruca/vendor/codeigniter4/framework/system/CodeIgniter.php(907): App\Controllers\Admin->__construct()
#3 /Users/arseniomuanda/Arpetic/GitHub/Meu Ruca/meuruca/vendor/codeigniter4/framework/system/CodeIgniter.php(421): CodeIgniter\CodeIgniter->createController()
#4 /Users/arseniomuanda/Arpetic/GitHub/Meu Ruca/meuruca/vendor/codeigniter4/framework/system/CodeIgniter.php(332): CodeIgniter\CodeIgniter->handleRequest(NULL, Object(Config\Cache), false)
#5 /Users/arseniomuanda/Arpetic/GitHub/Meu Ruca/meuruca/public/index.php(44): CodeIgniter\CodeIgniter->run()
#6 /Users/arseniomuanda/Arpetic/GitHub/Meu Ruca/meuruca/vendor/codeigniter4/framework/system/Commands/Server/rewrite.php(45): require_once('/Users/arseniom...')
#7 {main}
CRITICAL - 2023-02-06 00:33:01 --> Uncaught ErrorException: Cannot modify header information - headers already sent by (output started at /Users/arseniomuanda/Arpetic/GitHub/Meu Ruca/meuruca/app/Config/Events.php:35) in /Users/arseniomuanda/Arpetic/GitHub/Meu Ruca/meuruca/vendor/codeigniter4/framework/system/Debug/Exceptions.php:137
Stack trace:
#0 [internal function]: CodeIgniter\Debug\Exceptions->errorHandler(2, 'Cannot modify h...', '/Users/arseniom...', 137)
#1 /Users/arseniomuanda/Arpetic/GitHub/Meu Ruca/meuruca/vendor/codeigniter4/framework/system/Debug/Exceptions.php(137): header('HTTP/1.1 500 In...', true, 500)
#2 [internal function]: CodeIgniter\Debug\Exceptions->exceptionHandler(Object(ErrorException))
#3 {main}
  thrown
#0 [internal function]: CodeIgniter\Debug\Exceptions->shutdownHandler()
#1 {main}
CRITICAL - 2023-02-06 00:33:55 --> Cannot modify header information - headers already sent by (output started at /Users/arseniomuanda/Arpetic/GitHub/Meu Ruca/meuruca/app/Config/Events.php:35)
#0 [internal function]: CodeIgniter\Debug\Exceptions->errorHandler(2, 'Cannot modify h...', '/Users/arseniom...', 34)
#1 /Users/arseniomuanda/Arpetic/GitHub/Meu Ruca/meuruca/app/Controllers/Admin.php(34): header('Access-Control-...')
#2 /Users/arseniomuanda/Arpetic/GitHub/Meu Ruca/meuruca/vendor/codeigniter4/framework/system/CodeIgniter.php(907): App\Controllers\Admin->__construct()
#3 /Users/arseniomuanda/Arpetic/GitHub/Meu Ruca/meuruca/vendor/codeigniter4/framework/system/CodeIgniter.php(421): CodeIgniter\CodeIgniter->createController()
#4 /Users/arseniomuanda/Arpetic/GitHub/Meu Ruca/meuruca/vendor/codeigniter4/framework/system/CodeIgniter.php(332): CodeIgniter\CodeIgniter->handleRequest(NULL, Object(Config\Cache), false)
#5 /Users/arseniomuanda/Arpetic/GitHub/Meu Ruca/meuruca/public/index.php(44): CodeIgniter\CodeIgniter->run()
#6 /Users/arseniomuanda/Arpetic/GitHub/Meu Ruca/meuruca/vendor/codeigniter4/framework/system/Commands/Server/rewrite.php(45): require_once('/Users/arseniom...')
#7 {main}
CRITICAL - 2023-02-06 00:33:55 --> Uncaught ErrorException: Cannot modify header information - headers already sent by (output started at /Users/arseniomuanda/Arpetic/GitHub/Meu Ruca/meuruca/app/Config/Events.php:35) in /Users/arseniomuanda/Arpetic/GitHub/Meu Ruca/meuruca/vendor/codeigniter4/framework/system/Debug/Exceptions.php:137
Stack trace:
#0 [internal function]: CodeIgniter\Debug\Exceptions->errorHandler(2, 'Cannot modify h...', '/Users/arseniom...', 137)
#1 /Users/arseniomuanda/Arpetic/GitHub/Meu Ruca/meuruca/vendor/codeigniter4/framework/system/Debug/Exceptions.php(137): header('HTTP/1.1 500 In...', true, 500)
#2 [internal function]: CodeIgniter\Debug\Exceptions->exceptionHandler(Object(ErrorException))
#3 {main}
  thrown
#0 [internal function]: CodeIgniter\Debug\Exceptions->shutdownHandler()
#1 {main}
CRITICAL - 2023-02-06 00:33:56 --> Cannot modify header information - headers already sent by (output started at /Users/arseniomuanda/Arpetic/GitHub/Meu Ruca/meuruca/app/Config/Events.php:35)
#0 [internal function]: CodeIgniter\Debug\Exceptions->errorHandler(2, 'Cannot modify h...', '/Users/arseniom...', 34)
#1 /Users/arseniomuanda/Arpetic/GitHub/Meu Ruca/meuruca/app/Controllers/Admin.php(34): header('Access-Control-...')
#2 /Users/arseniomuanda/Arpetic/GitHub/Meu Ruca/meuruca/vendor/codeigniter4/framework/system/CodeIgniter.php(907): App\Controllers\Admin->__construct()
#3 /Users/arseniomuanda/Arpetic/GitHub/Meu Ruca/meuruca/vendor/codeigniter4/framework/system/CodeIgniter.php(421): CodeIgniter\CodeIgniter->createController()
#4 /Users/arseniomuanda/Arpetic/GitHub/Meu Ruca/meuruca/vendor/codeigniter4/framework/system/CodeIgniter.php(332): CodeIgniter\CodeIgniter->handleRequest(NULL, Object(Config\Cache), false)
#5 /Users/arseniomuanda/Arpetic/GitHub/Meu Ruca/meuruca/public/index.php(44): CodeIgniter\CodeIgniter->run()
#6 /Users/arseniomuanda/Arpetic/GitHub/Meu Ruca/meuruca/vendor/codeigniter4/framework/system/Commands/Server/rewrite.php(45): require_once('/Users/arseniom...')
#7 {main}
CRITICAL - 2023-02-06 00:33:56 --> Uncaught ErrorException: Cannot modify header information - headers already sent by (output started at /Users/arseniomuanda/Arpetic/GitHub/Meu Ruca/meuruca/app/Config/Events.php:35) in /Users/arseniomuanda/Arpetic/GitHub/Meu Ruca/meuruca/vendor/codeigniter4/framework/system/Debug/Exceptions.php:137
Stack trace:
#0 [internal function]: CodeIgniter\Debug\Exceptions->errorHandler(2, 'Cannot modify h...', '/Users/arseniom...', 137)
#1 /Users/arseniomuanda/Arpetic/GitHub/Meu Ruca/meuruca/vendor/codeigniter4/framework/system/Debug/Exceptions.php(137): header('HTTP/1.1 500 In...', true, 500)
#2 [internal function]: CodeIgniter\Debug\Exceptions->exceptionHandler(Object(ErrorException))
#3 {main}
  thrown
#0 [internal function]: CodeIgniter\Debug\Exceptions->shutdownHandler()
#1 {main}
CRITICAL - 2023-02-06 00:36:13 --> Cannot modify header information - headers already sent by (output started at /Users/arseniomuanda/Arpetic/GitHub/Meu Ruca/meuruca/app/Config/Events.php:35)
#0 [internal function]: CodeIgniter\Debug\Exceptions->errorHandler(2, 'Cannot modify h...', '/Users/arseniom...', 34)
#1 /Users/arseniomuanda/Arpetic/GitHub/Meu Ruca/meuruca/app/Controllers/Admin.php(34): header('Access-Control-...')
#2 /Users/arseniomuanda/Arpetic/GitHub/Meu Ruca/meuruca/vendor/codeigniter4/framework/system/CodeIgniter.php(907): App\Controllers\Admin->__construct()
#3 /Users/arseniomuanda/Arpetic/GitHub/Meu Ruca/meuruca/vendor/codeigniter4/framework/system/CodeIgniter.php(421): CodeIgniter\CodeIgniter->createController()
#4 /Users/arseniomuanda/Arpetic/GitHub/Meu Ruca/meuruca/vendor/codeigniter4/framework/system/CodeIgniter.php(332): CodeIgniter\CodeIgniter->handleRequest(NULL, Object(Config\Cache), false)
#5 /Users/arseniomuanda/Arpetic/GitHub/Meu Ruca/meuruca/public/index.php(44): CodeIgniter\CodeIgniter->run()
#6 /Users/arseniomuanda/Arpetic/GitHub/Meu Ruca/meuruca/vendor/codeigniter4/framework/system/Commands/Server/rewrite.php(45): require_once('/Users/arseniom...')
#7 {main}
CRITICAL - 2023-02-06 00:36:13 --> Uncaught ErrorException: Cannot modify header information - headers already sent by (output started at /Users/arseniomuanda/Arpetic/GitHub/Meu Ruca/meuruca/app/Config/Events.php:35) in /Users/arseniomuanda/Arpetic/GitHub/Meu Ruca/meuruca/vendor/codeigniter4/framework/system/Debug/Exceptions.php:137
Stack trace:
#0 [internal function]: CodeIgniter\Debug\Exceptions->errorHandler(2, 'Cannot modify h...', '/Users/arseniom...', 137)
#1 /Users/arseniomuanda/Arpetic/GitHub/Meu Ruca/meuruca/vendor/codeigniter4/framework/system/Debug/Exceptions.php(137): header('HTTP/1.1 500 In...', true, 500)
#2 [internal function]: CodeIgniter\Debug\Exceptions->exceptionHandler(Object(ErrorException))
#3 {main}
  thrown
#0 [internal function]: CodeIgniter\Debug\Exceptions->shutdownHandler()
#1 {main}
CRITICAL - 2023-02-06 00:37:08 --> Cannot modify header information - headers already sent by (output started at /Users/arseniomuanda/Arpetic/GitHub/Meu Ruca/meuruca/app/Config/Events.php:35)
#0 [internal function]: CodeIgniter\Debug\Exceptions->errorHandler(2, 'Cannot modify h...', '/Users/arseniom...', 34)
#1 /Users/arseniomuanda/Arpetic/GitHub/Meu Ruca/meuruca/app/Controllers/Admin.php(34): header('Access-Control-...')
#2 /Users/arseniomuanda/Arpetic/GitHub/Meu Ruca/meuruca/vendor/codeigniter4/framework/system/CodeIgniter.php(907): App\Controllers\Admin->__construct()
#3 /Users/arseniomuanda/Arpetic/GitHub/Meu Ruca/meuruca/vendor/codeigniter4/framework/system/CodeIgniter.php(421): CodeIgniter\CodeIgniter->createController()
#4 /Users/arseniomuanda/Arpetic/GitHub/Meu Ruca/meuruca/vendor/codeigniter4/framework/system/CodeIgniter.php(332): CodeIgniter\CodeIgniter->handleRequest(NULL, Object(Config\Cache), false)
#5 /Users/arseniomuanda/Arpetic/GitHub/Meu Ruca/meuruca/public/index.php(44): CodeIgniter\CodeIgniter->run()
#6 /Users/arseniomuanda/Arpetic/GitHub/Meu Ruca/meuruca/vendor/codeigniter4/framework/system/Commands/Server/rewrite.php(45): require_once('/Users/arseniom...')
#7 {main}
CRITICAL - 2023-02-06 00:37:08 --> Uncaught ErrorException: Cannot modify header information - headers already sent by (output started at /Users/arseniomuanda/Arpetic/GitHub/Meu Ruca/meuruca/app/Config/Events.php:35) in /Users/arseniomuanda/Arpetic/GitHub/Meu Ruca/meuruca/vendor/codeigniter4/framework/system/Debug/Exceptions.php:137
Stack trace:
#0 [internal function]: CodeIgniter\Debug\Exceptions->errorHandler(2, 'Cannot modify h...', '/Users/arseniom...', 137)
#1 /Users/arseniomuanda/Arpetic/GitHub/Meu Ruca/meuruca/vendor/codeigniter4/framework/system/Debug/Exceptions.php(137): header('HTTP/1.1 500 In...', true, 500)
#2 [internal function]: CodeIgniter\Debug\Exceptions->exceptionHandler(Object(ErrorException))
#3 {main}
  thrown
#0 [internal function]: CodeIgniter\Debug\Exceptions->shutdownHandler()
#1 {main}
CRITICAL - 2023-02-06 00:37:09 --> Cannot modify header information - headers already sent by (output started at /Users/arseniomuanda/Arpetic/GitHub/Meu Ruca/meuruca/app/Config/Events.php:35)
#0 [internal function]: CodeIgniter\Debug\Exceptions->errorHandler(2, 'Cannot modify h...', '/Users/arseniom...', 34)
#1 /Users/arseniomuanda/Arpetic/GitHub/Meu Ruca/meuruca/app/Controllers/Admin.php(34): header('Access-Control-...')
#2 /Users/arseniomuanda/Arpetic/GitHub/Meu Ruca/meuruca/vendor/codeigniter4/framework/system/CodeIgniter.php(907): App\Controllers\Admin->__construct()
#3 /Users/arseniomuanda/Arpetic/GitHub/Meu Ruca/meuruca/vendor/codeigniter4/framework/system/CodeIgniter.php(421): CodeIgniter\CodeIgniter->createController()
#4 /Users/arseniomuanda/Arpetic/GitHub/Meu Ruca/meuruca/vendor/codeigniter4/framework/system/CodeIgniter.php(332): CodeIgniter\CodeIgniter->handleRequest(NULL, Object(Config\Cache), false)
#5 /Users/arseniomuanda/Arpetic/GitHub/Meu Ruca/meuruca/public/index.php(44): CodeIgniter\CodeIgniter->run()
#6 /Users/arseniomuanda/Arpetic/GitHub/Meu Ruca/meuruca/vendor/codeigniter4/framework/system/Commands/Server/rewrite.php(45): require_once('/Users/arseniom...')
#7 {main}
CRITICAL - 2023-02-06 00:37:09 --> Uncaught ErrorException: Cannot modify header information - headers already sent by (output started at /Users/arseniomuanda/Arpetic/GitHub/Meu Ruca/meuruca/app/Config/Events.php:35) in /Users/arseniomuanda/Arpetic/GitHub/Meu Ruca/meuruca/vendor/codeigniter4/framework/system/Debug/Exceptions.php:137
Stack trace:
#0 [internal function]: CodeIgniter\Debug\Exceptions->errorHandler(2, 'Cannot modify h...', '/Users/arseniom...', 137)
#1 /Users/arseniomuanda/Arpetic/GitHub/Meu Ruca/meuruca/vendor/codeigniter4/framework/system/Debug/Exceptions.php(137): header('HTTP/1.1 500 In...', true, 500)
#2 [internal function]: CodeIgniter\Debug\Exceptions->exceptionHandler(Object(ErrorException))
#3 {main}
  thrown
#0 [internal function]: CodeIgniter\Debug\Exceptions->shutdownHandler()
#1 {main}
CRITICAL - 2023-02-06 00:37:13 --> Cannot modify header information - headers already sent by (output started at /Users/arseniomuanda/Arpetic/GitHub/Meu Ruca/meuruca/app/Config/Events.php:35)
#0 [internal function]: CodeIgniter\Debug\Exceptions->errorHandler(2, 'Cannot modify h...', '/Users/arseniom...', 34)
#1 /Users/arseniomuanda/Arpetic/GitHub/Meu Ruca/meuruca/app/Controllers/Admin.php(34): header('Access-Control-...')
#2 /Users/arseniomuanda/Arpetic/GitHub/Meu Ruca/meuruca/vendor/codeigniter4/framework/system/CodeIgniter.php(907): App\Controllers\Admin->__construct()
#3 /Users/arseniomuanda/Arpetic/GitHub/Meu Ruca/meuruca/vendor/codeigniter4/framework/system/CodeIgniter.php(421): CodeIgniter\CodeIgniter->createController()
#4 /Users/arseniomuanda/Arpetic/GitHub/Meu Ruca/meuruca/vendor/codeigniter4/framework/system/CodeIgniter.php(332): CodeIgniter\CodeIgniter->handleRequest(NULL, Object(Config\Cache), false)
#5 /Users/arseniomuanda/Arpetic/GitHub/Meu Ruca/meuruca/public/index.php(44): CodeIgniter\CodeIgniter->run()
#6 /Users/arseniomuanda/Arpetic/GitHub/Meu Ruca/meuruca/vendor/codeigniter4/framework/system/Commands/Server/rewrite.php(45): require_once('/Users/arseniom...')
#7 {main}
CRITICAL - 2023-02-06 00:37:13 --> Uncaught ErrorException: Cannot modify header information - headers already sent by (output started at /Users/arseniomuanda/Arpetic/GitHub/Meu Ruca/meuruca/app/Config/Events.php:35) in /Users/arseniomuanda/Arpetic/GitHub/Meu Ruca/meuruca/vendor/codeigniter4/framework/system/Debug/Exceptions.php:137
Stack trace:
#0 [internal function]: CodeIgniter\Debug\Exceptions->errorHandler(2, 'Cannot modify h...', '/Users/arseniom...', 137)
#1 /Users/arseniomuanda/Arpetic/GitHub/Meu Ruca/meuruca/vendor/codeigniter4/framework/system/Debug/Exceptions.php(137): header('HTTP/1.1 500 In...', true, 500)
#2 [internal function]: CodeIgniter\Debug\Exceptions->exceptionHandler(Object(ErrorException))
#3 {main}
  thrown
#0 [internal function]: CodeIgniter\Debug\Exceptions->shutdownHandler()
#1 {main}
CRITICAL - 2023-02-06 00:39:19 --> Cannot modify header information - headers already sent by (output started at /Users/arseniomuanda/Arpetic/GitHub/Meu Ruca/meuruca/app/Config/Events.php:35)
#0 [internal function]: CodeIgniter\Debug\Exceptions->errorHandler(2, 'Cannot modify h...', '/Users/arseniom...', 34)
#1 /Users/arseniomuanda/Arpetic/GitHub/Meu Ruca/meuruca/app/Controllers/Admin.php(34): header('Access-Control-...')
#2 /Users/arseniomuanda/Arpetic/GitHub/Meu Ruca/meuruca/vendor/codeigniter4/framework/system/CodeIgniter.php(907): App\Controllers\Admin->__construct()
#3 /Users/arseniomuanda/Arpetic/GitHub/Meu Ruca/meuruca/vendor/codeigniter4/framework/system/CodeIgniter.php(421): CodeIgniter\CodeIgniter->createController()
#4 /Users/arseniomuanda/Arpetic/GitHub/Meu Ruca/meuruca/vendor/codeigniter4/framework/system/CodeIgniter.php(332): CodeIgniter\CodeIgniter->handleRequest(NULL, Object(Config\Cache), false)
#5 /Users/arseniomuanda/Arpetic/GitHub/Meu Ruca/meuruca/public/index.php(44): CodeIgniter\CodeIgniter->run()
#6 /Users/arseniomuanda/Arpetic/GitHub/Meu Ruca/meuruca/vendor/codeigniter4/framework/system/Commands/Server/rewrite.php(45): require_once('/Users/arseniom...')
#7 {main}
CRITICAL - 2023-02-06 00:39:19 --> Uncaught ErrorException: Cannot modify header information - headers already sent by (output started at /Users/arseniomuanda/Arpetic/GitHub/Meu Ruca/meuruca/app/Config/Events.php:35) in /Users/arseniomuanda/Arpetic/GitHub/Meu Ruca/meuruca/vendor/codeigniter4/framework/system/Debug/Exceptions.php:137
Stack trace:
#0 [internal function]: CodeIgniter\Debug\Exceptions->errorHandler(2, 'Cannot modify h...', '/Users/arseniom...', 137)
#1 /Users/arseniomuanda/Arpetic/GitHub/Meu Ruca/meuruca/vendor/codeigniter4/framework/system/Debug/Exceptions.php(137): header('HTTP/1.1 500 In...', true, 500)
#2 [internal function]: CodeIgniter\Debug\Exceptions->exceptionHandler(Object(ErrorException))
#3 {main}
  thrown
#0 [internal function]: CodeIgniter\Debug\Exceptions->shutdownHandler()
#1 {main}
CRITICAL - 2023-02-06 00:39:24 --> Cannot modify header information - headers already sent by (output started at /Users/arseniomuanda/Arpetic/GitHub/Meu Ruca/meuruca/app/Config/Events.php:35)
#0 [internal function]: CodeIgniter\Debug\Exceptions->errorHandler(2, 'Cannot modify h...', '/Users/arseniom...', 34)
#1 /Users/arseniomuanda/Arpetic/GitHub/Meu Ruca/meuruca/app/Controllers/Admin.php(34): header('Access-Control-...')
#2 /Users/arseniomuanda/Arpetic/GitHub/Meu Ruca/meuruca/vendor/codeigniter4/framework/system/CodeIgniter.php(907): App\Controllers\Admin->__construct()
#3 /Users/arseniomuanda/Arpetic/GitHub/Meu Ruca/meuruca/vendor/codeigniter4/framework/system/CodeIgniter.php(421): CodeIgniter\CodeIgniter->createController()
#4 /Users/arseniomuanda/Arpetic/GitHub/Meu Ruca/meuruca/vendor/codeigniter4/framework/system/CodeIgniter.php(332): CodeIgniter\CodeIgniter->handleRequest(NULL, Object(Config\Cache), false)
#5 /Users/arseniomuanda/Arpetic/GitHub/Meu Ruca/meuruca/public/index.php(44): CodeIgniter\CodeIgniter->run()
#6 /Users/arseniomuanda/Arpetic/GitHub/Meu Ruca/meuruca/vendor/codeigniter4/framework/system/Commands/Server/rewrite.php(45): require_once('/Users/arseniom...')
#7 {main}
CRITICAL - 2023-02-06 00:39:24 --> Uncaught ErrorException: Cannot modify header information - headers already sent by (output started at /Users/arseniomuanda/Arpetic/GitHub/Meu Ruca/meuruca/app/Config/Events.php:35) in /Users/arseniomuanda/Arpetic/GitHub/Meu Ruca/meuruca/vendor/codeigniter4/framework/system/Debug/Exceptions.php:137
Stack trace:
#0 [internal function]: CodeIgniter\Debug\Exceptions->errorHandler(2, 'Cannot modify h...', '/Users/arseniom...', 137)
#1 /Users/arseniomuanda/Arpetic/GitHub/Meu Ruca/meuruca/vendor/codeigniter4/framework/system/Debug/Exceptions.php(137): header('HTTP/1.1 500 In...', true, 500)
#2 [internal function]: CodeIgniter\Debug\Exceptions->exceptionHandler(Object(ErrorException))
#3 {main}
  thrown
#0 [internal function]: CodeIgniter\Debug\Exceptions->shutdownHandler()
#1 {main}
CRITICAL - 2023-02-06 00:42:16 --> Cannot modify header information - headers already sent by (output started at /Users/arseniomuanda/Arpetic/GitHub/Meu Ruca/meuruca/app/Config/Events.php:35)
#0 [internal function]: CodeIgniter\Debug\Exceptions->errorHandler(2, 'Cannot modify h...', '/Users/arseniom...', 34)
#1 /Users/arseniomuanda/Arpetic/GitHub/Meu Ruca/meuruca/app/Controllers/Admin.php(34): header('Access-Control-...')
#2 /Users/arseniomuanda/Arpetic/GitHub/Meu Ruca/meuruca/vendor/codeigniter4/framework/system/CodeIgniter.php(907): App\Controllers\Admin->__construct()
#3 /Users/arseniomuanda/Arpetic/GitHub/Meu Ruca/meuruca/vendor/codeigniter4/framework/system/CodeIgniter.php(421): CodeIgniter\CodeIgniter->createController()
#4 /Users/arseniomuanda/Arpetic/GitHub/Meu Ruca/meuruca/vendor/codeigniter4/framework/system/CodeIgniter.php(332): CodeIgniter\CodeIgniter->handleRequest(NULL, Object(Config\Cache), false)
#5 /Users/arseniomuanda/Arpetic/GitHub/Meu Ruca/meuruca/public/index.php(44): CodeIgniter\CodeIgniter->run()
#6 /Users/arseniomuanda/Arpetic/GitHub/Meu Ruca/meuruca/vendor/codeigniter4/framework/system/Commands/Server/rewrite.php(45): require_once('/Users/arseniom...')
#7 {main}
CRITICAL - 2023-02-06 00:42:16 --> Uncaught ErrorException: Cannot modify header information - headers already sent by (output started at /Users/arseniomuanda/Arpetic/GitHub/Meu Ruca/meuruca/app/Config/Events.php:35) in /Users/arseniomuanda/Arpetic/GitHub/Meu Ruca/meuruca/vendor/codeigniter4/framework/system/Debug/Exceptions.php:137
Stack trace:
#0 [internal function]: CodeIgniter\Debug\Exceptions->errorHandler(2, 'Cannot modify h...', '/Users/arseniom...', 137)
#1 /Users/arseniomuanda/Arpetic/GitHub/Meu Ruca/meuruca/vendor/codeigniter4/framework/system/Debug/Exceptions.php(137): header('HTTP/1.1 500 In...', true, 500)
#2 [internal function]: CodeIgniter\Debug\Exceptions->exceptionHandler(Object(ErrorException))
#3 {main}
  thrown
#0 [internal function]: CodeIgniter\Debug\Exceptions->shutdownHandler()
#1 {main}
CRITICAL - 2023-02-06 00:51:47 --> Cannot modify header information - headers already sent by (output started at /Users/arseniomuanda/Arpetic/GitHub/Meu Ruca/meuruca/app/Config/Events.php:35)
#0 [internal function]: CodeIgniter\Debug\Exceptions->errorHandler(2, 'Cannot modify h...', '/Users/arseniom...', 34)
#1 /Users/arseniomuanda/Arpetic/GitHub/Meu Ruca/meuruca/app/Controllers/Admin.php(34): header('Access-Control-...')
#2 /Users/arseniomuanda/Arpetic/GitHub/Meu Ruca/meuruca/vendor/codeigniter4/framework/system/CodeIgniter.php(907): App\Controllers\Admin->__construct()
#3 /Users/arseniomuanda/Arpetic/GitHub/Meu Ruca/meuruca/vendor/codeigniter4/framework/system/CodeIgniter.php(421): CodeIgniter\CodeIgniter->createController()
#4 /Users/arseniomuanda/Arpetic/GitHub/Meu Ruca/meuruca/vendor/codeigniter4/framework/system/CodeIgniter.php(332): CodeIgniter\CodeIgniter->handleRequest(NULL, Object(Config\Cache), false)
#5 /Users/arseniomuanda/Arpetic/GitHub/Meu Ruca/meuruca/public/index.php(44): CodeIgniter\CodeIgniter->run()
#6 /Users/arseniomuanda/Arpetic/GitHub/Meu Ruca/meuruca/vendor/codeigniter4/framework/system/Commands/Server/rewrite.php(45): require_once('/Users/arseniom...')
#7 {main}
CRITICAL - 2023-02-06 00:51:47 --> Uncaught ErrorException: Cannot modify header information - headers already sent by (output started at /Users/arseniomuanda/Arpetic/GitHub/Meu Ruca/meuruca/app/Config/Events.php:35) in /Users/arseniomuanda/Arpetic/GitHub/Meu Ruca/meuruca/vendor/codeigniter4/framework/system/Debug/Exceptions.php:137
Stack trace:
#0 [internal function]: CodeIgniter\Debug\Exceptions->errorHandler(2, 'Cannot modify h...', '/Users/arseniom...', 137)
#1 /Users/arseniomuanda/Arpetic/GitHub/Meu Ruca/meuruca/vendor/codeigniter4/framework/system/Debug/Exceptions.php(137): header('HTTP/1.1 500 In...', true, 500)
#2 [internal function]: CodeIgniter\Debug\Exceptions->exceptionHandler(Object(ErrorException))
#3 {main}
  thrown
#0 [internal function]: CodeIgniter\Debug\Exceptions->shutdownHandler()
#1 {main}
CRITICAL - 2023-02-06 00:53:05 --> Cannot modify header information - headers already sent by (output started at /Users/arseniomuanda/Arpetic/GitHub/Meu Ruca/meuruca/app/Config/Events.php:35)
#0 [internal function]: CodeIgniter\Debug\Exceptions->errorHandler(2, 'Cannot modify h...', '/Users/arseniom...', 34)
#1 /Users/arseniomuanda/Arpetic/GitHub/Meu Ruca/meuruca/app/Controllers/Admin.php(34): header('Access-Control-...')
#2 /Users/arseniomuanda/Arpetic/GitHub/Meu Ruca/meuruca/vendor/codeigniter4/framework/system/CodeIgniter.php(907): App\Controllers\Admin->__construct()
#3 /Users/arseniomuanda/Arpetic/GitHub/Meu Ruca/meuruca/vendor/codeigniter4/framework/system/CodeIgniter.php(421): CodeIgniter\CodeIgniter->createController()
#4 /Users/arseniomuanda/Arpetic/GitHub/Meu Ruca/meuruca/vendor/codeigniter4/framework/system/CodeIgniter.php(332): CodeIgniter\CodeIgniter->handleRequest(NULL, Object(Config\Cache), false)
#5 /Users/arseniomuanda/Arpetic/GitHub/Meu Ruca/meuruca/public/index.php(44): CodeIgniter\CodeIgniter->run()
#6 /Users/arseniomuanda/Arpetic/GitHub/Meu Ruca/meuruca/vendor/codeigniter4/framework/system/Commands/Server/rewrite.php(45): require_once('/Users/arseniom...')
#7 {main}
CRITICAL - 2023-02-06 00:53:05 --> Uncaught ErrorException: Cannot modify header information - headers already sent by (output started at /Users/arseniomuanda/Arpetic/GitHub/Meu Ruca/meuruca/app/Config/Events.php:35) in /Users/arseniomuanda/Arpetic/GitHub/Meu Ruca/meuruca/vendor/codeigniter4/framework/system/Debug/Exceptions.php:137
Stack trace:
#0 [internal function]: CodeIgniter\Debug\Exceptions->errorHandler(2, 'Cannot modify h...', '/Users/arseniom...', 137)
#1 /Users/arseniomuanda/Arpetic/GitHub/Meu Ruca/meuruca/vendor/codeigniter4/framework/system/Debug/Exceptions.php(137): header('HTTP/1.1 500 In...', true, 500)
#2 [internal function]: CodeIgniter\Debug\Exceptions->exceptionHandler(Object(ErrorException))
#3 {main}
  thrown
#0 [internal function]: CodeIgniter\Debug\Exceptions->shutdownHandler()
#1 {main}
CRITICAL - 2023-02-06 00:53:22 --> Cannot modify header information - headers already sent by (output started at /Users/arseniomuanda/Arpetic/GitHub/Meu Ruca/meuruca/app/Config/Events.php:35)
#0 [internal function]: CodeIgniter\Debug\Exceptions->errorHandler(2, 'Cannot modify h...', '/Users/arseniom...', 34)
#1 /Users/arseniomuanda/Arpetic/GitHub/Meu Ruca/meuruca/app/Controllers/Admin.php(34): header('Access-Control-...')
#2 /Users/arseniomuanda/Arpetic/GitHub/Meu Ruca/meuruca/vendor/codeigniter4/framework/system/CodeIgniter.php(907): App\Controllers\Admin->__construct()
#3 /Users/arseniomuanda/Arpetic/GitHub/Meu Ruca/meuruca/vendor/codeigniter4/framework/system/CodeIgniter.php(421): CodeIgniter\CodeIgniter->createController()
#4 /Users/arseniomuanda/Arpetic/GitHub/Meu Ruca/meuruca/vendor/codeigniter4/framework/system/CodeIgniter.php(332): CodeIgniter\CodeIgniter->handleRequest(NULL, Object(Config\Cache), false)
#5 /Users/arseniomuanda/Arpetic/GitHub/Meu Ruca/meuruca/public/index.php(44): CodeIgniter\CodeIgniter->run()
#6 /Users/arseniomuanda/Arpetic/GitHub/Meu Ruca/meuruca/vendor/codeigniter4/framework/system/Commands/Server/rewrite.php(45): require_once('/Users/arseniom...')
#7 {main}
CRITICAL - 2023-02-06 00:53:22 --> Uncaught ErrorException: Cannot modify header information - headers already sent by (output started at /Users/arseniomuanda/Arpetic/GitHub/Meu Ruca/meuruca/app/Config/Events.php:35) in /Users/arseniomuanda/Arpetic/GitHub/Meu Ruca/meuruca/vendor/codeigniter4/framework/system/Debug/Exceptions.php:137
Stack trace:
#0 [internal function]: CodeIgniter\Debug\Exceptions->errorHandler(2, 'Cannot modify h...', '/Users/arseniom...', 137)
#1 /Users/arseniomuanda/Arpetic/GitHub/Meu Ruca/meuruca/vendor/codeigniter4/framework/system/Debug/Exceptions.php(137): header('HTTP/1.1 500 In...', true, 500)
#2 [internal function]: CodeIgniter\Debug\Exceptions->exceptionHandler(Object(ErrorException))
#3 {main}
  thrown
#0 [internal function]: CodeIgniter\Debug\Exceptions->shutdownHandler()
#1 {main}
CRITICAL - 2023-02-06 00:55:11 --> Cannot modify header information - headers already sent by (output started at /Users/arseniomuanda/Arpetic/GitHub/Meu Ruca/meuruca/app/Config/Events.php:35)
#0 [internal function]: CodeIgniter\Debug\Exceptions->errorHandler(2, 'Cannot modify h...', '/Users/arseniom...', 34)
#1 /Users/arseniomuanda/Arpetic/GitHub/Meu Ruca/meuruca/app/Controllers/Admin.php(34): header('Access-Control-...')
#2 /Users/arseniomuanda/Arpetic/GitHub/Meu Ruca/meuruca/vendor/codeigniter4/framework/system/CodeIgniter.php(907): App\Controllers\Admin->__construct()
#3 /Users/arseniomuanda/Arpetic/GitHub/Meu Ruca/meuruca/vendor/codeigniter4/framework/system/CodeIgniter.php(421): CodeIgniter\CodeIgniter->createController()
#4 /Users/arseniomuanda/Arpetic/GitHub/Meu Ruca/meuruca/vendor/codeigniter4/framework/system/CodeIgniter.php(332): CodeIgniter\CodeIgniter->handleRequest(NULL, Object(Config\Cache), false)
#5 /Users/arseniomuanda/Arpetic/GitHub/Meu Ruca/meuruca/public/index.php(44): CodeIgniter\CodeIgniter->run()
#6 /Users/arseniomuanda/Arpetic/GitHub/Meu Ruca/meuruca/vendor/codeigniter4/framework/system/Commands/Server/rewrite.php(45): require_once('/Users/arseniom...')
#7 {main}
CRITICAL - 2023-02-06 00:55:11 --> Uncaught ErrorException: Cannot modify header information - headers already sent by (output started at /Users/arseniomuanda/Arpetic/GitHub/Meu Ruca/meuruca/app/Config/Events.php:35) in /Users/arseniomuanda/Arpetic/GitHub/Meu Ruca/meuruca/vendor/codeigniter4/framework/system/Debug/Exceptions.php:137
Stack trace:
#0 [internal function]: CodeIgniter\Debug\Exceptions->errorHandler(2, 'Cannot modify h...', '/Users/arseniom...', 137)
#1 /Users/arseniomuanda/Arpetic/GitHub/Meu Ruca/meuruca/vendor/codeigniter4/framework/system/Debug/Exceptions.php(137): header('HTTP/1.1 500 In...', true, 500)
#2 [internal function]: CodeIgniter\Debug\Exceptions->exceptionHandler(Object(ErrorException))
#3 {main}
  thrown
#0 [internal function]: CodeIgniter\Debug\Exceptions->shutdownHandler()
#1 {main}
CRITICAL - 2023-02-06 03:19:36 --> Cannot modify header information - headers already sent by (output started at /Users/arseniomuanda/Arpetic/GitHub/Meu Ruca/meuruca/app/Config/Events.php:35)
#0 [internal function]: CodeIgniter\Debug\Exceptions->errorHandler(2, 'Cannot modify h...', '/Users/arseniom...', 34)
#1 /Users/arseniomuanda/Arpetic/GitHub/Meu Ruca/meuruca/app/Controllers/Admin.php(34): header('Access-Control-...')
#2 /Users/arseniomuanda/Arpetic/GitHub/Meu Ruca/meuruca/vendor/codeigniter4/framework/system/CodeIgniter.php(907): App\Controllers\Admin->__construct()
#3 /Users/arseniomuanda/Arpetic/GitHub/Meu Ruca/meuruca/vendor/codeigniter4/framework/system/CodeIgniter.php(421): CodeIgniter\CodeIgniter->createController()
#4 /Users/arseniomuanda/Arpetic/GitHub/Meu Ruca/meuruca/vendor/codeigniter4/framework/system/CodeIgniter.php(332): CodeIgniter\CodeIgniter->handleRequest(NULL, Object(Config\Cache), false)
#5 /Users/arseniomuanda/Arpetic/GitHub/Meu Ruca/meuruca/public/index.php(44): CodeIgniter\CodeIgniter->run()
#6 /Users/arseniomuanda/Arpetic/GitHub/Meu Ruca/meuruca/vendor/codeigniter4/framework/system/Commands/Server/rewrite.php(45): require_once('/Users/arseniom...')
#7 {main}
CRITICAL - 2023-02-06 03:19:36 --> Uncaught ErrorException: Cannot modify header information - headers already sent by (output started at /Users/arseniomuanda/Arpetic/GitHub/Meu Ruca/meuruca/app/Config/Events.php:35) in /Users/arseniomuanda/Arpetic/GitHub/Meu Ruca/meuruca/vendor/codeigniter4/framework/system/Debug/Exceptions.php:137
Stack trace:
#0 [internal function]: CodeIgniter\Debug\Exceptions->errorHandler(2, 'Cannot modify h...', '/Users/arseniom...', 137)
#1 /Users/arseniomuanda/Arpetic/GitHub/Meu Ruca/meuruca/vendor/codeigniter4/framework/system/Debug/Exceptions.php(137): header('HTTP/1.1 500 In...', true, 500)
#2 [internal function]: CodeIgniter\Debug\Exceptions->exceptionHandler(Object(ErrorException))
#3 {main}
  thrown
#0 [internal function]: CodeIgniter\Debug\Exceptions->shutdownHandler()
#1 {main}
CRITICAL - 2023-02-06 03:19:39 --> Cannot modify header information - headers already sent by (output started at /Users/arseniomuanda/Arpetic/GitHub/Meu Ruca/meuruca/app/Config/Events.php:35)
#0 [internal function]: CodeIgniter\Debug\Exceptions->errorHandler(2, 'Cannot modify h...', '/Users/arseniom...', 34)
#1 /Users/arseniomuanda/Arpetic/GitHub/Meu Ruca/meuruca/app/Controllers/Admin.php(34): header('Access-Control-...')
#2 /Users/arseniomuanda/Arpetic/GitHub/Meu Ruca/meuruca/vendor/codeigniter4/framework/system/CodeIgniter.php(907): App\Controllers\Admin->__construct()
#3 /Users/arseniomuanda/Arpetic/GitHub/Meu Ruca/meuruca/vendor/codeigniter4/framework/system/CodeIgniter.php(421): CodeIgniter\CodeIgniter->createController()
#4 /Users/arseniomuanda/Arpetic/GitHub/Meu Ruca/meuruca/vendor/codeigniter4/framework/system/CodeIgniter.php(332): CodeIgniter\CodeIgniter->handleRequest(NULL, Object(Config\Cache), false)
#5 /Users/arseniomuanda/Arpetic/GitHub/Meu Ruca/meuruca/public/index.php(44): CodeIgniter\CodeIgniter->run()
#6 /Users/arseniomuanda/Arpetic/GitHub/Meu Ruca/meuruca/vendor/codeigniter4/framework/system/Commands/Server/rewrite.php(45): require_once('/Users/arseniom...')
#7 {main}
CRITICAL - 2023-02-06 03:19:39 --> Uncaught ErrorException: Cannot modify header information - headers already sent by (output started at /Users/arseniomuanda/Arpetic/GitHub/Meu Ruca/meuruca/app/Config/Events.php:35) in /Users/arseniomuanda/Arpetic/GitHub/Meu Ruca/meuruca/vendor/codeigniter4/framework/system/Debug/Exceptions.php:137
Stack trace:
#0 [internal function]: CodeIgniter\Debug\Exceptions->errorHandler(2, 'Cannot modify h...', '/Users/arseniom...', 137)
#1 /Users/arseniomuanda/Arpetic/GitHub/Meu Ruca/meuruca/vendor/codeigniter4/framework/system/Debug/Exceptions.php(137): header('HTTP/1.1 500 In...', true, 500)
#2 [internal function]: CodeIgniter\Debug\Exceptions->exceptionHandler(Object(ErrorException))
#3 {main}
  thrown
#0 [internal function]: CodeIgniter\Debug\Exceptions->shutdownHandler()
#1 {main}
CRITICAL - 2023-02-06 03:20:47 --> Cannot modify header information - headers already sent by (output started at /Users/arseniomuanda/Arpetic/GitHub/Meu Ruca/meuruca/app/Config/Events.php:35)
#0 [internal function]: CodeIgniter\Debug\Exceptions->errorHandler(2, 'Cannot modify h...', '/Users/arseniom...', 34)
#1 /Users/arseniomuanda/Arpetic/GitHub/Meu Ruca/meuruca/app/Controllers/Admin.php(34): header('Access-Control-...')
#2 /Users/arseniomuanda/Arpetic/GitHub/Meu Ruca/meuruca/vendor/codeigniter4/framework/system/CodeIgniter.php(907): App\Controllers\Admin->__construct()
#3 /Users/arseniomuanda/Arpetic/GitHub/Meu Ruca/meuruca/vendor/codeigniter4/framework/system/CodeIgniter.php(421): CodeIgniter\CodeIgniter->createController()
#4 /Users/arseniomuanda/Arpetic/GitHub/Meu Ruca/meuruca/vendor/codeigniter4/framework/system/CodeIgniter.php(332): CodeIgniter\CodeIgniter->handleRequest(NULL, Object(Config\Cache), false)
#5 /Users/arseniomuanda/Arpetic/GitHub/Meu Ruca/meuruca/public/index.php(44): CodeIgniter\CodeIgniter->run()
#6 /Users/arseniomuanda/Arpetic/GitHub/Meu Ruca/meuruca/vendor/codeigniter4/framework/system/Commands/Server/rewrite.php(45): require_once('/Users/arseniom...')
#7 {main}
CRITICAL - 2023-02-06 03:20:47 --> Uncaught ErrorException: Cannot modify header information - headers already sent by (output started at /Users/arseniomuanda/Arpetic/GitHub/Meu Ruca/meuruca/app/Config/Events.php:35) in /Users/arseniomuanda/Arpetic/GitHub/Meu Ruca/meuruca/vendor/codeigniter4/framework/system/Debug/Exceptions.php:137
Stack trace:
#0 [internal function]: CodeIgniter\Debug\Exceptions->errorHandler(2, 'Cannot modify h...', '/Users/arseniom...', 137)
#1 /Users/arseniomuanda/Arpetic/GitHub/Meu Ruca/meuruca/vendor/codeigniter4/framework/system/Debug/Exceptions.php(137): header('HTTP/1.1 500 In...', true, 500)
#2 [internal function]: CodeIgniter\Debug\Exceptions->exceptionHandler(Object(ErrorException))
#3 {main}
  thrown
#0 [internal function]: CodeIgniter\Debug\Exceptions->shutdownHandler()
#1 {main}
