CRITICAL - 2022-04-07 05:51:24 --> syntax error, unexpected '$db' (T_VARIABLE), expecting ']'
#0 C:\WORKPLACE\meuruca\vendor\codeigniter4\framework\system\Autoloader\Autoloader.php(274): CodeIgniter\Autoloader\Autoloader->includeFile('C:\\WORKPLACE\\me...')
#1 C:\WORKPLACE\meuruca\vendor\codeigniter4\framework\system\Autoloader\Autoloader.php(228): CodeIgniter\Autoloader\Autoloader->loadInNamespace('App\\Controllers...')
#2 [internal function]: CodeIgniter\Autoloader\Autoloader->loadClass('App\\Controllers...')
#3 C:\WORKPLACE\meuruca\app\Controllers\Gestaoviatura.php(35): spl_autoload_call('App\\Controllers...')
#4 C:\WORKPLACE\meuruca\vendor\codeigniter4\framework\system\CodeIgniter.php(907): App\Controllers\Gestaoviatura->__construct()
#5 C:\WORKPLACE\meuruca\vendor\codeigniter4\framework\system\CodeIgniter.php(421): CodeIgniter\CodeIgniter->createController()
#6 C:\WORKPLACE\meuruca\vendor\codeigniter4\framework\system\CodeIgniter.php(332): CodeIgniter\CodeIgniter->handleRequest(NULL, Object(Config\Cache), false)
#7 C:\WORKPLACE\meuruca\public\index.php(44): CodeIgniter\CodeIgniter->run()
#8 C:\WORKPLACE\meuruca\vendor\codeigniter4\framework\system\Commands\Server\rewrite.php(45): require_once('C:\\WORKPLACE\\me...')
#9 {main}
CRITICAL - 2022-04-07 05:52:19 --> syntax error, unexpected '$db' (T_VARIABLE), expecting ']'
#0 C:\WORKPLACE\meuruca\vendor\codeigniter4\framework\system\Autoloader\Autoloader.php(274): CodeIgniter\Autoloader\Autoloader->includeFile('C:\\WORKPLACE\\me...')
#1 C:\WORKPLACE\meuruca\vendor\codeigniter4\framework\system\Autoloader\Autoloader.php(228): CodeIgniter\Autoloader\Autoloader->loadInNamespace('App\\Controllers...')
#2 [internal function]: CodeIgniter\Autoloader\Autoloader->loadClass('App\\Controllers...')
#3 C:\WORKPLACE\meuruca\app\Controllers\Gestaoviatura.php(35): spl_autoload_call('App\\Controllers...')
#4 C:\WORKPLACE\meuruca\vendor\codeigniter4\framework\system\CodeIgniter.php(907): App\Controllers\Gestaoviatura->__construct()
#5 C:\WORKPLACE\meuruca\vendor\codeigniter4\framework\system\CodeIgniter.php(421): CodeIgniter\CodeIgniter->createController()
#6 C:\WORKPLACE\meuruca\vendor\codeigniter4\framework\system\CodeIgniter.php(332): CodeIgniter\CodeIgniter->handleRequest(NULL, Object(Config\Cache), false)
#7 C:\WORKPLACE\meuruca\public\index.php(44): CodeIgniter\CodeIgniter->run()
#8 C:\WORKPLACE\meuruca\vendor\codeigniter4\framework\system\Commands\Server\rewrite.php(45): require_once('C:\\WORKPLACE\\me...')
#9 {main}
