CRITICAL - 2022-06-01 08:12:04 --> Trying to get property 'id' of non-object
#0 C:\WORKPLACE\meuruca\app\Controllers\Operations.php(150): CodeIgniter\Debug\Exceptions->errorHandler(8, 'Trying to get p...', 'C:\\WORKPLACE\\me...', 150, Array)
#1 C:\WORKPLACE\meuruca\vendor\codeigniter4\framework\system\CodeIgniter.php(935): App\Controllers\Operations->index()
#2 C:\WORKPLACE\meuruca\vendor\codeigniter4\framework\system\CodeIgniter.php(431): CodeIgniter\CodeIgniter->runController(Object(App\Controllers\Operations))
#3 C:\WORKPLACE\meuruca\vendor\codeigniter4\framework\system\CodeIgniter.php(332): CodeIgniter\CodeIgniter->handleRequest(NULL, Object(Config\Cache), false)
#4 C:\WORKPLACE\meuruca\public\index.php(44): CodeIgniter\CodeIgniter->run()
#5 C:\WORKPLACE\meuruca\vendor\codeigniter4\framework\system\Commands\Server\rewrite.php(45): require_once('C:\\WORKPLACE\\me...')
#6 {main}
CRITICAL - 2022-06-01 08:13:10 --> Trying to get property 'id' of non-object
#0 C:\WORKPLACE\meuruca\app\Controllers\Operations.php(150): CodeIgniter\Debug\Exceptions->errorHandler(8, 'Trying to get p...', 'C:\\WORKPLACE\\me...', 150, Array)
#1 C:\WORKPLACE\meuruca\vendor\codeigniter4\framework\system\CodeIgniter.php(935): App\Controllers\Operations->index()
#2 C:\WORKPLACE\meuruca\vendor\codeigniter4\framework\system\CodeIgniter.php(431): CodeIgniter\CodeIgniter->runController(Object(App\Controllers\Operations))
#3 C:\WORKPLACE\meuruca\vendor\codeigniter4\framework\system\CodeIgniter.php(332): CodeIgniter\CodeIgniter->handleRequest(NULL, Object(Config\Cache), false)
#4 C:\WORKPLACE\meuruca\public\index.php(44): CodeIgniter\CodeIgniter->run()
#5 C:\WORKPLACE\meuruca\vendor\codeigniter4\framework\system\Commands\Server\rewrite.php(45): require_once('C:\\WORKPLACE\\me...')
#6 {main}
CRITICAL - 2022-06-01 08:17:11 --> Trying to get property 'id' of non-object
#0 C:\WORKPLACE\meuruca\app\Controllers\Operations.php(150): CodeIgniter\Debug\Exceptions->errorHandler(8, 'Trying to get p...', 'C:\\WORKPLACE\\me...', 150, Array)
#1 C:\WORKPLACE\meuruca\vendor\codeigniter4\framework\system\CodeIgniter.php(935): App\Controllers\Operations->index()
#2 C:\WORKPLACE\meuruca\vendor\codeigniter4\framework\system\CodeIgniter.php(431): CodeIgniter\CodeIgniter->runController(Object(App\Controllers\Operations))
#3 C:\WORKPLACE\meuruca\vendor\codeigniter4\framework\system\CodeIgniter.php(332): CodeIgniter\CodeIgniter->handleRequest(NULL, Object(Config\Cache), false)
#4 C:\WORKPLACE\meuruca\public\index.php(44): CodeIgniter\CodeIgniter->run()
#5 C:\WORKPLACE\meuruca\vendor\codeigniter4\framework\system\Commands\Server\rewrite.php(45): require_once('C:\\WORKPLACE\\me...')
#6 {main}
CRITICAL - 2022-06-01 08:17:56 --> Trying to get property 'id' of non-object
#0 C:\WORKPLACE\meuruca\app\Controllers\Operations.php(150): CodeIgniter\Debug\Exceptions->errorHandler(8, 'Trying to get p...', 'C:\\WORKPLACE\\me...', 150, Array)
#1 C:\WORKPLACE\meuruca\vendor\codeigniter4\framework\system\CodeIgniter.php(935): App\Controllers\Operations->index()
#2 C:\WORKPLACE\meuruca\vendor\codeigniter4\framework\system\CodeIgniter.php(431): CodeIgniter\CodeIgniter->runController(Object(App\Controllers\Operations))
#3 C:\WORKPLACE\meuruca\vendor\codeigniter4\framework\system\CodeIgniter.php(332): CodeIgniter\CodeIgniter->handleRequest(NULL, Object(Config\Cache), false)
#4 C:\WORKPLACE\meuruca\public\index.php(44): CodeIgniter\CodeIgniter->run()
#5 C:\WORKPLACE\meuruca\vendor\codeigniter4\framework\system\Commands\Server\rewrite.php(45): require_once('C:\\WORKPLACE\\me...')
#6 {main}
CRITICAL - 2022-06-01 08:23:53 --> Trying to get property 'id' of non-object
#0 C:\WORKPLACE\meuruca\app\Controllers\Operations.php(150): CodeIgniter\Debug\Exceptions->errorHandler(8, 'Trying to get p...', 'C:\\WORKPLACE\\me...', 150, Array)
#1 C:\WORKPLACE\meuruca\vendor\codeigniter4\framework\system\CodeIgniter.php(935): App\Controllers\Operations->index()
#2 C:\WORKPLACE\meuruca\vendor\codeigniter4\framework\system\CodeIgniter.php(431): CodeIgniter\CodeIgniter->runController(Object(App\Controllers\Operations))
#3 C:\WORKPLACE\meuruca\vendor\codeigniter4\framework\system\CodeIgniter.php(332): CodeIgniter\CodeIgniter->handleRequest(NULL, Object(Config\Cache), false)
#4 C:\WORKPLACE\meuruca\public\index.php(44): CodeIgniter\CodeIgniter->run()
#5 C:\WORKPLACE\meuruca\vendor\codeigniter4\framework\system\Commands\Server\rewrite.php(45): require_once('C:\\WORKPLACE\\me...')
#6 {main}
CRITICAL - 2022-06-01 09:04:21 --> Too few arguments to function App\Controllers\Operations::addAgendamentoItem(), 4 passed in C:\WORKPLACE\meuruca\app\Controllers\Operations.php on line 181 and exactly 5 expected
#0 C:\WORKPLACE\meuruca\app\Controllers\Operations.php(181): App\Controllers\Operations->addAgendamentoItem(Object(App\Models\ItemfacturaModel), Array, '1', '141')
#1 C:\WORKPLACE\meuruca\vendor\codeigniter4\framework\system\CodeIgniter.php(935): App\Controllers\Operations->index()
#2 C:\WORKPLACE\meuruca\vendor\codeigniter4\framework\system\CodeIgniter.php(431): CodeIgniter\CodeIgniter->runController(Object(App\Controllers\Operations))
#3 C:\WORKPLACE\meuruca\vendor\codeigniter4\framework\system\CodeIgniter.php(332): CodeIgniter\CodeIgniter->handleRequest(NULL, Object(Config\Cache), false)
#4 C:\WORKPLACE\meuruca\public\index.php(44): CodeIgniter\CodeIgniter->run()
#5 C:\WORKPLACE\meuruca\vendor\codeigniter4\framework\system\Commands\Server\rewrite.php(45): require_once('C:\\WORKPLACE\\me...')
#6 {main}
CRITICAL - 2022-06-01 09:05:04 --> Trying to get property 'id' of non-object
#0 C:\WORKPLACE\meuruca\app\Controllers\Operations.php(381): CodeIgniter\Debug\Exceptions->errorHandler(8, 'Trying to get p...', 'C:\\WORKPLACE\\me...', 381, Array)
#1 C:\WORKPLACE\meuruca\app\Controllers\Operations.php(181): App\Controllers\Operations->addAgendamentoItem(Object(App\Models\ItemfacturaModel), Array, '1', '141')
#2 C:\WORKPLACE\meuruca\vendor\codeigniter4\framework\system\CodeIgniter.php(935): App\Controllers\Operations->index()
#3 C:\WORKPLACE\meuruca\vendor\codeigniter4\framework\system\CodeIgniter.php(431): CodeIgniter\CodeIgniter->runController(Object(App\Controllers\Operations))
#4 C:\WORKPLACE\meuruca\vendor\codeigniter4\framework\system\CodeIgniter.php(332): CodeIgniter\CodeIgniter->handleRequest(NULL, Object(Config\Cache), false)
#5 C:\WORKPLACE\meuruca\public\index.php(44): CodeIgniter\CodeIgniter->run()
#6 C:\WORKPLACE\meuruca\vendor\codeigniter4\framework\system\Commands\Server\rewrite.php(45): require_once('C:\\WORKPLACE\\me...')
#7 {main}
CRITICAL - 2022-06-01 09:07:08 --> Undefined variable: db
#0 C:\WORKPLACE\meuruca\app\Controllers\Operations.php(390): CodeIgniter\Debug\Exceptions->errorHandler(8, 'Undefined varia...', 'C:\\WORKPLACE\\me...', 390, Array)
#1 C:\WORKPLACE\meuruca\app\Controllers\Operations.php(181): App\Controllers\Operations->addAgendamentoItem(Object(App\Models\ItemfacturaModel), Array, '1', '41')
#2 C:\WORKPLACE\meuruca\vendor\codeigniter4\framework\system\CodeIgniter.php(935): App\Controllers\Operations->index()
#3 C:\WORKPLACE\meuruca\vendor\codeigniter4\framework\system\CodeIgniter.php(431): CodeIgniter\CodeIgniter->runController(Object(App\Controllers\Operations))
#4 C:\WORKPLACE\meuruca\vendor\codeigniter4\framework\system\CodeIgniter.php(332): CodeIgniter\CodeIgniter->handleRequest(NULL, Object(Config\Cache), false)
#5 C:\WORKPLACE\meuruca\public\index.php(44): CodeIgniter\CodeIgniter->run()
#6 C:\WORKPLACE\meuruca\vendor\codeigniter4\framework\system\Commands\Server\rewrite.php(45): require_once('C:\\WORKPLACE\\me...')
#7 {main}
CRITICAL - 2022-06-01 09:13:12 --> syntax error, unexpected '}', expecting ';'
#0 C:\WORKPLACE\meuruca\vendor\codeigniter4\framework\system\Router\Router.php(170): CodeIgniter\Router\Router->autoRoute('operations')
#1 C:\WORKPLACE\meuruca\vendor\codeigniter4\framework\system\CodeIgniter.php(815): CodeIgniter\Router\Router->handle('operations')
#2 C:\WORKPLACE\meuruca\vendor\codeigniter4\framework\system\CodeIgniter.php(384): CodeIgniter\CodeIgniter->tryToRouteIt(Object(CodeIgniter\Router\RouteCollection))
#3 C:\WORKPLACE\meuruca\vendor\codeigniter4\framework\system\CodeIgniter.php(332): CodeIgniter\CodeIgniter->handleRequest(NULL, Object(Config\Cache), false)
#4 C:\WORKPLACE\meuruca\public\index.php(44): CodeIgniter\CodeIgniter->run()
#5 C:\WORKPLACE\meuruca\vendor\codeigniter4\framework\system\Commands\Server\rewrite.php(45): require_once('C:\\WORKPLACE\\me...')
#6 {main}
