CRITICAL - 2023-04-13 12:32:35 --> filter_var(): Passing null to parameter #3 ($options) of type array|int is deprecated
#0 [internal function]: CodeIgniter\Debug\Exceptions->errorHandler(8192, 'filter_var(): P...', '/Users/arseniom...', 326)
#1 /Users/arseniomuanda/Arpetic/GitHub/Meu Ruca/meuruca/vendor/codeigniter4/framework/system/HTTP/RequestTrait.php(326): filter_var('spark', 516, NULL)
#2 [internal function]: CodeIgniter\HTTP\Request->CodeIgniter\HTTP\{closure}('spark', 0)
#3 /Users/arseniomuanda/Arpetic/GitHub/Meu Ruca/meuruca/vendor/codeigniter4/framework/system/HTTP/RequestTrait.php(325): array_walk_recursive(Array, Object(Closure))
#4 /Users/arseniomuanda/Arpetic/GitHub/Meu Ruca/meuruca/vendor/codeigniter4/framework/system/HTTP/RequestTrait.php(195): CodeIgniter\HTTP\Request->fetchGlobal('server', 'argv', 516, NULL)
#5 /Users/arseniomuanda/Arpetic/GitHub/Meu Ruca/meuruca/vendor/codeigniter4/framework/system/HTTP/CLIRequest.php(190): CodeIgniter\HTTP\Request->getServer('argv')
#6 /Users/arseniomuanda/Arpetic/GitHub/Meu Ruca/meuruca/vendor/codeigniter4/framework/system/HTTP/CLIRequest.php(70): CodeIgniter\HTTP\CLIRequest->parseCommand()
#7 /Users/arseniomuanda/Arpetic/GitHub/Meu Ruca/meuruca/vendor/codeigniter4/framework/system/Config/Services.php(131): CodeIgniter\HTTP\CLIRequest->__construct(Object(Config\App))
#8 /Users/arseniomuanda/Arpetic/GitHub/Meu Ruca/meuruca/vendor/codeigniter4/framework/system/Config/BaseService.php(100): CodeIgniter\Config\Services::clirequest(Object(Config\App), false)
#9 /Users/arseniomuanda/Arpetic/GitHub/Meu Ruca/meuruca/vendor/codeigniter4/framework/system/Config/Services.php(126): CodeIgniter\Config\BaseService::getSharedInstance('clirequest', Object(Config\App))
#10 /Users/arseniomuanda/Arpetic/GitHub/Meu Ruca/meuruca/vendor/codeigniter4/framework/system/Config/BaseService.php(171): CodeIgniter\Config\Services::clirequest(Object(Config\App))
#11 /Users/arseniomuanda/Arpetic/GitHub/Meu Ruca/meuruca/vendor/codeigniter4/framework/system/CodeIgniter.php(592): CodeIgniter\Config\BaseService::__callStatic('clirequest', Array)
#12 /Users/arseniomuanda/Arpetic/GitHub/Meu Ruca/meuruca/vendor/codeigniter4/framework/system/CodeIgniter.php(306): CodeIgniter\CodeIgniter->getRequestObject()
#13 /Users/arseniomuanda/Arpetic/GitHub/Meu Ruca/meuruca/vendor/codeigniter4/framework/system/CLI/Console.php(61): CodeIgniter\CodeIgniter->run()
#14 /Users/arseniomuanda/Arpetic/GitHub/Meu Ruca/meuruca/spark(66): CodeIgniter\CLI\Console->run()
#15 {main}
CRITICAL - 2023-04-13 12:40:36 --> filter_var(): Passing null to parameter #3 ($options) of type array|int is deprecated
#0 [internal function]: CodeIgniter\Debug\Exceptions->errorHandler(8192, 'filter_var(): P...', '/Users/arseniom...', 326)
#1 /Users/arseniomuanda/Arpetic/GitHub/Meu Ruca/meuruca/vendor/codeigniter4/framework/system/HTTP/RequestTrait.php(326): filter_var('spark', 516, NULL)
#2 [internal function]: CodeIgniter\HTTP\Request->CodeIgniter\HTTP\{closure}('spark', 0)
#3 /Users/arseniomuanda/Arpetic/GitHub/Meu Ruca/meuruca/vendor/codeigniter4/framework/system/HTTP/RequestTrait.php(325): array_walk_recursive(Array, Object(Closure))
#4 /Users/arseniomuanda/Arpetic/GitHub/Meu Ruca/meuruca/vendor/codeigniter4/framework/system/HTTP/RequestTrait.php(195): CodeIgniter\HTTP\Request->fetchGlobal('server', 'argv', 516, NULL)
#5 /Users/arseniomuanda/Arpetic/GitHub/Meu Ruca/meuruca/vendor/codeigniter4/framework/system/HTTP/CLIRequest.php(190): CodeIgniter\HTTP\Request->getServer('argv')
#6 /Users/arseniomuanda/Arpetic/GitHub/Meu Ruca/meuruca/vendor/codeigniter4/framework/system/HTTP/CLIRequest.php(70): CodeIgniter\HTTP\CLIRequest->parseCommand()
#7 /Users/arseniomuanda/Arpetic/GitHub/Meu Ruca/meuruca/vendor/codeigniter4/framework/system/Config/Services.php(131): CodeIgniter\HTTP\CLIRequest->__construct(Object(Config\App))
#8 /Users/arseniomuanda/Arpetic/GitHub/Meu Ruca/meuruca/vendor/codeigniter4/framework/system/Config/BaseService.php(100): CodeIgniter\Config\Services::clirequest(Object(Config\App), false)
#9 /Users/arseniomuanda/Arpetic/GitHub/Meu Ruca/meuruca/vendor/codeigniter4/framework/system/Config/Services.php(126): CodeIgniter\Config\BaseService::getSharedInstance('clirequest', Object(Config\App))
#10 /Users/arseniomuanda/Arpetic/GitHub/Meu Ruca/meuruca/vendor/codeigniter4/framework/system/Config/BaseService.php(171): CodeIgniter\Config\Services::clirequest(Object(Config\App))
#11 /Users/arseniomuanda/Arpetic/GitHub/Meu Ruca/meuruca/vendor/codeigniter4/framework/system/CodeIgniter.php(592): CodeIgniter\Config\BaseService::__callStatic('clirequest', Array)
#12 /Users/arseniomuanda/Arpetic/GitHub/Meu Ruca/meuruca/vendor/codeigniter4/framework/system/CodeIgniter.php(306): CodeIgniter\CodeIgniter->getRequestObject()
#13 /Users/arseniomuanda/Arpetic/GitHub/Meu Ruca/meuruca/vendor/codeigniter4/framework/system/CLI/Console.php(61): CodeIgniter\CodeIgniter->run()
#14 /Users/arseniomuanda/Arpetic/GitHub/Meu Ruca/meuruca/spark(66): CodeIgniter\CLI\Console->run()
#15 {main}
