ERROR - 2023-02-12 04:38:01 --> mysqli_sql_exception: You have an error in your SQL syntax; check the manual that corresponds to your MySQL server version for the right syntax to use near 'cliente' at line 1 in /Users/arseniomuanda/Arpetic/GitHub/Meu Ruca/meuruca/vendor/codeigniter4/framework/system/Database/MySQLi/Connection.php:314
Stack trace:
#0 /Users/arseniomuanda/Arpetic/GitHub/Meu Ruca/meuruca/vendor/codeigniter4/framework/system/Database/MySQLi/Connection.php(314): mysqli->query('SELECT viaturas...')
#1 /Users/arseniomuanda/Arpetic/GitHub/Meu Ruca/meuruca/vendor/codeigniter4/framework/system/Database/BaseConnection.php(715): CodeIgniter\Database\MySQLi\Connection->execute('SELECT viaturas...')
#2 /Users/arseniomuanda/Arpetic/GitHub/Meu Ruca/meuruca/vendor/codeigniter4/framework/system/Database/BaseConnection.php(643): CodeIgniter\Database\BaseConnection->simpleQuery('SELECT viaturas...')
#3 /Users/arseniomuanda/Arpetic/GitHub/Meu Ruca/meuruca/app/Controllers/Admin.php(241): CodeIgniter\Database\BaseConnection->query('SELECT viaturas...')
#4 /Users/arseniomuanda/Arpetic/GitHub/Meu Ruca/meuruca/vendor/codeigniter4/framework/system/CodeIgniter.php(935): App\Controllers\Admin->viaturas('Selecionar clie...')
#5 /Users/arseniomuanda/Arpetic/GitHub/Meu Ruca/meuruca/vendor/codeigniter4/framework/system/CodeIgniter.php(431): CodeIgniter\CodeIgniter->runController(Object(App\Controllers\Admin))
#6 /Users/arseniomuanda/Arpetic/GitHub/Meu Ruca/meuruca/vendor/codeigniter4/framework/system/CodeIgniter.php(332): CodeIgniter\CodeIgniter->handleRequest(NULL, Object(Config\Cache), false)
#7 /Users/arseniomuanda/Arpetic/GitHub/Meu Ruca/meuruca/public/index.php(44): CodeIgniter\CodeIgniter->run()
#8 /Users/arseniomuanda/Arpetic/GitHub/Meu Ruca/meuruca/vendor/codeigniter4/framework/system/Commands/Server/rewrite.php(45): require_once('/Users/arseniom...')
#9 {main}
ERROR - 2023-02-12 04:38:15 --> mysqli_sql_exception: You have an error in your SQL syntax; check the manual that corresponds to your MySQL server version for the right syntax to use near 'cliente' at line 1 in /Users/arseniomuanda/Arpetic/GitHub/Meu Ruca/meuruca/vendor/codeigniter4/framework/system/Database/MySQLi/Connection.php:314
Stack trace:
#0 /Users/arseniomuanda/Arpetic/GitHub/Meu Ruca/meuruca/vendor/codeigniter4/framework/system/Database/MySQLi/Connection.php(314): mysqli->query('SELECT viaturas...')
#1 /Users/arseniomuanda/Arpetic/GitHub/Meu Ruca/meuruca/vendor/codeigniter4/framework/system/Database/BaseConnection.php(715): CodeIgniter\Database\MySQLi\Connection->execute('SELECT viaturas...')
#2 /Users/arseniomuanda/Arpetic/GitHub/Meu Ruca/meuruca/vendor/codeigniter4/framework/system/Database/BaseConnection.php(643): CodeIgniter\Database\BaseConnection->simpleQuery('SELECT viaturas...')
#3 /Users/arseniomuanda/Arpetic/GitHub/Meu Ruca/meuruca/app/Controllers/Admin.php(241): CodeIgniter\Database\BaseConnection->query('SELECT viaturas...')
#4 /Users/arseniomuanda/Arpetic/GitHub/Meu Ruca/meuruca/vendor/codeigniter4/framework/system/CodeIgniter.php(935): App\Controllers\Admin->viaturas('Selecionar clie...')
#5 /Users/arseniomuanda/Arpetic/GitHub/Meu Ruca/meuruca/vendor/codeigniter4/framework/system/CodeIgniter.php(431): CodeIgniter\CodeIgniter->runController(Object(App\Controllers\Admin))
#6 /Users/arseniomuanda/Arpetic/GitHub/Meu Ruca/meuruca/vendor/codeigniter4/framework/system/CodeIgniter.php(332): CodeIgniter\CodeIgniter->handleRequest(NULL, Object(Config\Cache), false)
#7 /Users/arseniomuanda/Arpetic/GitHub/Meu Ruca/meuruca/public/index.php(44): CodeIgniter\CodeIgniter->run()
#8 /Users/arseniomuanda/Arpetic/GitHub/Meu Ruca/meuruca/vendor/codeigniter4/framework/system/Commands/Server/rewrite.php(45): require_once('/Users/arseniom...')
#9 {main}
ERROR - 2023-02-12 04:39:08 --> mysqli_sql_exception: You have an error in your SQL syntax; check the manual that corresponds to your MySQL server version for the right syntax to use near 'cliente' at line 1 in /Users/arseniomuanda/Arpetic/GitHub/Meu Ruca/meuruca/vendor/codeigniter4/framework/system/Database/MySQLi/Connection.php:314
Stack trace:
#0 /Users/arseniomuanda/Arpetic/GitHub/Meu Ruca/meuruca/vendor/codeigniter4/framework/system/Database/MySQLi/Connection.php(314): mysqli->query('SELECT viaturas...')
#1 /Users/arseniomuanda/Arpetic/GitHub/Meu Ruca/meuruca/vendor/codeigniter4/framework/system/Database/BaseConnection.php(715): CodeIgniter\Database\MySQLi\Connection->execute('SELECT viaturas...')
#2 /Users/arseniomuanda/Arpetic/GitHub/Meu Ruca/meuruca/vendor/codeigniter4/framework/system/Database/BaseConnection.php(643): CodeIgniter\Database\BaseConnection->simpleQuery('SELECT viaturas...')
#3 /Users/arseniomuanda/Arpetic/GitHub/Meu Ruca/meuruca/app/Controllers/Admin.php(241): CodeIgniter\Database\BaseConnection->query('SELECT viaturas...')
#4 /Users/arseniomuanda/Arpetic/GitHub/Meu Ruca/meuruca/vendor/codeigniter4/framework/system/CodeIgniter.php(935): App\Controllers\Admin->viaturas('Selecionar clie...')
#5 /Users/arseniomuanda/Arpetic/GitHub/Meu Ruca/meuruca/vendor/codeigniter4/framework/system/CodeIgniter.php(431): CodeIgniter\CodeIgniter->runController(Object(App\Controllers\Admin))
#6 /Users/arseniomuanda/Arpetic/GitHub/Meu Ruca/meuruca/vendor/codeigniter4/framework/system/CodeIgniter.php(332): CodeIgniter\CodeIgniter->handleRequest(NULL, Object(Config\Cache), false)
#7 /Users/arseniomuanda/Arpetic/GitHub/Meu Ruca/meuruca/public/index.php(44): CodeIgniter\CodeIgniter->run()
#8 /Users/arseniomuanda/Arpetic/GitHub/Meu Ruca/meuruca/vendor/codeigniter4/framework/system/Commands/Server/rewrite.php(45): require_once('/Users/arseniom...')
#9 {main}
ERROR - 2023-02-12 10:53:01 --> mysqli_sql_exception: Column 'proprietario' cannot be null in /Users/arseniomuanda/Arpetic/GitHub/Meu Ruca/meuruca/vendor/codeigniter4/framework/system/Database/MySQLi/Connection.php:314
Stack trace:
#0 /Users/arseniomuanda/Arpetic/GitHub/Meu Ruca/meuruca/vendor/codeigniter4/framework/system/Database/MySQLi/Connection.php(314): mysqli->query('INSERT INTO `fa...')
#1 /Users/arseniomuanda/Arpetic/GitHub/Meu Ruca/meuruca/vendor/codeigniter4/framework/system/Database/BaseConnection.php(715): CodeIgniter\Database\MySQLi\Connection->execute('INSERT INTO `fa...')
#2 /Users/arseniomuanda/Arpetic/GitHub/Meu Ruca/meuruca/vendor/codeigniter4/framework/system/Database/BaseConnection.php(643): CodeIgniter\Database\BaseConnection->simpleQuery('INSERT INTO `fa...')
#3 /Users/arseniomuanda/Arpetic/GitHub/Meu Ruca/meuruca/vendor/codeigniter4/framework/system/Database/BaseBuilder.php(2265): CodeIgniter\Database\BaseConnection->query('INSERT INTO `fa...', Array, false)
#4 /Users/arseniomuanda/Arpetic/GitHub/Meu Ruca/meuruca/vendor/codeigniter4/framework/system/Model.php(278): CodeIgniter\Database\BaseBuilder->insert()
#5 /Users/arseniomuanda/Arpetic/GitHub/Meu Ruca/meuruca/vendor/codeigniter4/framework/system/BaseModel.php(758): CodeIgniter\Model->doInsert(Array)
#6 /Users/arseniomuanda/Arpetic/GitHub/Meu Ruca/meuruca/vendor/codeigniter4/framework/system/Model.php(705): CodeIgniter\BaseModel->insert(Array, false)
#7 /Users/arseniomuanda/Arpetic/GitHub/Meu Ruca/meuruca/vendor/codeigniter4/framework/system/BaseModel.php(667): CodeIgniter\Model->insert(Array, false)
#8 /Users/arseniomuanda/Arpetic/GitHub/Meu Ruca/meuruca/app/Helpers/funcao_helper.php(26): CodeIgniter\BaseModel->save(Array)
#9 /Users/arseniomuanda/Arpetic/GitHub/Meu Ruca/meuruca/app/Controllers/Admin.php(326): cadastronormal(Object(App\Models\FacturaModel), Array, Object(CodeIgniter\Database\MySQLi\Connection), Object(App\Models\AuditoriaModel))
#10 /Users/arseniomuanda/Arpetic/GitHub/Meu Ruca/meuruca/vendor/codeigniter4/framework/system/CodeIgniter.php(935): App\Controllers\Admin->newAgendamento()
#11 /Users/arseniomuanda/Arpetic/GitHub/Meu Ruca/meuruca/vendor/codeigniter4/framework/system/CodeIgniter.php(431): CodeIgniter\CodeIgniter->runController(Object(App\Controllers\Admin))
#12 /Users/arseniomuanda/Arpetic/GitHub/Meu Ruca/meuruca/vendor/codeigniter4/framework/system/CodeIgniter.php(332): CodeIgniter\CodeIgniter->handleRequest(NULL, Object(Config\Cache), false)
#13 /Users/arseniomuanda/Arpetic/GitHub/Meu Ruca/meuruca/public/index.php(44): CodeIgniter\CodeIgniter->run()
#14 /Users/arseniomuanda/Arpetic/GitHub/Meu Ruca/meuruca/vendor/codeigniter4/framework/system/Commands/Server/rewrite.php(45): require_once('/Users/arseniom...')
#15 {main}
ERROR - 2023-02-12 10:53:09 --> mysqli_sql_exception: Column 'proprietario' cannot be null in /Users/arseniomuanda/Arpetic/GitHub/Meu Ruca/meuruca/vendor/codeigniter4/framework/system/Database/MySQLi/Connection.php:314
Stack trace:
#0 /Users/arseniomuanda/Arpetic/GitHub/Meu Ruca/meuruca/vendor/codeigniter4/framework/system/Database/MySQLi/Connection.php(314): mysqli->query('INSERT INTO `fa...')
#1 /Users/arseniomuanda/Arpetic/GitHub/Meu Ruca/meuruca/vendor/codeigniter4/framework/system/Database/BaseConnection.php(715): CodeIgniter\Database\MySQLi\Connection->execute('INSERT INTO `fa...')
#2 /Users/arseniomuanda/Arpetic/GitHub/Meu Ruca/meuruca/vendor/codeigniter4/framework/system/Database/BaseConnection.php(643): CodeIgniter\Database\BaseConnection->simpleQuery('INSERT INTO `fa...')
#3 /Users/arseniomuanda/Arpetic/GitHub/Meu Ruca/meuruca/vendor/codeigniter4/framework/system/Database/BaseBuilder.php(2265): CodeIgniter\Database\BaseConnection->query('INSERT INTO `fa...', Array, false)
#4 /Users/arseniomuanda/Arpetic/GitHub/Meu Ruca/meuruca/vendor/codeigniter4/framework/system/Model.php(278): CodeIgniter\Database\BaseBuilder->insert()
#5 /Users/arseniomuanda/Arpetic/GitHub/Meu Ruca/meuruca/vendor/codeigniter4/framework/system/BaseModel.php(758): CodeIgniter\Model->doInsert(Array)
#6 /Users/arseniomuanda/Arpetic/GitHub/Meu Ruca/meuruca/vendor/codeigniter4/framework/system/Model.php(705): CodeIgniter\BaseModel->insert(Array, false)
#7 /Users/arseniomuanda/Arpetic/GitHub/Meu Ruca/meuruca/vendor/codeigniter4/framework/system/BaseModel.php(667): CodeIgniter\Model->insert(Array, false)
#8 /Users/arseniomuanda/Arpetic/GitHub/Meu Ruca/meuruca/app/Helpers/funcao_helper.php(26): CodeIgniter\BaseModel->save(Array)
#9 /Users/arseniomuanda/Arpetic/GitHub/Meu Ruca/meuruca/app/Controllers/Admin.php(326): cadastronormal(Object(App\Models\FacturaModel), Array, Object(CodeIgniter\Database\MySQLi\Connection), Object(App\Models\AuditoriaModel))
#10 /Users/arseniomuanda/Arpetic/GitHub/Meu Ruca/meuruca/vendor/codeigniter4/framework/system/CodeIgniter.php(935): App\Controllers\Admin->newAgendamento()
#11 /Users/arseniomuanda/Arpetic/GitHub/Meu Ruca/meuruca/vendor/codeigniter4/framework/system/CodeIgniter.php(431): CodeIgniter\CodeIgniter->runController(Object(App\Controllers\Admin))
#12 /Users/arseniomuanda/Arpetic/GitHub/Meu Ruca/meuruca/vendor/codeigniter4/framework/system/CodeIgniter.php(332): CodeIgniter\CodeIgniter->handleRequest(NULL, Object(Config\Cache), false)
#13 /Users/arseniomuanda/Arpetic/GitHub/Meu Ruca/meuruca/public/index.php(44): CodeIgniter\CodeIgniter->run()
#14 /Users/arseniomuanda/Arpetic/GitHub/Meu Ruca/meuruca/vendor/codeigniter4/framework/system/Commands/Server/rewrite.php(45): require_once('/Users/arseniom...')
#15 {main}
ERROR - 2023-02-12 10:54:27 --> mysqli_sql_exception: Column 'proprietario' cannot be null in /Users/arseniomuanda/Arpetic/GitHub/Meu Ruca/meuruca/vendor/codeigniter4/framework/system/Database/MySQLi/Connection.php:314
Stack trace:
#0 /Users/arseniomuanda/Arpetic/GitHub/Meu Ruca/meuruca/vendor/codeigniter4/framework/system/Database/MySQLi/Connection.php(314): mysqli->query('INSERT INTO `fa...')
#1 /Users/arseniomuanda/Arpetic/GitHub/Meu Ruca/meuruca/vendor/codeigniter4/framework/system/Database/BaseConnection.php(715): CodeIgniter\Database\MySQLi\Connection->execute('INSERT INTO `fa...')
#2 /Users/arseniomuanda/Arpetic/GitHub/Meu Ruca/meuruca/vendor/codeigniter4/framework/system/Database/BaseConnection.php(643): CodeIgniter\Database\BaseConnection->simpleQuery('INSERT INTO `fa...')
#3 /Users/arseniomuanda/Arpetic/GitHub/Meu Ruca/meuruca/vendor/codeigniter4/framework/system/Database/BaseBuilder.php(2265): CodeIgniter\Database\BaseConnection->query('INSERT INTO `fa...', Array, false)
#4 /Users/arseniomuanda/Arpetic/GitHub/Meu Ruca/meuruca/vendor/codeigniter4/framework/system/Model.php(278): CodeIgniter\Database\BaseBuilder->insert()
#5 /Users/arseniomuanda/Arpetic/GitHub/Meu Ruca/meuruca/vendor/codeigniter4/framework/system/BaseModel.php(758): CodeIgniter\Model->doInsert(Array)
#6 /Users/arseniomuanda/Arpetic/GitHub/Meu Ruca/meuruca/vendor/codeigniter4/framework/system/Model.php(705): CodeIgniter\BaseModel->insert(Array, false)
#7 /Users/arseniomuanda/Arpetic/GitHub/Meu Ruca/meuruca/vendor/codeigniter4/framework/system/BaseModel.php(667): CodeIgniter\Model->insert(Array, false)
#8 /Users/arseniomuanda/Arpetic/GitHub/Meu Ruca/meuruca/app/Helpers/funcao_helper.php(26): CodeIgniter\BaseModel->save(Array)
#9 /Users/arseniomuanda/Arpetic/GitHub/Meu Ruca/meuruca/app/Controllers/Admin.php(326): cadastronormal(Object(App\Models\FacturaModel), Array, Object(CodeIgniter\Database\MySQLi\Connection), Object(App\Models\AuditoriaModel))
#10 /Users/arseniomuanda/Arpetic/GitHub/Meu Ruca/meuruca/vendor/codeigniter4/framework/system/CodeIgniter.php(935): App\Controllers\Admin->newAgendamento()
#11 /Users/arseniomuanda/Arpetic/GitHub/Meu Ruca/meuruca/vendor/codeigniter4/framework/system/CodeIgniter.php(431): CodeIgniter\CodeIgniter->runController(Object(App\Controllers\Admin))
#12 /Users/arseniomuanda/Arpetic/GitHub/Meu Ruca/meuruca/vendor/codeigniter4/framework/system/CodeIgniter.php(332): CodeIgniter\CodeIgniter->handleRequest(NULL, Object(Config\Cache), false)
#13 /Users/arseniomuanda/Arpetic/GitHub/Meu Ruca/meuruca/public/index.php(44): CodeIgniter\CodeIgniter->run()
#14 /Users/arseniomuanda/Arpetic/GitHub/Meu Ruca/meuruca/vendor/codeigniter4/framework/system/Commands/Server/rewrite.php(45): require_once('/Users/arseniom...')
#15 {main}
ERROR - 2023-02-12 11:08:08 --> mysqli_sql_exception: Column 'proprietario' cannot be null in /Users/arseniomuanda/Arpetic/GitHub/Meu Ruca/meuruca/vendor/codeigniter4/framework/system/Database/MySQLi/Connection.php:314
Stack trace:
#0 /Users/arseniomuanda/Arpetic/GitHub/Meu Ruca/meuruca/vendor/codeigniter4/framework/system/Database/MySQLi/Connection.php(314): mysqli->query('INSERT INTO `fa...')
#1 /Users/arseniomuanda/Arpetic/GitHub/Meu Ruca/meuruca/vendor/codeigniter4/framework/system/Database/BaseConnection.php(715): CodeIgniter\Database\MySQLi\Connection->execute('INSERT INTO `fa...')
#2 /Users/arseniomuanda/Arpetic/GitHub/Meu Ruca/meuruca/vendor/codeigniter4/framework/system/Database/BaseConnection.php(643): CodeIgniter\Database\BaseConnection->simpleQuery('INSERT INTO `fa...')
#3 /Users/arseniomuanda/Arpetic/GitHub/Meu Ruca/meuruca/vendor/codeigniter4/framework/system/Database/BaseBuilder.php(2265): CodeIgniter\Database\BaseConnection->query('INSERT INTO `fa...', Array, false)
#4 /Users/arseniomuanda/Arpetic/GitHub/Meu Ruca/meuruca/vendor/codeigniter4/framework/system/Model.php(278): CodeIgniter\Database\BaseBuilder->insert()
#5 /Users/arseniomuanda/Arpetic/GitHub/Meu Ruca/meuruca/vendor/codeigniter4/framework/system/BaseModel.php(758): CodeIgniter\Model->doInsert(Array)
#6 /Users/arseniomuanda/Arpetic/GitHub/Meu Ruca/meuruca/vendor/codeigniter4/framework/system/Model.php(705): CodeIgniter\BaseModel->insert(Array, false)
#7 /Users/arseniomuanda/Arpetic/GitHub/Meu Ruca/meuruca/vendor/codeigniter4/framework/system/BaseModel.php(667): CodeIgniter\Model->insert(Array, false)
#8 /Users/arseniomuanda/Arpetic/GitHub/Meu Ruca/meuruca/app/Helpers/funcao_helper.php(26): CodeIgniter\BaseModel->save(Array)
#9 /Users/arseniomuanda/Arpetic/GitHub/Meu Ruca/meuruca/app/Controllers/Admin.php(326): cadastronormal(Object(App\Models\FacturaModel), Array, Object(CodeIgniter\Database\MySQLi\Connection), Object(App\Models\AuditoriaModel))
#10 /Users/arseniomuanda/Arpetic/GitHub/Meu Ruca/meuruca/vendor/codeigniter4/framework/system/CodeIgniter.php(935): App\Controllers\Admin->newAgendamento()
#11 /Users/arseniomuanda/Arpetic/GitHub/Meu Ruca/meuruca/vendor/codeigniter4/framework/system/CodeIgniter.php(431): CodeIgniter\CodeIgniter->runController(Object(App\Controllers\Admin))
#12 /Users/arseniomuanda/Arpetic/GitHub/Meu Ruca/meuruca/vendor/codeigniter4/framework/system/CodeIgniter.php(332): CodeIgniter\CodeIgniter->handleRequest(NULL, Object(Config\Cache), false)
#13 /Users/arseniomuanda/Arpetic/GitHub/Meu Ruca/meuruca/public/index.php(44): CodeIgniter\CodeIgniter->run()
#14 /Users/arseniomuanda/Arpetic/GitHub/Meu Ruca/meuruca/vendor/codeigniter4/framework/system/Commands/Server/rewrite.php(45): require_once('/Users/arseniom...')
#15 {main}
ERROR - 2023-02-12 11:09:18 --> mysqli_sql_exception: Column 'proprietario' cannot be null in /Users/arseniomuanda/Arpetic/GitHub/Meu Ruca/meuruca/vendor/codeigniter4/framework/system/Database/MySQLi/Connection.php:314
Stack trace:
#0 /Users/arseniomuanda/Arpetic/GitHub/Meu Ruca/meuruca/vendor/codeigniter4/framework/system/Database/MySQLi/Connection.php(314): mysqli->query('INSERT INTO `fa...')
#1 /Users/arseniomuanda/Arpetic/GitHub/Meu Ruca/meuruca/vendor/codeigniter4/framework/system/Database/BaseConnection.php(715): CodeIgniter\Database\MySQLi\Connection->execute('INSERT INTO `fa...')
#2 /Users/arseniomuanda/Arpetic/GitHub/Meu Ruca/meuruca/vendor/codeigniter4/framework/system/Database/BaseConnection.php(643): CodeIgniter\Database\BaseConnection->simpleQuery('INSERT INTO `fa...')
#3 /Users/arseniomuanda/Arpetic/GitHub/Meu Ruca/meuruca/vendor/codeigniter4/framework/system/Database/BaseBuilder.php(2265): CodeIgniter\Database\BaseConnection->query('INSERT INTO `fa...', Array, false)
#4 /Users/arseniomuanda/Arpetic/GitHub/Meu Ruca/meuruca/vendor/codeigniter4/framework/system/Model.php(278): CodeIgniter\Database\BaseBuilder->insert()
#5 /Users/arseniomuanda/Arpetic/GitHub/Meu Ruca/meuruca/vendor/codeigniter4/framework/system/BaseModel.php(758): CodeIgniter\Model->doInsert(Array)
#6 /Users/arseniomuanda/Arpetic/GitHub/Meu Ruca/meuruca/vendor/codeigniter4/framework/system/Model.php(705): CodeIgniter\BaseModel->insert(Array, false)
#7 /Users/arseniomuanda/Arpetic/GitHub/Meu Ruca/meuruca/vendor/codeigniter4/framework/system/BaseModel.php(667): CodeIgniter\Model->insert(Array, false)
#8 /Users/arseniomuanda/Arpetic/GitHub/Meu Ruca/meuruca/app/Helpers/funcao_helper.php(26): CodeIgniter\BaseModel->save(Array)
#9 /Users/arseniomuanda/Arpetic/GitHub/Meu Ruca/meuruca/app/Controllers/Admin.php(326): cadastronormal(Object(App\Models\FacturaModel), Array, Object(CodeIgniter\Database\MySQLi\Connection), Object(App\Models\AuditoriaModel))
#10 /Users/arseniomuanda/Arpetic/GitHub/Meu Ruca/meuruca/vendor/codeigniter4/framework/system/CodeIgniter.php(935): App\Controllers\Admin->newAgendamento()
#11 /Users/arseniomuanda/Arpetic/GitHub/Meu Ruca/meuruca/vendor/codeigniter4/framework/system/CodeIgniter.php(431): CodeIgniter\CodeIgniter->runController(Object(App\Controllers\Admin))
#12 /Users/arseniomuanda/Arpetic/GitHub/Meu Ruca/meuruca/vendor/codeigniter4/framework/system/CodeIgniter.php(332): CodeIgniter\CodeIgniter->handleRequest(NULL, Object(Config\Cache), false)
#13 /Users/arseniomuanda/Arpetic/GitHub/Meu Ruca/meuruca/public/index.php(44): CodeIgniter\CodeIgniter->run()
#14 /Users/arseniomuanda/Arpetic/GitHub/Meu Ruca/meuruca/vendor/codeigniter4/framework/system/Commands/Server/rewrite.php(45): require_once('/Users/arseniom...')
#15 {main}
ERROR - 2023-02-12 11:10:02 --> mysqli_sql_exception: Column 'proprietario' cannot be null in /Users/arseniomuanda/Arpetic/GitHub/Meu Ruca/meuruca/vendor/codeigniter4/framework/system/Database/MySQLi/Connection.php:314
Stack trace:
#0 /Users/arseniomuanda/Arpetic/GitHub/Meu Ruca/meuruca/vendor/codeigniter4/framework/system/Database/MySQLi/Connection.php(314): mysqli->query('INSERT INTO `fa...')
#1 /Users/arseniomuanda/Arpetic/GitHub/Meu Ruca/meuruca/vendor/codeigniter4/framework/system/Database/BaseConnection.php(715): CodeIgniter\Database\MySQLi\Connection->execute('INSERT INTO `fa...')
#2 /Users/arseniomuanda/Arpetic/GitHub/Meu Ruca/meuruca/vendor/codeigniter4/framework/system/Database/BaseConnection.php(643): CodeIgniter\Database\BaseConnection->simpleQuery('INSERT INTO `fa...')
#3 /Users/arseniomuanda/Arpetic/GitHub/Meu Ruca/meuruca/vendor/codeigniter4/framework/system/Database/BaseBuilder.php(2265): CodeIgniter\Database\BaseConnection->query('INSERT INTO `fa...', Array, false)
#4 /Users/arseniomuanda/Arpetic/GitHub/Meu Ruca/meuruca/vendor/codeigniter4/framework/system/Model.php(278): CodeIgniter\Database\BaseBuilder->insert()
#5 /Users/arseniomuanda/Arpetic/GitHub/Meu Ruca/meuruca/vendor/codeigniter4/framework/system/BaseModel.php(758): CodeIgniter\Model->doInsert(Array)
#6 /Users/arseniomuanda/Arpetic/GitHub/Meu Ruca/meuruca/vendor/codeigniter4/framework/system/Model.php(705): CodeIgniter\BaseModel->insert(Array, false)
#7 /Users/arseniomuanda/Arpetic/GitHub/Meu Ruca/meuruca/vendor/codeigniter4/framework/system/BaseModel.php(667): CodeIgniter\Model->insert(Array, false)
#8 /Users/arseniomuanda/Arpetic/GitHub/Meu Ruca/meuruca/app/Helpers/funcao_helper.php(26): CodeIgniter\BaseModel->save(Array)
#9 /Users/arseniomuanda/Arpetic/GitHub/Meu Ruca/meuruca/app/Controllers/Admin.php(326): cadastronormal(Object(App\Models\FacturaModel), Array, Object(CodeIgniter\Database\MySQLi\Connection), Object(App\Models\AuditoriaModel))
#10 /Users/arseniomuanda/Arpetic/GitHub/Meu Ruca/meuruca/vendor/codeigniter4/framework/system/CodeIgniter.php(935): App\Controllers\Admin->newAgendamento()
#11 /Users/arseniomuanda/Arpetic/GitHub/Meu Ruca/meuruca/vendor/codeigniter4/framework/system/CodeIgniter.php(431): CodeIgniter\CodeIgniter->runController(Object(App\Controllers\Admin))
#12 /Users/arseniomuanda/Arpetic/GitHub/Meu Ruca/meuruca/vendor/codeigniter4/framework/system/CodeIgniter.php(332): CodeIgniter\CodeIgniter->handleRequest(NULL, Object(Config\Cache), false)
#13 /Users/arseniomuanda/Arpetic/GitHub/Meu Ruca/meuruca/public/index.php(44): CodeIgniter\CodeIgniter->run()
#14 /Users/arseniomuanda/Arpetic/GitHub/Meu Ruca/meuruca/vendor/codeigniter4/framework/system/Commands/Server/rewrite.php(45): require_once('/Users/arseniom...')
#15 {main}
ERROR - 2023-02-12 11:10:22 --> mysqli_sql_exception: Column 'proprietario' cannot be null in /Users/arseniomuanda/Arpetic/GitHub/Meu Ruca/meuruca/vendor/codeigniter4/framework/system/Database/MySQLi/Connection.php:314
Stack trace:
#0 /Users/arseniomuanda/Arpetic/GitHub/Meu Ruca/meuruca/vendor/codeigniter4/framework/system/Database/MySQLi/Connection.php(314): mysqli->query('INSERT INTO `fa...')
#1 /Users/arseniomuanda/Arpetic/GitHub/Meu Ruca/meuruca/vendor/codeigniter4/framework/system/Database/BaseConnection.php(715): CodeIgniter\Database\MySQLi\Connection->execute('INSERT INTO `fa...')
#2 /Users/arseniomuanda/Arpetic/GitHub/Meu Ruca/meuruca/vendor/codeigniter4/framework/system/Database/BaseConnection.php(643): CodeIgniter\Database\BaseConnection->simpleQuery('INSERT INTO `fa...')
#3 /Users/arseniomuanda/Arpetic/GitHub/Meu Ruca/meuruca/vendor/codeigniter4/framework/system/Database/BaseBuilder.php(2265): CodeIgniter\Database\BaseConnection->query('INSERT INTO `fa...', Array, false)
#4 /Users/arseniomuanda/Arpetic/GitHub/Meu Ruca/meuruca/vendor/codeigniter4/framework/system/Model.php(278): CodeIgniter\Database\BaseBuilder->insert()
#5 /Users/arseniomuanda/Arpetic/GitHub/Meu Ruca/meuruca/vendor/codeigniter4/framework/system/BaseModel.php(758): CodeIgniter\Model->doInsert(Array)
#6 /Users/arseniomuanda/Arpetic/GitHub/Meu Ruca/meuruca/vendor/codeigniter4/framework/system/Model.php(705): CodeIgniter\BaseModel->insert(Array, false)
#7 /Users/arseniomuanda/Arpetic/GitHub/Meu Ruca/meuruca/vendor/codeigniter4/framework/system/BaseModel.php(667): CodeIgniter\Model->insert(Array, false)
#8 /Users/arseniomuanda/Arpetic/GitHub/Meu Ruca/meuruca/app/Helpers/funcao_helper.php(26): CodeIgniter\BaseModel->save(Array)
#9 /Users/arseniomuanda/Arpetic/GitHub/Meu Ruca/meuruca/app/Controllers/Admin.php(326): cadastronormal(Object(App\Models\FacturaModel), Array, Object(CodeIgniter\Database\MySQLi\Connection), Object(App\Models\AuditoriaModel))
#10 /Users/arseniomuanda/Arpetic/GitHub/Meu Ruca/meuruca/vendor/codeigniter4/framework/system/CodeIgniter.php(935): App\Controllers\Admin->newAgendamento()
#11 /Users/arseniomuanda/Arpetic/GitHub/Meu Ruca/meuruca/vendor/codeigniter4/framework/system/CodeIgniter.php(431): CodeIgniter\CodeIgniter->runController(Object(App\Controllers\Admin))
#12 /Users/arseniomuanda/Arpetic/GitHub/Meu Ruca/meuruca/vendor/codeigniter4/framework/system/CodeIgniter.php(332): CodeIgniter\CodeIgniter->handleRequest(NULL, Object(Config\Cache), false)
#13 /Users/arseniomuanda/Arpetic/GitHub/Meu Ruca/meuruca/public/index.php(44): CodeIgniter\CodeIgniter->run()
#14 /Users/arseniomuanda/Arpetic/GitHub/Meu Ruca/meuruca/vendor/codeigniter4/framework/system/Commands/Server/rewrite.php(45): require_once('/Users/arseniom...')
#15 {main}
ERROR - 2023-02-12 11:10:47 --> mysqli_sql_exception: Column 'proprietario' cannot be null in /Users/arseniomuanda/Arpetic/GitHub/Meu Ruca/meuruca/vendor/codeigniter4/framework/system/Database/MySQLi/Connection.php:314
Stack trace:
#0 /Users/arseniomuanda/Arpetic/GitHub/Meu Ruca/meuruca/vendor/codeigniter4/framework/system/Database/MySQLi/Connection.php(314): mysqli->query('INSERT INTO `fa...')
#1 /Users/arseniomuanda/Arpetic/GitHub/Meu Ruca/meuruca/vendor/codeigniter4/framework/system/Database/BaseConnection.php(715): CodeIgniter\Database\MySQLi\Connection->execute('INSERT INTO `fa...')
#2 /Users/arseniomuanda/Arpetic/GitHub/Meu Ruca/meuruca/vendor/codeigniter4/framework/system/Database/BaseConnection.php(643): CodeIgniter\Database\BaseConnection->simpleQuery('INSERT INTO `fa...')
#3 /Users/arseniomuanda/Arpetic/GitHub/Meu Ruca/meuruca/vendor/codeigniter4/framework/system/Database/BaseBuilder.php(2265): CodeIgniter\Database\BaseConnection->query('INSERT INTO `fa...', Array, false)
#4 /Users/arseniomuanda/Arpetic/GitHub/Meu Ruca/meuruca/vendor/codeigniter4/framework/system/Model.php(278): CodeIgniter\Database\BaseBuilder->insert()
#5 /Users/arseniomuanda/Arpetic/GitHub/Meu Ruca/meuruca/vendor/codeigniter4/framework/system/BaseModel.php(758): CodeIgniter\Model->doInsert(Array)
#6 /Users/arseniomuanda/Arpetic/GitHub/Meu Ruca/meuruca/vendor/codeigniter4/framework/system/Model.php(705): CodeIgniter\BaseModel->insert(Array, false)
#7 /Users/arseniomuanda/Arpetic/GitHub/Meu Ruca/meuruca/vendor/codeigniter4/framework/system/BaseModel.php(667): CodeIgniter\Model->insert(Array, false)
#8 /Users/arseniomuanda/Arpetic/GitHub/Meu Ruca/meuruca/app/Helpers/funcao_helper.php(26): CodeIgniter\BaseModel->save(Array)
#9 /Users/arseniomuanda/Arpetic/GitHub/Meu Ruca/meuruca/app/Controllers/Admin.php(326): cadastronormal(Object(App\Models\FacturaModel), Array, Object(CodeIgniter\Database\MySQLi\Connection), Object(App\Models\AuditoriaModel))
#10 /Users/arseniomuanda/Arpetic/GitHub/Meu Ruca/meuruca/vendor/codeigniter4/framework/system/CodeIgniter.php(935): App\Controllers\Admin->newAgendamento()
#11 /Users/arseniomuanda/Arpetic/GitHub/Meu Ruca/meuruca/vendor/codeigniter4/framework/system/CodeIgniter.php(431): CodeIgniter\CodeIgniter->runController(Object(App\Controllers\Admin))
#12 /Users/arseniomuanda/Arpetic/GitHub/Meu Ruca/meuruca/vendor/codeigniter4/framework/system/CodeIgniter.php(332): CodeIgniter\CodeIgniter->handleRequest(NULL, Object(Config\Cache), false)
#13 /Users/arseniomuanda/Arpetic/GitHub/Meu Ruca/meuruca/public/index.php(44): CodeIgniter\CodeIgniter->run()
#14 /Users/arseniomuanda/Arpetic/GitHub/Meu Ruca/meuruca/vendor/codeigniter4/framework/system/Commands/Server/rewrite.php(45): require_once('/Users/arseniom...')
#15 {main}
ERROR - 2023-02-12 11:11:04 --> mysqli_sql_exception: Column 'proprietario' cannot be null in /Users/arseniomuanda/Arpetic/GitHub/Meu Ruca/meuruca/vendor/codeigniter4/framework/system/Database/MySQLi/Connection.php:314
Stack trace:
#0 /Users/arseniomuanda/Arpetic/GitHub/Meu Ruca/meuruca/vendor/codeigniter4/framework/system/Database/MySQLi/Connection.php(314): mysqli->query('INSERT INTO `fa...')
#1 /Users/arseniomuanda/Arpetic/GitHub/Meu Ruca/meuruca/vendor/codeigniter4/framework/system/Database/BaseConnection.php(715): CodeIgniter\Database\MySQLi\Connection->execute('INSERT INTO `fa...')
#2 /Users/arseniomuanda/Arpetic/GitHub/Meu Ruca/meuruca/vendor/codeigniter4/framework/system/Database/BaseConnection.php(643): CodeIgniter\Database\BaseConnection->simpleQuery('INSERT INTO `fa...')
#3 /Users/arseniomuanda/Arpetic/GitHub/Meu Ruca/meuruca/vendor/codeigniter4/framework/system/Database/BaseBuilder.php(2265): CodeIgniter\Database\BaseConnection->query('INSERT INTO `fa...', Array, false)
#4 /Users/arseniomuanda/Arpetic/GitHub/Meu Ruca/meuruca/vendor/codeigniter4/framework/system/Model.php(278): CodeIgniter\Database\BaseBuilder->insert()
#5 /Users/arseniomuanda/Arpetic/GitHub/Meu Ruca/meuruca/vendor/codeigniter4/framework/system/BaseModel.php(758): CodeIgniter\Model->doInsert(Array)
#6 /Users/arseniomuanda/Arpetic/GitHub/Meu Ruca/meuruca/vendor/codeigniter4/framework/system/Model.php(705): CodeIgniter\BaseModel->insert(Array, false)
#7 /Users/arseniomuanda/Arpetic/GitHub/Meu Ruca/meuruca/vendor/codeigniter4/framework/system/BaseModel.php(667): CodeIgniter\Model->insert(Array, false)
#8 /Users/arseniomuanda/Arpetic/GitHub/Meu Ruca/meuruca/app/Helpers/funcao_helper.php(26): CodeIgniter\BaseModel->save(Array)
#9 /Users/arseniomuanda/Arpetic/GitHub/Meu Ruca/meuruca/app/Controllers/Admin.php(326): cadastronormal(Object(App\Models\FacturaModel), Array, Object(CodeIgniter\Database\MySQLi\Connection), Object(App\Models\AuditoriaModel))
#10 /Users/arseniomuanda/Arpetic/GitHub/Meu Ruca/meuruca/vendor/codeigniter4/framework/system/CodeIgniter.php(935): App\Controllers\Admin->newAgendamento()
#11 /Users/arseniomuanda/Arpetic/GitHub/Meu Ruca/meuruca/vendor/codeigniter4/framework/system/CodeIgniter.php(431): CodeIgniter\CodeIgniter->runController(Object(App\Controllers\Admin))
#12 /Users/arseniomuanda/Arpetic/GitHub/Meu Ruca/meuruca/vendor/codeigniter4/framework/system/CodeIgniter.php(332): CodeIgniter\CodeIgniter->handleRequest(NULL, Object(Config\Cache), false)
#13 /Users/arseniomuanda/Arpetic/GitHub/Meu Ruca/meuruca/public/index.php(44): CodeIgniter\CodeIgniter->run()
#14 /Users/arseniomuanda/Arpetic/GitHub/Meu Ruca/meuruca/vendor/codeigniter4/framework/system/Commands/Server/rewrite.php(45): require_once('/Users/arseniom...')
#15 {main}
ERROR - 2023-02-12 11:11:29 --> mysqli_sql_exception: Column 'proprietario' cannot be null in /Users/arseniomuanda/Arpetic/GitHub/Meu Ruca/meuruca/vendor/codeigniter4/framework/system/Database/MySQLi/Connection.php:314
Stack trace:
#0 /Users/arseniomuanda/Arpetic/GitHub/Meu Ruca/meuruca/vendor/codeigniter4/framework/system/Database/MySQLi/Connection.php(314): mysqli->query('INSERT INTO `fa...')
#1 /Users/arseniomuanda/Arpetic/GitHub/Meu Ruca/meuruca/vendor/codeigniter4/framework/system/Database/BaseConnection.php(715): CodeIgniter\Database\MySQLi\Connection->execute('INSERT INTO `fa...')
#2 /Users/arseniomuanda/Arpetic/GitHub/Meu Ruca/meuruca/vendor/codeigniter4/framework/system/Database/BaseConnection.php(643): CodeIgniter\Database\BaseConnection->simpleQuery('INSERT INTO `fa...')
#3 /Users/arseniomuanda/Arpetic/GitHub/Meu Ruca/meuruca/vendor/codeigniter4/framework/system/Database/BaseBuilder.php(2265): CodeIgniter\Database\BaseConnection->query('INSERT INTO `fa...', Array, false)
#4 /Users/arseniomuanda/Arpetic/GitHub/Meu Ruca/meuruca/vendor/codeigniter4/framework/system/Model.php(278): CodeIgniter\Database\BaseBuilder->insert()
#5 /Users/arseniomuanda/Arpetic/GitHub/Meu Ruca/meuruca/vendor/codeigniter4/framework/system/BaseModel.php(758): CodeIgniter\Model->doInsert(Array)
#6 /Users/arseniomuanda/Arpetic/GitHub/Meu Ruca/meuruca/vendor/codeigniter4/framework/system/Model.php(705): CodeIgniter\BaseModel->insert(Array, false)
#7 /Users/arseniomuanda/Arpetic/GitHub/Meu Ruca/meuruca/vendor/codeigniter4/framework/system/BaseModel.php(667): CodeIgniter\Model->insert(Array, false)
#8 /Users/arseniomuanda/Arpetic/GitHub/Meu Ruca/meuruca/app/Helpers/funcao_helper.php(26): CodeIgniter\BaseModel->save(Array)
#9 /Users/arseniomuanda/Arpetic/GitHub/Meu Ruca/meuruca/app/Controllers/Admin.php(326): cadastronormal(Object(App\Models\FacturaModel), Array, Object(CodeIgniter\Database\MySQLi\Connection), Object(App\Models\AuditoriaModel))
#10 /Users/arseniomuanda/Arpetic/GitHub/Meu Ruca/meuruca/vendor/codeigniter4/framework/system/CodeIgniter.php(935): App\Controllers\Admin->newAgendamento()
#11 /Users/arseniomuanda/Arpetic/GitHub/Meu Ruca/meuruca/vendor/codeigniter4/framework/system/CodeIgniter.php(431): CodeIgniter\CodeIgniter->runController(Object(App\Controllers\Admin))
#12 /Users/arseniomuanda/Arpetic/GitHub/Meu Ruca/meuruca/vendor/codeigniter4/framework/system/CodeIgniter.php(332): CodeIgniter\CodeIgniter->handleRequest(NULL, Object(Config\Cache), false)
#13 /Users/arseniomuanda/Arpetic/GitHub/Meu Ruca/meuruca/public/index.php(44): CodeIgniter\CodeIgniter->run()
#14 /Users/arseniomuanda/Arpetic/GitHub/Meu Ruca/meuruca/vendor/codeigniter4/framework/system/Commands/Server/rewrite.php(45): require_once('/Users/arseniom...')
#15 {main}
ERROR - 2023-02-12 11:27:40 --> mysqli_sql_exception: Column 'proprietario' cannot be null in /Users/arseniomuanda/Arpetic/GitHub/Meu Ruca/meuruca/vendor/codeigniter4/framework/system/Database/MySQLi/Connection.php:314
Stack trace:
#0 /Users/arseniomuanda/Arpetic/GitHub/Meu Ruca/meuruca/vendor/codeigniter4/framework/system/Database/MySQLi/Connection.php(314): mysqli->query('INSERT INTO `fa...')
#1 /Users/arseniomuanda/Arpetic/GitHub/Meu Ruca/meuruca/vendor/codeigniter4/framework/system/Database/BaseConnection.php(715): CodeIgniter\Database\MySQLi\Connection->execute('INSERT INTO `fa...')
#2 /Users/arseniomuanda/Arpetic/GitHub/Meu Ruca/meuruca/vendor/codeigniter4/framework/system/Database/BaseConnection.php(643): CodeIgniter\Database\BaseConnection->simpleQuery('INSERT INTO `fa...')
#3 /Users/arseniomuanda/Arpetic/GitHub/Meu Ruca/meuruca/vendor/codeigniter4/framework/system/Database/BaseBuilder.php(2265): CodeIgniter\Database\BaseConnection->query('INSERT INTO `fa...', Array, false)
#4 /Users/arseniomuanda/Arpetic/GitHub/Meu Ruca/meuruca/vendor/codeigniter4/framework/system/Model.php(278): CodeIgniter\Database\BaseBuilder->insert()
#5 /Users/arseniomuanda/Arpetic/GitHub/Meu Ruca/meuruca/vendor/codeigniter4/framework/system/BaseModel.php(758): CodeIgniter\Model->doInsert(Array)
#6 /Users/arseniomuanda/Arpetic/GitHub/Meu Ruca/meuruca/vendor/codeigniter4/framework/system/Model.php(705): CodeIgniter\BaseModel->insert(Array, false)
#7 /Users/arseniomuanda/Arpetic/GitHub/Meu Ruca/meuruca/vendor/codeigniter4/framework/system/BaseModel.php(667): CodeIgniter\Model->insert(Array, false)
#8 /Users/arseniomuanda/Arpetic/GitHub/Meu Ruca/meuruca/app/Helpers/funcao_helper.php(26): CodeIgniter\BaseModel->save(Array)
#9 /Users/arseniomuanda/Arpetic/GitHub/Meu Ruca/meuruca/app/Controllers/Admin.php(326): cadastronormal(Object(App\Models\FacturaModel), Array, Object(CodeIgniter\Database\MySQLi\Connection), Object(App\Models\AuditoriaModel))
#10 /Users/arseniomuanda/Arpetic/GitHub/Meu Ruca/meuruca/vendor/codeigniter4/framework/system/CodeIgniter.php(935): App\Controllers\Admin->newAgendamento()
#11 /Users/arseniomuanda/Arpetic/GitHub/Meu Ruca/meuruca/vendor/codeigniter4/framework/system/CodeIgniter.php(431): CodeIgniter\CodeIgniter->runController(Object(App\Controllers\Admin))
#12 /Users/arseniomuanda/Arpetic/GitHub/Meu Ruca/meuruca/vendor/codeigniter4/framework/system/CodeIgniter.php(332): CodeIgniter\CodeIgniter->handleRequest(NULL, Object(Config\Cache), false)
#13 /Users/arseniomuanda/Arpetic/GitHub/Meu Ruca/meuruca/public/index.php(44): CodeIgniter\CodeIgniter->run()
#14 /Users/arseniomuanda/Arpetic/GitHub/Meu Ruca/meuruca/vendor/codeigniter4/framework/system/Commands/Server/rewrite.php(45): require_once('/Users/arseniom...')
#15 {main}
ERROR - 2023-02-12 11:27:43 --> mysqli_sql_exception: Column 'proprietario' cannot be null in /Users/arseniomuanda/Arpetic/GitHub/Meu Ruca/meuruca/vendor/codeigniter4/framework/system/Database/MySQLi/Connection.php:314
Stack trace:
#0 /Users/arseniomuanda/Arpetic/GitHub/Meu Ruca/meuruca/vendor/codeigniter4/framework/system/Database/MySQLi/Connection.php(314): mysqli->query('INSERT INTO `fa...')
#1 /Users/arseniomuanda/Arpetic/GitHub/Meu Ruca/meuruca/vendor/codeigniter4/framework/system/Database/BaseConnection.php(715): CodeIgniter\Database\MySQLi\Connection->execute('INSERT INTO `fa...')
#2 /Users/arseniomuanda/Arpetic/GitHub/Meu Ruca/meuruca/vendor/codeigniter4/framework/system/Database/BaseConnection.php(643): CodeIgniter\Database\BaseConnection->simpleQuery('INSERT INTO `fa...')
#3 /Users/arseniomuanda/Arpetic/GitHub/Meu Ruca/meuruca/vendor/codeigniter4/framework/system/Database/BaseBuilder.php(2265): CodeIgniter\Database\BaseConnection->query('INSERT INTO `fa...', Array, false)
#4 /Users/arseniomuanda/Arpetic/GitHub/Meu Ruca/meuruca/vendor/codeigniter4/framework/system/Model.php(278): CodeIgniter\Database\BaseBuilder->insert()
#5 /Users/arseniomuanda/Arpetic/GitHub/Meu Ruca/meuruca/vendor/codeigniter4/framework/system/BaseModel.php(758): CodeIgniter\Model->doInsert(Array)
#6 /Users/arseniomuanda/Arpetic/GitHub/Meu Ruca/meuruca/vendor/codeigniter4/framework/system/Model.php(705): CodeIgniter\BaseModel->insert(Array, false)
#7 /Users/arseniomuanda/Arpetic/GitHub/Meu Ruca/meuruca/vendor/codeigniter4/framework/system/BaseModel.php(667): CodeIgniter\Model->insert(Array, false)
#8 /Users/arseniomuanda/Arpetic/GitHub/Meu Ruca/meuruca/app/Helpers/funcao_helper.php(26): CodeIgniter\BaseModel->save(Array)
#9 /Users/arseniomuanda/Arpetic/GitHub/Meu Ruca/meuruca/app/Controllers/Admin.php(326): cadastronormal(Object(App\Models\FacturaModel), Array, Object(CodeIgniter\Database\MySQLi\Connection), Object(App\Models\AuditoriaModel))
#10 /Users/arseniomuanda/Arpetic/GitHub/Meu Ruca/meuruca/vendor/codeigniter4/framework/system/CodeIgniter.php(935): App\Controllers\Admin->newAgendamento()
#11 /Users/arseniomuanda/Arpetic/GitHub/Meu Ruca/meuruca/vendor/codeigniter4/framework/system/CodeIgniter.php(431): CodeIgniter\CodeIgniter->runController(Object(App\Controllers\Admin))
#12 /Users/arseniomuanda/Arpetic/GitHub/Meu Ruca/meuruca/vendor/codeigniter4/framework/system/CodeIgniter.php(332): CodeIgniter\CodeIgniter->handleRequest(NULL, Object(Config\Cache), false)
#13 /Users/arseniomuanda/Arpetic/GitHub/Meu Ruca/meuruca/public/index.php(44): CodeIgniter\CodeIgniter->run()
#14 /Users/arseniomuanda/Arpetic/GitHub/Meu Ruca/meuruca/vendor/codeigniter4/framework/system/Commands/Server/rewrite.php(45): require_once('/Users/arseniom...')
#15 {main}
ERROR - 2023-02-12 19:00:00 --> mysqli_sql_exception: Column 'proprietario' cannot be null in /Users/arseniomuanda/Arpetic/GitHub/Meu Ruca/meuruca/vendor/codeigniter4/framework/system/Database/MySQLi/Connection.php:314
Stack trace:
#0 /Users/arseniomuanda/Arpetic/GitHub/Meu Ruca/meuruca/vendor/codeigniter4/framework/system/Database/MySQLi/Connection.php(314): mysqli->query('INSERT INTO `fa...')
#1 /Users/arseniomuanda/Arpetic/GitHub/Meu Ruca/meuruca/vendor/codeigniter4/framework/system/Database/BaseConnection.php(715): CodeIgniter\Database\MySQLi\Connection->execute('INSERT INTO `fa...')
#2 /Users/arseniomuanda/Arpetic/GitHub/Meu Ruca/meuruca/vendor/codeigniter4/framework/system/Database/BaseConnection.php(643): CodeIgniter\Database\BaseConnection->simpleQuery('INSERT INTO `fa...')
#3 /Users/arseniomuanda/Arpetic/GitHub/Meu Ruca/meuruca/vendor/codeigniter4/framework/system/Database/BaseBuilder.php(2265): CodeIgniter\Database\BaseConnection->query('INSERT INTO `fa...', Array, false)
#4 /Users/arseniomuanda/Arpetic/GitHub/Meu Ruca/meuruca/vendor/codeigniter4/framework/system/Model.php(278): CodeIgniter\Database\BaseBuilder->insert()
#5 /Users/arseniomuanda/Arpetic/GitHub/Meu Ruca/meuruca/vendor/codeigniter4/framework/system/BaseModel.php(758): CodeIgniter\Model->doInsert(Array)
#6 /Users/arseniomuanda/Arpetic/GitHub/Meu Ruca/meuruca/vendor/codeigniter4/framework/system/Model.php(705): CodeIgniter\BaseModel->insert(Array, false)
#7 /Users/arseniomuanda/Arpetic/GitHub/Meu Ruca/meuruca/vendor/codeigniter4/framework/system/BaseModel.php(667): CodeIgniter\Model->insert(Array, false)
#8 /Users/arseniomuanda/Arpetic/GitHub/Meu Ruca/meuruca/app/Helpers/funcao_helper.php(26): CodeIgniter\BaseModel->save(Array)
#9 /Users/arseniomuanda/Arpetic/GitHub/Meu Ruca/meuruca/app/Controllers/Admin.php(326): cadastronormal(Object(App\Models\FacturaModel), Array, Object(CodeIgniter\Database\MySQLi\Connection), Object(App\Models\AuditoriaModel))
#10 /Users/arseniomuanda/Arpetic/GitHub/Meu Ruca/meuruca/vendor/codeigniter4/framework/system/CodeIgniter.php(935): App\Controllers\Admin->newAgendamento()
#11 /Users/arseniomuanda/Arpetic/GitHub/Meu Ruca/meuruca/vendor/codeigniter4/framework/system/CodeIgniter.php(431): CodeIgniter\CodeIgniter->runController(Object(App\Controllers\Admin))
#12 /Users/arseniomuanda/Arpetic/GitHub/Meu Ruca/meuruca/vendor/codeigniter4/framework/system/CodeIgniter.php(332): CodeIgniter\CodeIgniter->handleRequest(NULL, Object(Config\Cache), false)
#13 /Users/arseniomuanda/Arpetic/GitHub/Meu Ruca/meuruca/public/index.php(44): CodeIgniter\CodeIgniter->run()
#14 /Users/arseniomuanda/Arpetic/GitHub/Meu Ruca/meuruca/vendor/codeigniter4/framework/system/Commands/Server/rewrite.php(45): require_once('/Users/arseniom...')
#15 {main}
ERROR - 2023-02-12 19:00:17 --> mysqli_sql_exception: Column 'proprietario' cannot be null in /Users/arseniomuanda/Arpetic/GitHub/Meu Ruca/meuruca/vendor/codeigniter4/framework/system/Database/MySQLi/Connection.php:314
Stack trace:
#0 /Users/arseniomuanda/Arpetic/GitHub/Meu Ruca/meuruca/vendor/codeigniter4/framework/system/Database/MySQLi/Connection.php(314): mysqli->query('INSERT INTO `fa...')
#1 /Users/arseniomuanda/Arpetic/GitHub/Meu Ruca/meuruca/vendor/codeigniter4/framework/system/Database/BaseConnection.php(715): CodeIgniter\Database\MySQLi\Connection->execute('INSERT INTO `fa...')
#2 /Users/arseniomuanda/Arpetic/GitHub/Meu Ruca/meuruca/vendor/codeigniter4/framework/system/Database/BaseConnection.php(643): CodeIgniter\Database\BaseConnection->simpleQuery('INSERT INTO `fa...')
#3 /Users/arseniomuanda/Arpetic/GitHub/Meu Ruca/meuruca/vendor/codeigniter4/framework/system/Database/BaseBuilder.php(2265): CodeIgniter\Database\BaseConnection->query('INSERT INTO `fa...', Array, false)
#4 /Users/arseniomuanda/Arpetic/GitHub/Meu Ruca/meuruca/vendor/codeigniter4/framework/system/Model.php(278): CodeIgniter\Database\BaseBuilder->insert()
#5 /Users/arseniomuanda/Arpetic/GitHub/Meu Ruca/meuruca/vendor/codeigniter4/framework/system/BaseModel.php(758): CodeIgniter\Model->doInsert(Array)
#6 /Users/arseniomuanda/Arpetic/GitHub/Meu Ruca/meuruca/vendor/codeigniter4/framework/system/Model.php(705): CodeIgniter\BaseModel->insert(Array, false)
#7 /Users/arseniomuanda/Arpetic/GitHub/Meu Ruca/meuruca/vendor/codeigniter4/framework/system/BaseModel.php(667): CodeIgniter\Model->insert(Array, false)
#8 /Users/arseniomuanda/Arpetic/GitHub/Meu Ruca/meuruca/app/Helpers/funcao_helper.php(26): CodeIgniter\BaseModel->save(Array)
#9 /Users/arseniomuanda/Arpetic/GitHub/Meu Ruca/meuruca/app/Controllers/Admin.php(326): cadastronormal(Object(App\Models\FacturaModel), Array, Object(CodeIgniter\Database\MySQLi\Connection), Object(App\Models\AuditoriaModel))
#10 /Users/arseniomuanda/Arpetic/GitHub/Meu Ruca/meuruca/vendor/codeigniter4/framework/system/CodeIgniter.php(935): App\Controllers\Admin->newAgendamento()
#11 /Users/arseniomuanda/Arpetic/GitHub/Meu Ruca/meuruca/vendor/codeigniter4/framework/system/CodeIgniter.php(431): CodeIgniter\CodeIgniter->runController(Object(App\Controllers\Admin))
#12 /Users/arseniomuanda/Arpetic/GitHub/Meu Ruca/meuruca/vendor/codeigniter4/framework/system/CodeIgniter.php(332): CodeIgniter\CodeIgniter->handleRequest(NULL, Object(Config\Cache), false)
#13 /Users/arseniomuanda/Arpetic/GitHub/Meu Ruca/meuruca/public/index.php(44): CodeIgniter\CodeIgniter->run()
#14 /Users/arseniomuanda/Arpetic/GitHub/Meu Ruca/meuruca/vendor/codeigniter4/framework/system/Commands/Server/rewrite.php(45): require_once('/Users/arseniom...')
#15 {main}
ERROR - 2023-02-12 19:02:24 --> mysqli_sql_exception: Column 'proprietario' cannot be null in /Users/arseniomuanda/Arpetic/GitHub/Meu Ruca/meuruca/vendor/codeigniter4/framework/system/Database/MySQLi/Connection.php:314
Stack trace:
#0 /Users/arseniomuanda/Arpetic/GitHub/Meu Ruca/meuruca/vendor/codeigniter4/framework/system/Database/MySQLi/Connection.php(314): mysqli->query('INSERT INTO `fa...')
#1 /Users/arseniomuanda/Arpetic/GitHub/Meu Ruca/meuruca/vendor/codeigniter4/framework/system/Database/BaseConnection.php(715): CodeIgniter\Database\MySQLi\Connection->execute('INSERT INTO `fa...')
#2 /Users/arseniomuanda/Arpetic/GitHub/Meu Ruca/meuruca/vendor/codeigniter4/framework/system/Database/BaseConnection.php(643): CodeIgniter\Database\BaseConnection->simpleQuery('INSERT INTO `fa...')
#3 /Users/arseniomuanda/Arpetic/GitHub/Meu Ruca/meuruca/vendor/codeigniter4/framework/system/Database/BaseBuilder.php(2265): CodeIgniter\Database\BaseConnection->query('INSERT INTO `fa...', Array, false)
#4 /Users/arseniomuanda/Arpetic/GitHub/Meu Ruca/meuruca/vendor/codeigniter4/framework/system/Model.php(278): CodeIgniter\Database\BaseBuilder->insert()
#5 /Users/arseniomuanda/Arpetic/GitHub/Meu Ruca/meuruca/vendor/codeigniter4/framework/system/BaseModel.php(758): CodeIgniter\Model->doInsert(Array)
#6 /Users/arseniomuanda/Arpetic/GitHub/Meu Ruca/meuruca/vendor/codeigniter4/framework/system/Model.php(705): CodeIgniter\BaseModel->insert(Array, false)
#7 /Users/arseniomuanda/Arpetic/GitHub/Meu Ruca/meuruca/vendor/codeigniter4/framework/system/BaseModel.php(667): CodeIgniter\Model->insert(Array, false)
#8 /Users/arseniomuanda/Arpetic/GitHub/Meu Ruca/meuruca/app/Helpers/funcao_helper.php(26): CodeIgniter\BaseModel->save(Array)
#9 /Users/arseniomuanda/Arpetic/GitHub/Meu Ruca/meuruca/app/Controllers/Admin.php(327): cadastronormal(Object(App\Models\FacturaModel), Array, Object(CodeIgniter\Database\MySQLi\Connection), Object(App\Models\AuditoriaModel))
#10 /Users/arseniomuanda/Arpetic/GitHub/Meu Ruca/meuruca/vendor/codeigniter4/framework/system/CodeIgniter.php(935): App\Controllers\Admin->newAgendamento()
#11 /Users/arseniomuanda/Arpetic/GitHub/Meu Ruca/meuruca/vendor/codeigniter4/framework/system/CodeIgniter.php(431): CodeIgniter\CodeIgniter->runController(Object(App\Controllers\Admin))
#12 /Users/arseniomuanda/Arpetic/GitHub/Meu Ruca/meuruca/vendor/codeigniter4/framework/system/CodeIgniter.php(332): CodeIgniter\CodeIgniter->handleRequest(NULL, Object(Config\Cache), false)
#13 /Users/arseniomuanda/Arpetic/GitHub/Meu Ruca/meuruca/public/index.php(44): CodeIgniter\CodeIgniter->run()
#14 /Users/arseniomuanda/Arpetic/GitHub/Meu Ruca/meuruca/vendor/codeigniter4/framework/system/Commands/Server/rewrite.php(45): require_once('/Users/arseniom...')
#15 {main}
ERROR - 2023-02-12 19:04:00 --> mysqli_sql_exception: Column 'proprietario' cannot be null in /Users/arseniomuanda/Arpetic/GitHub/Meu Ruca/meuruca/vendor/codeigniter4/framework/system/Database/MySQLi/Connection.php:314
Stack trace:
#0 /Users/arseniomuanda/Arpetic/GitHub/Meu Ruca/meuruca/vendor/codeigniter4/framework/system/Database/MySQLi/Connection.php(314): mysqli->query('INSERT INTO `fa...')
#1 /Users/arseniomuanda/Arpetic/GitHub/Meu Ruca/meuruca/vendor/codeigniter4/framework/system/Database/BaseConnection.php(715): CodeIgniter\Database\MySQLi\Connection->execute('INSERT INTO `fa...')
#2 /Users/arseniomuanda/Arpetic/GitHub/Meu Ruca/meuruca/vendor/codeigniter4/framework/system/Database/BaseConnection.php(643): CodeIgniter\Database\BaseConnection->simpleQuery('INSERT INTO `fa...')
#3 /Users/arseniomuanda/Arpetic/GitHub/Meu Ruca/meuruca/vendor/codeigniter4/framework/system/Database/BaseBuilder.php(2265): CodeIgniter\Database\BaseConnection->query('INSERT INTO `fa...', Array, false)
#4 /Users/arseniomuanda/Arpetic/GitHub/Meu Ruca/meuruca/vendor/codeigniter4/framework/system/Model.php(278): CodeIgniter\Database\BaseBuilder->insert()
#5 /Users/arseniomuanda/Arpetic/GitHub/Meu Ruca/meuruca/vendor/codeigniter4/framework/system/BaseModel.php(758): CodeIgniter\Model->doInsert(Array)
#6 /Users/arseniomuanda/Arpetic/GitHub/Meu Ruca/meuruca/vendor/codeigniter4/framework/system/Model.php(705): CodeIgniter\BaseModel->insert(Array, false)
#7 /Users/arseniomuanda/Arpetic/GitHub/Meu Ruca/meuruca/vendor/codeigniter4/framework/system/BaseModel.php(667): CodeIgniter\Model->insert(Array, false)
#8 /Users/arseniomuanda/Arpetic/GitHub/Meu Ruca/meuruca/app/Helpers/funcao_helper.php(26): CodeIgniter\BaseModel->save(Array)
#9 /Users/arseniomuanda/Arpetic/GitHub/Meu Ruca/meuruca/app/Controllers/Admin.php(328): cadastronormal(Object(App\Models\FacturaModel), Array, Object(CodeIgniter\Database\MySQLi\Connection), Object(App\Models\AuditoriaModel))
#10 /Users/arseniomuanda/Arpetic/GitHub/Meu Ruca/meuruca/vendor/codeigniter4/framework/system/CodeIgniter.php(935): App\Controllers\Admin->newAgendamento()
#11 /Users/arseniomuanda/Arpetic/GitHub/Meu Ruca/meuruca/vendor/codeigniter4/framework/system/CodeIgniter.php(431): CodeIgniter\CodeIgniter->runController(Object(App\Controllers\Admin))
#12 /Users/arseniomuanda/Arpetic/GitHub/Meu Ruca/meuruca/vendor/codeigniter4/framework/system/CodeIgniter.php(332): CodeIgniter\CodeIgniter->handleRequest(NULL, Object(Config\Cache), false)
#13 /Users/arseniomuanda/Arpetic/GitHub/Meu Ruca/meuruca/public/index.php(44): CodeIgniter\CodeIgniter->run()
#14 /Users/arseniomuanda/Arpetic/GitHub/Meu Ruca/meuruca/vendor/codeigniter4/framework/system/Commands/Server/rewrite.php(45): require_once('/Users/arseniom...')
#15 {main}
ERROR - 2023-02-12 19:10:22 --> mysqli_sql_exception: Column 'proprietario' cannot be null in /Users/arseniomuanda/Arpetic/GitHub/Meu Ruca/meuruca/vendor/codeigniter4/framework/system/Database/MySQLi/Connection.php:314
Stack trace:
#0 /Users/arseniomuanda/Arpetic/GitHub/Meu Ruca/meuruca/vendor/codeigniter4/framework/system/Database/MySQLi/Connection.php(314): mysqli->query('INSERT INTO `fa...')
#1 /Users/arseniomuanda/Arpetic/GitHub/Meu Ruca/meuruca/vendor/codeigniter4/framework/system/Database/BaseConnection.php(715): CodeIgniter\Database\MySQLi\Connection->execute('INSERT INTO `fa...')
#2 /Users/arseniomuanda/Arpetic/GitHub/Meu Ruca/meuruca/vendor/codeigniter4/framework/system/Database/BaseConnection.php(643): CodeIgniter\Database\BaseConnection->simpleQuery('INSERT INTO `fa...')
#3 /Users/arseniomuanda/Arpetic/GitHub/Meu Ruca/meuruca/vendor/codeigniter4/framework/system/Database/BaseBuilder.php(2265): CodeIgniter\Database\BaseConnection->query('INSERT INTO `fa...', Array, false)
#4 /Users/arseniomuanda/Arpetic/GitHub/Meu Ruca/meuruca/vendor/codeigniter4/framework/system/Model.php(278): CodeIgniter\Database\BaseBuilder->insert()
#5 /Users/arseniomuanda/Arpetic/GitHub/Meu Ruca/meuruca/vendor/codeigniter4/framework/system/BaseModel.php(758): CodeIgniter\Model->doInsert(Array)
#6 /Users/arseniomuanda/Arpetic/GitHub/Meu Ruca/meuruca/vendor/codeigniter4/framework/system/Model.php(705): CodeIgniter\BaseModel->insert(Array, false)
#7 /Users/arseniomuanda/Arpetic/GitHub/Meu Ruca/meuruca/vendor/codeigniter4/framework/system/BaseModel.php(667): CodeIgniter\Model->insert(Array, false)
#8 /Users/arseniomuanda/Arpetic/GitHub/Meu Ruca/meuruca/app/Helpers/funcao_helper.php(26): CodeIgniter\BaseModel->save(Array)
#9 /Users/arseniomuanda/Arpetic/GitHub/Meu Ruca/meuruca/app/Controllers/Admin.php(328): cadastronormal(Object(App\Models\FacturaModel), Array, Object(CodeIgniter\Database\MySQLi\Connection), Object(App\Models\AuditoriaModel))
#10 /Users/arseniomuanda/Arpetic/GitHub/Meu Ruca/meuruca/vendor/codeigniter4/framework/system/CodeIgniter.php(935): App\Controllers\Admin->newAgendamento()
#11 /Users/arseniomuanda/Arpetic/GitHub/Meu Ruca/meuruca/vendor/codeigniter4/framework/system/CodeIgniter.php(431): CodeIgniter\CodeIgniter->runController(Object(App\Controllers\Admin))
#12 /Users/arseniomuanda/Arpetic/GitHub/Meu Ruca/meuruca/vendor/codeigniter4/framework/system/CodeIgniter.php(332): CodeIgniter\CodeIgniter->handleRequest(NULL, Object(Config\Cache), false)
#13 /Users/arseniomuanda/Arpetic/GitHub/Meu Ruca/meuruca/public/index.php(44): CodeIgniter\CodeIgniter->run()
#14 /Users/arseniomuanda/Arpetic/GitHub/Meu Ruca/meuruca/vendor/codeigniter4/framework/system/Commands/Server/rewrite.php(45): require_once('/Users/arseniom...')
#15 {main}
ERROR - 2023-02-12 19:12:01 --> mysqli_sql_exception: Column 'proprietario' cannot be null in /Users/arseniomuanda/Arpetic/GitHub/Meu Ruca/meuruca/vendor/codeigniter4/framework/system/Database/MySQLi/Connection.php:314
Stack trace:
#0 /Users/arseniomuanda/Arpetic/GitHub/Meu Ruca/meuruca/vendor/codeigniter4/framework/system/Database/MySQLi/Connection.php(314): mysqli->query('INSERT INTO `fa...')
#1 /Users/arseniomuanda/Arpetic/GitHub/Meu Ruca/meuruca/vendor/codeigniter4/framework/system/Database/BaseConnection.php(715): CodeIgniter\Database\MySQLi\Connection->execute('INSERT INTO `fa...')
#2 /Users/arseniomuanda/Arpetic/GitHub/Meu Ruca/meuruca/vendor/codeigniter4/framework/system/Database/BaseConnection.php(643): CodeIgniter\Database\BaseConnection->simpleQuery('INSERT INTO `fa...')
#3 /Users/arseniomuanda/Arpetic/GitHub/Meu Ruca/meuruca/vendor/codeigniter4/framework/system/Database/BaseBuilder.php(2265): CodeIgniter\Database\BaseConnection->query('INSERT INTO `fa...', Array, false)
#4 /Users/arseniomuanda/Arpetic/GitHub/Meu Ruca/meuruca/vendor/codeigniter4/framework/system/Model.php(278): CodeIgniter\Database\BaseBuilder->insert()
#5 /Users/arseniomuanda/Arpetic/GitHub/Meu Ruca/meuruca/vendor/codeigniter4/framework/system/BaseModel.php(758): CodeIgniter\Model->doInsert(Array)
#6 /Users/arseniomuanda/Arpetic/GitHub/Meu Ruca/meuruca/vendor/codeigniter4/framework/system/Model.php(705): CodeIgniter\BaseModel->insert(Array, false)
#7 /Users/arseniomuanda/Arpetic/GitHub/Meu Ruca/meuruca/vendor/codeigniter4/framework/system/BaseModel.php(667): CodeIgniter\Model->insert(Array, false)
#8 /Users/arseniomuanda/Arpetic/GitHub/Meu Ruca/meuruca/app/Helpers/funcao_helper.php(26): CodeIgniter\BaseModel->save(Array)
#9 /Users/arseniomuanda/Arpetic/GitHub/Meu Ruca/meuruca/app/Controllers/Admin.php(329): cadastronormal(Object(App\Models\FacturaModel), Array, Object(CodeIgniter\Database\MySQLi\Connection), Object(App\Models\AuditoriaModel))
#10 /Users/arseniomuanda/Arpetic/GitHub/Meu Ruca/meuruca/vendor/codeigniter4/framework/system/CodeIgniter.php(935): App\Controllers\Admin->newAgendamento()
#11 /Users/arseniomuanda/Arpetic/GitHub/Meu Ruca/meuruca/vendor/codeigniter4/framework/system/CodeIgniter.php(431): CodeIgniter\CodeIgniter->runController(Object(App\Controllers\Admin))
#12 /Users/arseniomuanda/Arpetic/GitHub/Meu Ruca/meuruca/vendor/codeigniter4/framework/system/CodeIgniter.php(332): CodeIgniter\CodeIgniter->handleRequest(NULL, Object(Config\Cache), false)
#13 /Users/arseniomuanda/Arpetic/GitHub/Meu Ruca/meuruca/public/index.php(44): CodeIgniter\CodeIgniter->run()
#14 /Users/arseniomuanda/Arpetic/GitHub/Meu Ruca/meuruca/vendor/codeigniter4/framework/system/Commands/Server/rewrite.php(45): require_once('/Users/arseniom...')
#15 {main}
ERROR - 2023-02-12 19:12:19 --> mysqli_sql_exception: Column 'proprietario' cannot be null in /Users/arseniomuanda/Arpetic/GitHub/Meu Ruca/meuruca/vendor/codeigniter4/framework/system/Database/MySQLi/Connection.php:314
Stack trace:
#0 /Users/arseniomuanda/Arpetic/GitHub/Meu Ruca/meuruca/vendor/codeigniter4/framework/system/Database/MySQLi/Connection.php(314): mysqli->query('INSERT INTO `fa...')
#1 /Users/arseniomuanda/Arpetic/GitHub/Meu Ruca/meuruca/vendor/codeigniter4/framework/system/Database/BaseConnection.php(715): CodeIgniter\Database\MySQLi\Connection->execute('INSERT INTO `fa...')
#2 /Users/arseniomuanda/Arpetic/GitHub/Meu Ruca/meuruca/vendor/codeigniter4/framework/system/Database/BaseConnection.php(643): CodeIgniter\Database\BaseConnection->simpleQuery('INSERT INTO `fa...')
#3 /Users/arseniomuanda/Arpetic/GitHub/Meu Ruca/meuruca/vendor/codeigniter4/framework/system/Database/BaseBuilder.php(2265): CodeIgniter\Database\BaseConnection->query('INSERT INTO `fa...', Array, false)
#4 /Users/arseniomuanda/Arpetic/GitHub/Meu Ruca/meuruca/vendor/codeigniter4/framework/system/Model.php(278): CodeIgniter\Database\BaseBuilder->insert()
#5 /Users/arseniomuanda/Arpetic/GitHub/Meu Ruca/meuruca/vendor/codeigniter4/framework/system/BaseModel.php(758): CodeIgniter\Model->doInsert(Array)
#6 /Users/arseniomuanda/Arpetic/GitHub/Meu Ruca/meuruca/vendor/codeigniter4/framework/system/Model.php(705): CodeIgniter\BaseModel->insert(Array, false)
#7 /Users/arseniomuanda/Arpetic/GitHub/Meu Ruca/meuruca/vendor/codeigniter4/framework/system/BaseModel.php(667): CodeIgniter\Model->insert(Array, false)
#8 /Users/arseniomuanda/Arpetic/GitHub/Meu Ruca/meuruca/app/Helpers/funcao_helper.php(26): CodeIgniter\BaseModel->save(Array)
#9 /Users/arseniomuanda/Arpetic/GitHub/Meu Ruca/meuruca/app/Controllers/Admin.php(329): cadastronormal(Object(App\Models\FacturaModel), Array, Object(CodeIgniter\Database\MySQLi\Connection), Object(App\Models\AuditoriaModel))
#10 /Users/arseniomuanda/Arpetic/GitHub/Meu Ruca/meuruca/vendor/codeigniter4/framework/system/CodeIgniter.php(935): App\Controllers\Admin->newAgendamento()
#11 /Users/arseniomuanda/Arpetic/GitHub/Meu Ruca/meuruca/vendor/codeigniter4/framework/system/CodeIgniter.php(431): CodeIgniter\CodeIgniter->runController(Object(App\Controllers\Admin))
#12 /Users/arseniomuanda/Arpetic/GitHub/Meu Ruca/meuruca/vendor/codeigniter4/framework/system/CodeIgniter.php(332): CodeIgniter\CodeIgniter->handleRequest(NULL, Object(Config\Cache), false)
#13 /Users/arseniomuanda/Arpetic/GitHub/Meu Ruca/meuruca/public/index.php(44): CodeIgniter\CodeIgniter->run()
#14 /Users/arseniomuanda/Arpetic/GitHub/Meu Ruca/meuruca/vendor/codeigniter4/framework/system/Commands/Server/rewrite.php(45): require_once('/Users/arseniom...')
#15 {main}
