ERROR - 2022-04-10 03:16:00 --> mysqli_sql_exception: You have an error in your SQL syntax; check the manual that corresponds to your MariaDB server version for the right syntax to use near ' estado = 0 ORDER BY agendas.inicio ASC' at line 1 in C:\WORKPLACE\meuruca\vendor\codeigniter4\framework\system\Database\MySQLi\Connection.php:314
Stack trace:
#0 C:\WORKPLACE\meuruca\vendor\codeigniter4\framework\system\Database\MySQLi\Connection.php(314): mysqli->query('SELECT agendas....')
#1 C:\WORKPLACE\meuruca\vendor\codeigniter4\framework\system\Database\BaseConnection.php(715): CodeIgniter\Database\MySQLi\Connection->execute('SELECT agendas....')
#2 C:\WORKPLACE\meuruca\vendor\codeigniter4\framework\system\Database\BaseConnection.php(643): CodeIgniter\Database\BaseConnection->simpleQuery('SELECT agendas....')
#3 C:\WORKPLACE\meuruca\app\Controllers\Operations.php(500): CodeIgniter\Database\BaseConnection->query('SELECT agendas....')
#4 C:\WORKPLACE\meuruca\app\Controllers\Operations.php(145): App\Controllers\Operations->getAgendaNotifications(Object(CodeIgniter\Database\MySQLi\Connection), '16')
#5 C:\WORKPLACE\meuruca\vendor\codeigniter4\framework\system\CodeIgniter.php(935): App\Controllers\Operations->index()
#6 C:\WORKPLACE\meuruca\vendor\codeigniter4\framework\system\CodeIgniter.php(431): CodeIgniter\CodeIgniter->runController(Object(App\Controllers\Operations))
#7 C:\WORKPLACE\meuruca\vendor\codeigniter4\framework\system\CodeIgniter.php(332): CodeIgniter\CodeIgniter->handleRequest(NULL, Object(Config\Cache), false)
#8 C:\WORKPLACE\meuruca\public\index.php(44): CodeIgniter\CodeIgniter->run()
#9 C:\WORKPLACE\meuruca\vendor\codeigniter4\framework\system\Commands\Server\rewrite.php(45): require_once('C:\\WORKPLACE\\me...')
#10 {main}
CRITICAL - 2022-04-10 03:16:00 --> You have an error in your SQL syntax; check the manual that corresponds to your MariaDB server version for the right syntax to use near ' estado = 0 ORDER BY agendas.inicio ASC' at line 1
#0 C:\WORKPLACE\meuruca\vendor\codeigniter4\framework\system\Database\MySQLi\Connection.php(314): mysqli->query('SELECT agendas....')
#1 C:\WORKPLACE\meuruca\vendor\codeigniter4\framework\system\Database\BaseConnection.php(715): CodeIgniter\Database\MySQLi\Connection->execute('SELECT agendas....')
#2 C:\WORKPLACE\meuruca\vendor\codeigniter4\framework\system\Database\BaseConnection.php(643): CodeIgniter\Database\BaseConnection->simpleQuery('SELECT agendas....')
#3 C:\WORKPLACE\meuruca\app\Controllers\Operations.php(500): CodeIgniter\Database\BaseConnection->query('SELECT agendas....')
#4 C:\WORKPLACE\meuruca\app\Controllers\Operations.php(145): App\Controllers\Operations->getAgendaNotifications(Object(CodeIgniter\Database\MySQLi\Connection), '16')
#5 C:\WORKPLACE\meuruca\vendor\codeigniter4\framework\system\CodeIgniter.php(935): App\Controllers\Operations->index()
#6 C:\WORKPLACE\meuruca\vendor\codeigniter4\framework\system\CodeIgniter.php(431): CodeIgniter\CodeIgniter->runController(Object(App\Controllers\Operations))
#7 C:\WORKPLACE\meuruca\vendor\codeigniter4\framework\system\CodeIgniter.php(332): CodeIgniter\CodeIgniter->handleRequest(NULL, Object(Config\Cache), false)
#8 C:\WORKPLACE\meuruca\public\index.php(44): CodeIgniter\CodeIgniter->run()
#9 C:\WORKPLACE\meuruca\vendor\codeigniter4\framework\system\Commands\Server\rewrite.php(45): require_once('C:\\WORKPLACE\\me...')
#10 {main}
ERROR - 2022-04-10 03:23:45 --> mysqli_sql_exception: You have an error in your SQL syntax; check the manual that corresponds to your MariaDB server version for the right syntax to use near ' estado = 0 ORDER BY agendas.inicio ASC' at line 1 in C:\WORKPLACE\meuruca\vendor\codeigniter4\framework\system\Database\MySQLi\Connection.php:314
Stack trace:
#0 C:\WORKPLACE\meuruca\vendor\codeigniter4\framework\system\Database\MySQLi\Connection.php(314): mysqli->query('SELECT agendas....')
#1 C:\WORKPLACE\meuruca\vendor\codeigniter4\framework\system\Database\BaseConnection.php(715): CodeIgniter\Database\MySQLi\Connection->execute('SELECT agendas....')
#2 C:\WORKPLACE\meuruca\vendor\codeigniter4\framework\system\Database\BaseConnection.php(643): CodeIgniter\Database\BaseConnection->simpleQuery('SELECT agendas....')
#3 C:\WORKPLACE\meuruca\app\Controllers\Operations.php(498): CodeIgniter\Database\BaseConnection->query('SELECT agendas....')
#4 C:\WORKPLACE\meuruca\app\Controllers\Operations.php(145): App\Controllers\Operations->getAgendaNotifications(Object(CodeIgniter\Database\MySQLi\Connection), '16')
#5 C:\WORKPLACE\meuruca\vendor\codeigniter4\framework\system\CodeIgniter.php(935): App\Controllers\Operations->index()
#6 C:\WORKPLACE\meuruca\vendor\codeigniter4\framework\system\CodeIgniter.php(431): CodeIgniter\CodeIgniter->runController(Object(App\Controllers\Operations))
#7 C:\WORKPLACE\meuruca\vendor\codeigniter4\framework\system\CodeIgniter.php(332): CodeIgniter\CodeIgniter->handleRequest(NULL, Object(Config\Cache), false)
#8 C:\WORKPLACE\meuruca\public\index.php(44): CodeIgniter\CodeIgniter->run()
#9 C:\WORKPLACE\meuruca\vendor\codeigniter4\framework\system\Commands\Server\rewrite.php(45): require_once('C:\\WORKPLACE\\me...')
#10 {main}
CRITICAL - 2022-04-10 03:23:45 --> You have an error in your SQL syntax; check the manual that corresponds to your MariaDB server version for the right syntax to use near ' estado = 0 ORDER BY agendas.inicio ASC' at line 1
#0 C:\WORKPLACE\meuruca\vendor\codeigniter4\framework\system\Database\MySQLi\Connection.php(314): mysqli->query('SELECT agendas....')
#1 C:\WORKPLACE\meuruca\vendor\codeigniter4\framework\system\Database\BaseConnection.php(715): CodeIgniter\Database\MySQLi\Connection->execute('SELECT agendas....')
#2 C:\WORKPLACE\meuruca\vendor\codeigniter4\framework\system\Database\BaseConnection.php(643): CodeIgniter\Database\BaseConnection->simpleQuery('SELECT agendas....')
#3 C:\WORKPLACE\meuruca\app\Controllers\Operations.php(498): CodeIgniter\Database\BaseConnection->query('SELECT agendas....')
#4 C:\WORKPLACE\meuruca\app\Controllers\Operations.php(145): App\Controllers\Operations->getAgendaNotifications(Object(CodeIgniter\Database\MySQLi\Connection), '16')
#5 C:\WORKPLACE\meuruca\vendor\codeigniter4\framework\system\CodeIgniter.php(935): App\Controllers\Operations->index()
#6 C:\WORKPLACE\meuruca\vendor\codeigniter4\framework\system\CodeIgniter.php(431): CodeIgniter\CodeIgniter->runController(Object(App\Controllers\Operations))
#7 C:\WORKPLACE\meuruca\vendor\codeigniter4\framework\system\CodeIgniter.php(332): CodeIgniter\CodeIgniter->handleRequest(NULL, Object(Config\Cache), false)
#8 C:\WORKPLACE\meuruca\public\index.php(44): CodeIgniter\CodeIgniter->run()
#9 C:\WORKPLACE\meuruca\vendor\codeigniter4\framework\system\Commands\Server\rewrite.php(45): require_once('C:\\WORKPLACE\\me...')
#10 {main}
ERROR - 2022-04-10 03:24:02 --> mysqli_sql_exception: You have an error in your SQL syntax; check the manual that corresponds to your MariaDB server version for the right syntax to use near ' estado = 0 ORDER BY agendas.inicio ASC' at line 1 in C:\WORKPLACE\meuruca\vendor\codeigniter4\framework\system\Database\MySQLi\Connection.php:314
Stack trace:
#0 C:\WORKPLACE\meuruca\vendor\codeigniter4\framework\system\Database\MySQLi\Connection.php(314): mysqli->query('SELECT agendas....')
#1 C:\WORKPLACE\meuruca\vendor\codeigniter4\framework\system\Database\BaseConnection.php(715): CodeIgniter\Database\MySQLi\Connection->execute('SELECT agendas....')
#2 C:\WORKPLACE\meuruca\vendor\codeigniter4\framework\system\Database\BaseConnection.php(643): CodeIgniter\Database\BaseConnection->simpleQuery('SELECT agendas....')
#3 C:\WORKPLACE\meuruca\app\Controllers\Operations.php(498): CodeIgniter\Database\BaseConnection->query('SELECT agendas....')
#4 C:\WORKPLACE\meuruca\app\Controllers\Operations.php(145): App\Controllers\Operations->getAgendaNotifications(Object(CodeIgniter\Database\MySQLi\Connection), '16')
#5 C:\WORKPLACE\meuruca\vendor\codeigniter4\framework\system\CodeIgniter.php(935): App\Controllers\Operations->index()
#6 C:\WORKPLACE\meuruca\vendor\codeigniter4\framework\system\CodeIgniter.php(431): CodeIgniter\CodeIgniter->runController(Object(App\Controllers\Operations))
#7 C:\WORKPLACE\meuruca\vendor\codeigniter4\framework\system\CodeIgniter.php(332): CodeIgniter\CodeIgniter->handleRequest(NULL, Object(Config\Cache), false)
#8 C:\WORKPLACE\meuruca\public\index.php(44): CodeIgniter\CodeIgniter->run()
#9 C:\WORKPLACE\meuruca\vendor\codeigniter4\framework\system\Commands\Server\rewrite.php(45): require_once('C:\\WORKPLACE\\me...')
#10 {main}
CRITICAL - 2022-04-10 03:24:02 --> You have an error in your SQL syntax; check the manual that corresponds to your MariaDB server version for the right syntax to use near ' estado = 0 ORDER BY agendas.inicio ASC' at line 1
#0 C:\WORKPLACE\meuruca\vendor\codeigniter4\framework\system\Database\MySQLi\Connection.php(314): mysqli->query('SELECT agendas....')
#1 C:\WORKPLACE\meuruca\vendor\codeigniter4\framework\system\Database\BaseConnection.php(715): CodeIgniter\Database\MySQLi\Connection->execute('SELECT agendas....')
#2 C:\WORKPLACE\meuruca\vendor\codeigniter4\framework\system\Database\BaseConnection.php(643): CodeIgniter\Database\BaseConnection->simpleQuery('SELECT agendas....')
#3 C:\WORKPLACE\meuruca\app\Controllers\Operations.php(498): CodeIgniter\Database\BaseConnection->query('SELECT agendas....')
#4 C:\WORKPLACE\meuruca\app\Controllers\Operations.php(145): App\Controllers\Operations->getAgendaNotifications(Object(CodeIgniter\Database\MySQLi\Connection), '16')
#5 C:\WORKPLACE\meuruca\vendor\codeigniter4\framework\system\CodeIgniter.php(935): App\Controllers\Operations->index()
#6 C:\WORKPLACE\meuruca\vendor\codeigniter4\framework\system\CodeIgniter.php(431): CodeIgniter\CodeIgniter->runController(Object(App\Controllers\Operations))
#7 C:\WORKPLACE\meuruca\vendor\codeigniter4\framework\system\CodeIgniter.php(332): CodeIgniter\CodeIgniter->handleRequest(NULL, Object(Config\Cache), false)
#8 C:\WORKPLACE\meuruca\public\index.php(44): CodeIgniter\CodeIgniter->run()
#9 C:\WORKPLACE\meuruca\vendor\codeigniter4\framework\system\Commands\Server\rewrite.php(45): require_once('C:\\WORKPLACE\\me...')
#10 {main}
