CRITICAL - 2023-02-02 19:09:34 --> Call to a member function paginate() on null
#0 /Users/arseniomuanda/Arpetic/GitHub/Meu Ruca/meuruca/app/Controllers/Operations.php(336): App\Controllers\Operations->agentamentoToInvoice(Object(App\Models\FacturaModel), Array)
#1 /Users/arseniomuanda/Arpetic/GitHub/Meu Ruca/meuruca/vendor/codeigniter4/framework/system/CodeIgniter.php(935): App\Controllers\Operations->index()
#2 /Users/arseniomuanda/Arpetic/GitHub/Meu Ruca/meuruca/vendor/codeigniter4/framework/system/CodeIgniter.php(431): CodeIgniter\CodeIgniter->runController(Object(App\Controllers\Operations))
#3 /Users/arseniomuanda/Arpetic/GitHub/Meu Ruca/meuruca/vendor/codeigniter4/framework/system/CodeIgniter.php(332): CodeIgniter\CodeIgniter->handleRequest(NULL, Object(Config\Cache), false)
#4 /Users/arseniomuanda/Arpetic/GitHub/Meu Ruca/meuruca/public/index.php(44): CodeIgniter\CodeIgniter->run()
#5 /Users/arseniomuanda/Arpetic/GitHub/Meu Ruca/meuruca/vendor/codeigniter4/framework/system/Commands/Server/rewrite.php(45): require_once('/Users/arseniom...')
#6 {main}
CRITICAL - 2023-02-02 21:52:55 --> syntax error, unexpected token "=>", expecting "]"
#0 /Users/arseniomuanda/Arpetic/GitHub/Meu Ruca/meuruca/vendor/codeigniter4/framework/system/Router/Router.php(170): CodeIgniter\Router\Router->autoRoute('operations/chec...')
#1 /Users/arseniomuanda/Arpetic/GitHub/Meu Ruca/meuruca/vendor/codeigniter4/framework/system/CodeIgniter.php(815): CodeIgniter\Router\Router->handle('operations/chec...')
#2 /Users/arseniomuanda/Arpetic/GitHub/Meu Ruca/meuruca/vendor/codeigniter4/framework/system/CodeIgniter.php(384): CodeIgniter\CodeIgniter->tryToRouteIt(Object(CodeIgniter\Router\RouteCollection))
#3 /Users/arseniomuanda/Arpetic/GitHub/Meu Ruca/meuruca/vendor/codeigniter4/framework/system/CodeIgniter.php(332): CodeIgniter\CodeIgniter->handleRequest(NULL, Object(Config\Cache), false)
#4 /Users/arseniomuanda/Arpetic/GitHub/Meu Ruca/meuruca/public/index.php(44): CodeIgniter\CodeIgniter->run()
#5 /Users/arseniomuanda/Arpetic/GitHub/Meu Ruca/meuruca/vendor/codeigniter4/framework/system/Commands/Server/rewrite.php(45): require_once('/Users/arseniom...')
#6 {main}
CRITICAL - 2023-02-02 21:54:29 --> syntax error, unexpected token "=>", expecting "]"
#0 /Users/arseniomuanda/Arpetic/GitHub/Meu Ruca/meuruca/vendor/codeigniter4/framework/system/Router/Router.php(170): CodeIgniter\Router\Router->autoRoute('operations/chec...')
#1 /Users/arseniomuanda/Arpetic/GitHub/Meu Ruca/meuruca/vendor/codeigniter4/framework/system/CodeIgniter.php(815): CodeIgniter\Router\Router->handle('operations/chec...')
#2 /Users/arseniomuanda/Arpetic/GitHub/Meu Ruca/meuruca/vendor/codeigniter4/framework/system/CodeIgniter.php(384): CodeIgniter\CodeIgniter->tryToRouteIt(Object(CodeIgniter\Router\RouteCollection))
#3 /Users/arseniomuanda/Arpetic/GitHub/Meu Ruca/meuruca/vendor/codeigniter4/framework/system/CodeIgniter.php(332): CodeIgniter\CodeIgniter->handleRequest(NULL, Object(Config\Cache), false)
#4 /Users/arseniomuanda/Arpetic/GitHub/Meu Ruca/meuruca/public/index.php(44): CodeIgniter\CodeIgniter->run()
#5 /Users/arseniomuanda/Arpetic/GitHub/Meu Ruca/meuruca/vendor/codeigniter4/framework/system/Commands/Server/rewrite.php(45): require_once('/Users/arseniom...')
#6 {main}
