CRITICAL - 2022-04-06 06:59:20 --> Undefined variable: id
#0 C:\WORKPLACE\meuruca\app\Views\gestaoviatura\perfil.php(4): CodeIgniter\Debug\Exceptions->errorHandler(8, 'Undefined varia...', 'C:\\WORKPLACE\\me...', 4, Array)
#1 C:\WORKPLACE\meuruca\vendor\codeigniter4\framework\system\View\View.php(220): include('C:\\WORKPLACE\\me...')
#2 C:\WORKPLACE\meuruca\vendor\codeigniter4\framework\system\View\View.php(222): CodeIgniter\View\View->CodeIgniter\View\{closure}()
#3 C:\WORKPLACE\meuruca\vendor\codeigniter4\framework\system\Common.php(1217): CodeIgniter\View\View->render('gestaoviatura/p...', Array, true)
#4 C:\WORKPLACE\meuruca\app\Controllers\Gestaoviatura.php(49): view('gestaoviatura/p...')
#5 C:\WORKPLACE\meuruca\vendor\codeigniter4\framework\system\CodeIgniter.php(935): App\Controllers\Gestaoviatura->perfil('3')
#6 C:\WORKPLACE\meuruca\vendor\codeigniter4\framework\system\CodeIgniter.php(431): CodeIgniter\CodeIgniter->runController(Object(App\Controllers\Gestaoviatura))
#7 C:\WORKPLACE\meuruca\vendor\codeigniter4\framework\system\CodeIgniter.php(332): CodeIgniter\CodeIgniter->handleRequest(NULL, Object(Config\Cache), false)
#8 C:\WORKPLACE\meuruca\public\index.php(44): CodeIgniter\CodeIgniter->run()
#9 C:\WORKPLACE\meuruca\vendor\codeigniter4\framework\system\Commands\Server\rewrite.php(45): require_once('C:\\WORKPLACE\\me...')
#10 {main}
CRITICAL - 2022-04-06 08:23:09 --> Undefined offset: 0
#0 C:\WORKPLACE\meuruca\app\Controllers\Operations.php(145): CodeIgniter\Debug\Exceptions->errorHandler(8, 'Undefined offse...', 'C:\\WORKPLACE\\me...', 145, Array)
#1 C:\WORKPLACE\meuruca\vendor\codeigniter4\framework\system\CodeIgniter.php(935): App\Controllers\Operations->index()
#2 C:\WORKPLACE\meuruca\vendor\codeigniter4\framework\system\CodeIgniter.php(431): CodeIgniter\CodeIgniter->runController(Object(App\Controllers\Operations))
#3 C:\WORKPLACE\meuruca\vendor\codeigniter4\framework\system\CodeIgniter.php(332): CodeIgniter\CodeIgniter->handleRequest(NULL, Object(Config\Cache), false)
#4 C:\WORKPLACE\meuruca\public\index.php(44): CodeIgniter\CodeIgniter->run()
#5 C:\WORKPLACE\meuruca\vendor\codeigniter4\framework\system\Commands\Server\rewrite.php(45): require_once('C:\\WORKPLACE\\me...')
#6 {main}
CRITICAL - 2022-04-06 08:39:01 --> Cannot use object of type stdClass as array
#0 C:\WORKPLACE\meuruca\vendor\codeigniter4\framework\system\CodeIgniter.php(935): App\Controllers\Operations->index()
#1 C:\WORKPLACE\meuruca\vendor\codeigniter4\framework\system\CodeIgniter.php(431): CodeIgniter\CodeIgniter->runController(Object(App\Controllers\Operations))
#2 C:\WORKPLACE\meuruca\vendor\codeigniter4\framework\system\CodeIgniter.php(332): CodeIgniter\CodeIgniter->handleRequest(NULL, Object(Config\Cache), false)
#3 C:\WORKPLACE\meuruca\public\index.php(44): CodeIgniter\CodeIgniter->run()
#4 C:\WORKPLACE\meuruca\vendor\codeigniter4\framework\system\Commands\Server\rewrite.php(45): require_once('C:\\WORKPLACE\\me...')
#5 {main}
CRITICAL - 2022-04-06 08:39:08 --> Cannot use object of type stdClass as array
#0 C:\WORKPLACE\meuruca\vendor\codeigniter4\framework\system\CodeIgniter.php(935): App\Controllers\Operations->index()
#1 C:\WORKPLACE\meuruca\vendor\codeigniter4\framework\system\CodeIgniter.php(431): CodeIgniter\CodeIgniter->runController(Object(App\Controllers\Operations))
#2 C:\WORKPLACE\meuruca\vendor\codeigniter4\framework\system\CodeIgniter.php(332): CodeIgniter\CodeIgniter->handleRequest(NULL, Object(Config\Cache), false)
#3 C:\WORKPLACE\meuruca\public\index.php(44): CodeIgniter\CodeIgniter->run()
#4 C:\WORKPLACE\meuruca\vendor\codeigniter4\framework\system\Commands\Server\rewrite.php(45): require_once('C:\\WORKPLACE\\me...')
#5 {main}
CRITICAL - 2022-04-06 08:41:55 --> Attempt to assign property 'code' of non-object
#0 C:\WORKPLACE\meuruca\app\Controllers\Operations.php(139): CodeIgniter\Debug\Exceptions->errorHandler(2, 'Attempt to assi...', 'C:\\WORKPLACE\\me...', 139, Array)
#1 C:\WORKPLACE\meuruca\vendor\codeigniter4\framework\system\CodeIgniter.php(935): App\Controllers\Operations->index()
#2 C:\WORKPLACE\meuruca\vendor\codeigniter4\framework\system\CodeIgniter.php(431): CodeIgniter\CodeIgniter->runController(Object(App\Controllers\Operations))
#3 C:\WORKPLACE\meuruca\vendor\codeigniter4\framework\system\CodeIgniter.php(332): CodeIgniter\CodeIgniter->handleRequest(NULL, Object(Config\Cache), false)
#4 C:\WORKPLACE\meuruca\public\index.php(44): CodeIgniter\CodeIgniter->run()
#5 C:\WORKPLACE\meuruca\vendor\codeigniter4\framework\system\Commands\Server\rewrite.php(45): require_once('C:\\WORKPLACE\\me...')
#6 {main}
CRITICAL - 2022-04-06 08:41:55 --> Attempt to assign property 'code' of non-object
#0 C:\WORKPLACE\meuruca\app\Controllers\Operations.php(106): CodeIgniter\Debug\Exceptions->errorHandler(2, 'Attempt to assi...', 'C:\\WORKPLACE\\me...', 106, Array)
#1 C:\WORKPLACE\meuruca\vendor\codeigniter4\framework\system\CodeIgniter.php(935): App\Controllers\Operations->index()
#2 C:\WORKPLACE\meuruca\vendor\codeigniter4\framework\system\CodeIgniter.php(431): CodeIgniter\CodeIgniter->runController(Object(App\Controllers\Operations))
#3 C:\WORKPLACE\meuruca\vendor\codeigniter4\framework\system\CodeIgniter.php(332): CodeIgniter\CodeIgniter->handleRequest(NULL, Object(Config\Cache), false)
#4 C:\WORKPLACE\meuruca\public\index.php(44): CodeIgniter\CodeIgniter->run()
#5 C:\WORKPLACE\meuruca\vendor\codeigniter4\framework\system\Commands\Server\rewrite.php(45): require_once('C:\\WORKPLACE\\me...')
#6 {main}
CRITICAL - 2022-04-06 08:42:01 --> Attempt to assign property 'code' of non-object
#0 C:\WORKPLACE\meuruca\app\Controllers\Operations.php(139): CodeIgniter\Debug\Exceptions->errorHandler(2, 'Attempt to assi...', 'C:\\WORKPLACE\\me...', 139, Array)
#1 C:\WORKPLACE\meuruca\vendor\codeigniter4\framework\system\CodeIgniter.php(935): App\Controllers\Operations->index()
#2 C:\WORKPLACE\meuruca\vendor\codeigniter4\framework\system\CodeIgniter.php(431): CodeIgniter\CodeIgniter->runController(Object(App\Controllers\Operations))
#3 C:\WORKPLACE\meuruca\vendor\codeigniter4\framework\system\CodeIgniter.php(332): CodeIgniter\CodeIgniter->handleRequest(NULL, Object(Config\Cache), false)
#4 C:\WORKPLACE\meuruca\public\index.php(44): CodeIgniter\CodeIgniter->run()
#5 C:\WORKPLACE\meuruca\vendor\codeigniter4\framework\system\Commands\Server\rewrite.php(45): require_once('C:\\WORKPLACE\\me...')
#6 {main}
CRITICAL - 2022-04-06 08:42:01 --> Attempt to assign property 'code' of non-object
#0 C:\WORKPLACE\meuruca\app\Controllers\Operations.php(106): CodeIgniter\Debug\Exceptions->errorHandler(2, 'Attempt to assi...', 'C:\\WORKPLACE\\me...', 106, Array)
#1 C:\WORKPLACE\meuruca\vendor\codeigniter4\framework\system\CodeIgniter.php(935): App\Controllers\Operations->index()
#2 C:\WORKPLACE\meuruca\vendor\codeigniter4\framework\system\CodeIgniter.php(431): CodeIgniter\CodeIgniter->runController(Object(App\Controllers\Operations))
#3 C:\WORKPLACE\meuruca\vendor\codeigniter4\framework\system\CodeIgniter.php(332): CodeIgniter\CodeIgniter->handleRequest(NULL, Object(Config\Cache), false)
#4 C:\WORKPLACE\meuruca\public\index.php(44): CodeIgniter\CodeIgniter->run()
#5 C:\WORKPLACE\meuruca\vendor\codeigniter4\framework\system\Commands\Server\rewrite.php(45): require_once('C:\\WORKPLACE\\me...')
#6 {main}
CRITICAL - 2022-04-06 08:43:48 --> Cannot use object of type stdClass as array
#0 C:\WORKPLACE\meuruca\vendor\codeigniter4\framework\system\CodeIgniter.php(935): App\Controllers\Operations->index()
#1 C:\WORKPLACE\meuruca\vendor\codeigniter4\framework\system\CodeIgniter.php(431): CodeIgniter\CodeIgniter->runController(Object(App\Controllers\Operations))
#2 C:\WORKPLACE\meuruca\vendor\codeigniter4\framework\system\CodeIgniter.php(332): CodeIgniter\CodeIgniter->handleRequest(NULL, Object(Config\Cache), false)
#3 C:\WORKPLACE\meuruca\public\index.php(44): CodeIgniter\CodeIgniter->run()
#4 C:\WORKPLACE\meuruca\vendor\codeigniter4\framework\system\Commands\Server\rewrite.php(45): require_once('C:\\WORKPLACE\\me...')
#5 {main}
ERROR - 2022-04-06 09:05:10 --> mysqli_sql_exception: Duplicate entry 'AR-90-65-RD' for key 'matricula' in C:\WORKPLACE\meuruca\vendor\codeigniter4\framework\system\Database\MySQLi\Connection.php:314
Stack trace:
#0 C:\WORKPLACE\meuruca\vendor\codeigniter4\framework\system\Database\MySQLi\Connection.php(314): mysqli->query('INSERT INTO `vi...')
#1 C:\WORKPLACE\meuruca\vendor\codeigniter4\framework\system\Database\BaseConnection.php(715): CodeIgniter\Database\MySQLi\Connection->execute('INSERT INTO `vi...')
#2 C:\WORKPLACE\meuruca\vendor\codeigniter4\framework\system\Database\BaseConnection.php(643): CodeIgniter\Database\BaseConnection->simpleQuery('INSERT INTO `vi...')
#3 C:\WORKPLACE\meuruca\vendor\codeigniter4\framework\system\Database\BaseBuilder.php(2265): CodeIgniter\Database\BaseConnection->query('INSERT INTO `vi...', Array, false)
#4 C:\WORKPLACE\meuruca\vendor\codeigniter4\framework\system\Model.php(278): CodeIgniter\Database\BaseBuilder->insert()
#5 C:\WORKPLACE\meuruca\vendor\codeigniter4\framework\system\BaseModel.php(758): CodeIgniter\Model->doInsert(Array)
#6 C:\WORKPLACE\meuruca\vendor\codeigniter4\framework\system\Model.php(705): CodeIgniter\BaseModel->insert(Array, false)
#7 C:\WORKPLACE\meuruca\vendor\codeigniter4\framework\system\BaseModel.php(667): CodeIgniter\Model->insert(Array, false)
#8 C:\WORKPLACE\meuruca\app\Helpers\funcao_helper.php(27): CodeIgniter\BaseModel->save(Array)
#9 C:\WORKPLACE\meuruca\app\Controllers\Operations.php(92): cadastronormal(Object(App\Models\ViaturaModel), Array, Object(CodeIgniter\Database\MySQLi\Connection), Object(App\Models\AuditoriaModel))
#10 C:\WORKPLACE\meuruca\vendor\codeigniter4\framework\system\CodeIgniter.php(935): App\Controllers\Operations->index()
#11 C:\WORKPLACE\meuruca\vendor\codeigniter4\framework\system\CodeIgniter.php(431): CodeIgniter\CodeIgniter->runController(Object(App\Controllers\Operations))
#12 C:\WORKPLACE\meuruca\vendor\codeigniter4\framework\system\CodeIgniter.php(332): CodeIgniter\CodeIgniter->handleRequest(NULL, Object(Config\Cache), false)
#13 C:\WORKPLACE\meuruca\public\index.php(44): CodeIgniter\CodeIgniter->run()
#14 C:\WORKPLACE\meuruca\vendor\codeigniter4\framework\system\Commands\Server\rewrite.php(45): require_once('C:\\WORKPLACE\\me...')
#15 {main}
CRITICAL - 2022-04-06 09:05:10 --> Duplicate entry 'AR-90-65-RD' for key 'matricula'
#0 C:\WORKPLACE\meuruca\vendor\codeigniter4\framework\system\Database\MySQLi\Connection.php(314): mysqli->query('INSERT INTO `vi...')
#1 C:\WORKPLACE\meuruca\vendor\codeigniter4\framework\system\Database\BaseConnection.php(715): CodeIgniter\Database\MySQLi\Connection->execute('INSERT INTO `vi...')
#2 C:\WORKPLACE\meuruca\vendor\codeigniter4\framework\system\Database\BaseConnection.php(643): CodeIgniter\Database\BaseConnection->simpleQuery('INSERT INTO `vi...')
#3 C:\WORKPLACE\meuruca\vendor\codeigniter4\framework\system\Database\BaseBuilder.php(2265): CodeIgniter\Database\BaseConnection->query('INSERT INTO `vi...', Array, false)
#4 C:\WORKPLACE\meuruca\vendor\codeigniter4\framework\system\Model.php(278): CodeIgniter\Database\BaseBuilder->insert()
#5 C:\WORKPLACE\meuruca\vendor\codeigniter4\framework\system\BaseModel.php(758): CodeIgniter\Model->doInsert(Array)
#6 C:\WORKPLACE\meuruca\vendor\codeigniter4\framework\system\Model.php(705): CodeIgniter\BaseModel->insert(Array, false)
#7 C:\WORKPLACE\meuruca\vendor\codeigniter4\framework\system\BaseModel.php(667): CodeIgniter\Model->insert(Array, false)
#8 C:\WORKPLACE\meuruca\app\Helpers\funcao_helper.php(27): CodeIgniter\BaseModel->save(Array)
#9 C:\WORKPLACE\meuruca\app\Controllers\Operations.php(92): cadastronormal(Object(App\Models\ViaturaModel), Array, Object(CodeIgniter\Database\MySQLi\Connection), Object(App\Models\AuditoriaModel))
#10 C:\WORKPLACE\meuruca\vendor\codeigniter4\framework\system\CodeIgniter.php(935): App\Controllers\Operations->index()
#11 C:\WORKPLACE\meuruca\vendor\codeigniter4\framework\system\CodeIgniter.php(431): CodeIgniter\CodeIgniter->runController(Object(App\Controllers\Operations))
#12 C:\WORKPLACE\meuruca\vendor\codeigniter4\framework\system\CodeIgniter.php(332): CodeIgniter\CodeIgniter->handleRequest(NULL, Object(Config\Cache), false)
#13 C:\WORKPLACE\meuruca\public\index.php(44): CodeIgniter\CodeIgniter->run()
#14 C:\WORKPLACE\meuruca\vendor\codeigniter4\framework\system\Commands\Server\rewrite.php(45): require_once('C:\\WORKPLACE\\me...')
#15 {main}
ERROR - 2022-04-06 09:07:24 --> mysqli_sql_exception: Duplicate entry 'AR-90-65-RD' for key 'matricula' in C:\WORKPLACE\meuruca\vendor\codeigniter4\framework\system\Database\MySQLi\Connection.php:314
Stack trace:
#0 C:\WORKPLACE\meuruca\vendor\codeigniter4\framework\system\Database\MySQLi\Connection.php(314): mysqli->query('INSERT INTO `vi...')
#1 C:\WORKPLACE\meuruca\vendor\codeigniter4\framework\system\Database\BaseConnection.php(715): CodeIgniter\Database\MySQLi\Connection->execute('INSERT INTO `vi...')
#2 C:\WORKPLACE\meuruca\vendor\codeigniter4\framework\system\Database\BaseConnection.php(643): CodeIgniter\Database\BaseConnection->simpleQuery('INSERT INTO `vi...')
#3 C:\WORKPLACE\meuruca\vendor\codeigniter4\framework\system\Database\BaseBuilder.php(2265): CodeIgniter\Database\BaseConnection->query('INSERT INTO `vi...', Array, false)
#4 C:\WORKPLACE\meuruca\vendor\codeigniter4\framework\system\Model.php(278): CodeIgniter\Database\BaseBuilder->insert()
#5 C:\WORKPLACE\meuruca\vendor\codeigniter4\framework\system\BaseModel.php(758): CodeIgniter\Model->doInsert(Array)
#6 C:\WORKPLACE\meuruca\vendor\codeigniter4\framework\system\Model.php(705): CodeIgniter\BaseModel->insert(Array, false)
#7 C:\WORKPLACE\meuruca\vendor\codeigniter4\framework\system\BaseModel.php(667): CodeIgniter\Model->insert(Array, false)
#8 C:\WORKPLACE\meuruca\app\Helpers\funcao_helper.php(27): CodeIgniter\BaseModel->save(Array)
#9 C:\WORKPLACE\meuruca\app\Controllers\Operations.php(92): cadastronormal(Object(App\Models\ViaturaModel), Array, Object(CodeIgniter\Database\MySQLi\Connection), Object(App\Models\AuditoriaModel))
#10 C:\WORKPLACE\meuruca\vendor\codeigniter4\framework\system\CodeIgniter.php(935): App\Controllers\Operations->index()
#11 C:\WORKPLACE\meuruca\vendor\codeigniter4\framework\system\CodeIgniter.php(431): CodeIgniter\CodeIgniter->runController(Object(App\Controllers\Operations))
#12 C:\WORKPLACE\meuruca\vendor\codeigniter4\framework\system\CodeIgniter.php(332): CodeIgniter\CodeIgniter->handleRequest(NULL, Object(Config\Cache), false)
#13 C:\WORKPLACE\meuruca\public\index.php(44): CodeIgniter\CodeIgniter->run()
#14 C:\WORKPLACE\meuruca\vendor\codeigniter4\framework\system\Commands\Server\rewrite.php(45): require_once('C:\\WORKPLACE\\me...')
#15 {main}
CRITICAL - 2022-04-06 09:07:24 --> Duplicate entry 'AR-90-65-RD' for key 'matricula'
#0 C:\WORKPLACE\meuruca\vendor\codeigniter4\framework\system\Database\MySQLi\Connection.php(314): mysqli->query('INSERT INTO `vi...')
#1 C:\WORKPLACE\meuruca\vendor\codeigniter4\framework\system\Database\BaseConnection.php(715): CodeIgniter\Database\MySQLi\Connection->execute('INSERT INTO `vi...')
#2 C:\WORKPLACE\meuruca\vendor\codeigniter4\framework\system\Database\BaseConnection.php(643): CodeIgniter\Database\BaseConnection->simpleQuery('INSERT INTO `vi...')
#3 C:\WORKPLACE\meuruca\vendor\codeigniter4\framework\system\Database\BaseBuilder.php(2265): CodeIgniter\Database\BaseConnection->query('INSERT INTO `vi...', Array, false)
#4 C:\WORKPLACE\meuruca\vendor\codeigniter4\framework\system\Model.php(278): CodeIgniter\Database\BaseBuilder->insert()
#5 C:\WORKPLACE\meuruca\vendor\codeigniter4\framework\system\BaseModel.php(758): CodeIgniter\Model->doInsert(Array)
#6 C:\WORKPLACE\meuruca\vendor\codeigniter4\framework\system\Model.php(705): CodeIgniter\BaseModel->insert(Array, false)
#7 C:\WORKPLACE\meuruca\vendor\codeigniter4\framework\system\BaseModel.php(667): CodeIgniter\Model->insert(Array, false)
#8 C:\WORKPLACE\meuruca\app\Helpers\funcao_helper.php(27): CodeIgniter\BaseModel->save(Array)
#9 C:\WORKPLACE\meuruca\app\Controllers\Operations.php(92): cadastronormal(Object(App\Models\ViaturaModel), Array, Object(CodeIgniter\Database\MySQLi\Connection), Object(App\Models\AuditoriaModel))
#10 C:\WORKPLACE\meuruca\vendor\codeigniter4\framework\system\CodeIgniter.php(935): App\Controllers\Operations->index()
#11 C:\WORKPLACE\meuruca\vendor\codeigniter4\framework\system\CodeIgniter.php(431): CodeIgniter\CodeIgniter->runController(Object(App\Controllers\Operations))
#12 C:\WORKPLACE\meuruca\vendor\codeigniter4\framework\system\CodeIgniter.php(332): CodeIgniter\CodeIgniter->handleRequest(NULL, Object(Config\Cache), false)
#13 C:\WORKPLACE\meuruca\public\index.php(44): CodeIgniter\CodeIgniter->run()
#14 C:\WORKPLACE\meuruca\vendor\codeigniter4\framework\system\Commands\Server\rewrite.php(45): require_once('C:\\WORKPLACE\\me...')
#15 {main}
ERROR - 2022-04-06 09:34:22 --> mysqli_sql_exception: Duplicate entry '875387' for key 'matricula' in C:\WORKPLACE\meuruca\vendor\codeigniter4\framework\system\Database\MySQLi\Connection.php:314
Stack trace:
#0 C:\WORKPLACE\meuruca\vendor\codeigniter4\framework\system\Database\MySQLi\Connection.php(314): mysqli->query('INSERT INTO `vi...')
#1 C:\WORKPLACE\meuruca\vendor\codeigniter4\framework\system\Database\BaseConnection.php(715): CodeIgniter\Database\MySQLi\Connection->execute('INSERT INTO `vi...')
#2 C:\WORKPLACE\meuruca\vendor\codeigniter4\framework\system\Database\BaseConnection.php(643): CodeIgniter\Database\BaseConnection->simpleQuery('INSERT INTO `vi...')
#3 C:\WORKPLACE\meuruca\vendor\codeigniter4\framework\system\Database\BaseBuilder.php(2265): CodeIgniter\Database\BaseConnection->query('INSERT INTO `vi...', Array, false)
#4 C:\WORKPLACE\meuruca\vendor\codeigniter4\framework\system\Model.php(278): CodeIgniter\Database\BaseBuilder->insert()
#5 C:\WORKPLACE\meuruca\vendor\codeigniter4\framework\system\BaseModel.php(758): CodeIgniter\Model->doInsert(Array)
#6 C:\WORKPLACE\meuruca\vendor\codeigniter4\framework\system\Model.php(705): CodeIgniter\BaseModel->insert(Array, false)
#7 C:\WORKPLACE\meuruca\vendor\codeigniter4\framework\system\BaseModel.php(667): CodeIgniter\Model->insert(Array, false)
#8 C:\WORKPLACE\meuruca\app\Helpers\funcao_helper.php(244): CodeIgniter\BaseModel->save(Array)
#9 C:\WORKPLACE\meuruca\app\Controllers\Operations.php(97): updatenomal(Object(App\Models\ViaturaModel), Array, Object(App\Models\AuditoriaModel))
#10 C:\WORKPLACE\meuruca\vendor\codeigniter4\framework\system\CodeIgniter.php(935): App\Controllers\Operations->index()
#11 C:\WORKPLACE\meuruca\vendor\codeigniter4\framework\system\CodeIgniter.php(431): CodeIgniter\CodeIgniter->runController(Object(App\Controllers\Operations))
#12 C:\WORKPLACE\meuruca\vendor\codeigniter4\framework\system\CodeIgniter.php(332): CodeIgniter\CodeIgniter->handleRequest(NULL, Object(Config\Cache), false)
#13 C:\WORKPLACE\meuruca\public\index.php(44): CodeIgniter\CodeIgniter->run()
#14 C:\WORKPLACE\meuruca\vendor\codeigniter4\framework\system\Commands\Server\rewrite.php(45): require_once('C:\\WORKPLACE\\me...')
#15 {main}
CRITICAL - 2022-04-06 09:34:22 --> Duplicate entry '875387' for key 'matricula'
#0 C:\WORKPLACE\meuruca\vendor\codeigniter4\framework\system\Database\MySQLi\Connection.php(314): mysqli->query('INSERT INTO `vi...')
#1 C:\WORKPLACE\meuruca\vendor\codeigniter4\framework\system\Database\BaseConnection.php(715): CodeIgniter\Database\MySQLi\Connection->execute('INSERT INTO `vi...')
#2 C:\WORKPLACE\meuruca\vendor\codeigniter4\framework\system\Database\BaseConnection.php(643): CodeIgniter\Database\BaseConnection->simpleQuery('INSERT INTO `vi...')
#3 C:\WORKPLACE\meuruca\vendor\codeigniter4\framework\system\Database\BaseBuilder.php(2265): CodeIgniter\Database\BaseConnection->query('INSERT INTO `vi...', Array, false)
#4 C:\WORKPLACE\meuruca\vendor\codeigniter4\framework\system\Model.php(278): CodeIgniter\Database\BaseBuilder->insert()
#5 C:\WORKPLACE\meuruca\vendor\codeigniter4\framework\system\BaseModel.php(758): CodeIgniter\Model->doInsert(Array)
#6 C:\WORKPLACE\meuruca\vendor\codeigniter4\framework\system\Model.php(705): CodeIgniter\BaseModel->insert(Array, false)
#7 C:\WORKPLACE\meuruca\vendor\codeigniter4\framework\system\BaseModel.php(667): CodeIgniter\Model->insert(Array, false)
#8 C:\WORKPLACE\meuruca\app\Helpers\funcao_helper.php(244): CodeIgniter\BaseModel->save(Array)
#9 C:\WORKPLACE\meuruca\app\Controllers\Operations.php(97): updatenomal(Object(App\Models\ViaturaModel), Array, Object(App\Models\AuditoriaModel))
#10 C:\WORKPLACE\meuruca\vendor\codeigniter4\framework\system\CodeIgniter.php(935): App\Controllers\Operations->index()
#11 C:\WORKPLACE\meuruca\vendor\codeigniter4\framework\system\CodeIgniter.php(431): CodeIgniter\CodeIgniter->runController(Object(App\Controllers\Operations))
#12 C:\WORKPLACE\meuruca\vendor\codeigniter4\framework\system\CodeIgniter.php(332): CodeIgniter\CodeIgniter->handleRequest(NULL, Object(Config\Cache), false)
#13 C:\WORKPLACE\meuruca\public\index.php(44): CodeIgniter\CodeIgniter->run()
#14 C:\WORKPLACE\meuruca\vendor\codeigniter4\framework\system\Commands\Server\rewrite.php(45): require_once('C:\\WORKPLACE\\me...')
#15 {main}
ERROR - 2022-04-06 09:36:54 --> mysqli_sql_exception: Duplicate entry '875387' for key 'matricula' in C:\WORKPLACE\meuruca\vendor\codeigniter4\framework\system\Database\MySQLi\Connection.php:314
Stack trace:
#0 C:\WORKPLACE\meuruca\vendor\codeigniter4\framework\system\Database\MySQLi\Connection.php(314): mysqli->query('INSERT INTO `vi...')
#1 C:\WORKPLACE\meuruca\vendor\codeigniter4\framework\system\Database\BaseConnection.php(715): CodeIgniter\Database\MySQLi\Connection->execute('INSERT INTO `vi...')
#2 C:\WORKPLACE\meuruca\vendor\codeigniter4\framework\system\Database\BaseConnection.php(643): CodeIgniter\Database\BaseConnection->simpleQuery('INSERT INTO `vi...')
#3 C:\WORKPLACE\meuruca\vendor\codeigniter4\framework\system\Database\BaseBuilder.php(2265): CodeIgniter\Database\BaseConnection->query('INSERT INTO `vi...', Array, false)
#4 C:\WORKPLACE\meuruca\vendor\codeigniter4\framework\system\Model.php(278): CodeIgniter\Database\BaseBuilder->insert()
#5 C:\WORKPLACE\meuruca\vendor\codeigniter4\framework\system\BaseModel.php(758): CodeIgniter\Model->doInsert(Array)
#6 C:\WORKPLACE\meuruca\vendor\codeigniter4\framework\system\Model.php(705): CodeIgniter\BaseModel->insert(Array, false)
#7 C:\WORKPLACE\meuruca\vendor\codeigniter4\framework\system\BaseModel.php(667): CodeIgniter\Model->insert(Array, false)
#8 C:\WORKPLACE\meuruca\app\Helpers\funcao_helper.php(244): CodeIgniter\BaseModel->save(Array)
#9 C:\WORKPLACE\meuruca\app\Controllers\Operations.php(97): updatenomal(Object(App\Models\ViaturaModel), Array, Object(App\Models\AuditoriaModel))
#10 C:\WORKPLACE\meuruca\vendor\codeigniter4\framework\system\CodeIgniter.php(935): App\Controllers\Operations->index()
#11 C:\WORKPLACE\meuruca\vendor\codeigniter4\framework\system\CodeIgniter.php(431): CodeIgniter\CodeIgniter->runController(Object(App\Controllers\Operations))
#12 C:\WORKPLACE\meuruca\vendor\codeigniter4\framework\system\CodeIgniter.php(332): CodeIgniter\CodeIgniter->handleRequest(NULL, Object(Config\Cache), false)
#13 C:\WORKPLACE\meuruca\public\index.php(44): CodeIgniter\CodeIgniter->run()
#14 C:\WORKPLACE\meuruca\vendor\codeigniter4\framework\system\Commands\Server\rewrite.php(45): require_once('C:\\WORKPLACE\\me...')
#15 {main}
CRITICAL - 2022-04-06 09:36:54 --> Duplicate entry '875387' for key 'matricula'
#0 C:\WORKPLACE\meuruca\vendor\codeigniter4\framework\system\Database\MySQLi\Connection.php(314): mysqli->query('INSERT INTO `vi...')
#1 C:\WORKPLACE\meuruca\vendor\codeigniter4\framework\system\Database\BaseConnection.php(715): CodeIgniter\Database\MySQLi\Connection->execute('INSERT INTO `vi...')
#2 C:\WORKPLACE\meuruca\vendor\codeigniter4\framework\system\Database\BaseConnection.php(643): CodeIgniter\Database\BaseConnection->simpleQuery('INSERT INTO `vi...')
#3 C:\WORKPLACE\meuruca\vendor\codeigniter4\framework\system\Database\BaseBuilder.php(2265): CodeIgniter\Database\BaseConnection->query('INSERT INTO `vi...', Array, false)
#4 C:\WORKPLACE\meuruca\vendor\codeigniter4\framework\system\Model.php(278): CodeIgniter\Database\BaseBuilder->insert()
#5 C:\WORKPLACE\meuruca\vendor\codeigniter4\framework\system\BaseModel.php(758): CodeIgniter\Model->doInsert(Array)
#6 C:\WORKPLACE\meuruca\vendor\codeigniter4\framework\system\Model.php(705): CodeIgniter\BaseModel->insert(Array, false)
#7 C:\WORKPLACE\meuruca\vendor\codeigniter4\framework\system\BaseModel.php(667): CodeIgniter\Model->insert(Array, false)
#8 C:\WORKPLACE\meuruca\app\Helpers\funcao_helper.php(244): CodeIgniter\BaseModel->save(Array)
#9 C:\WORKPLACE\meuruca\app\Controllers\Operations.php(97): updatenomal(Object(App\Models\ViaturaModel), Array, Object(App\Models\AuditoriaModel))
#10 C:\WORKPLACE\meuruca\vendor\codeigniter4\framework\system\CodeIgniter.php(935): App\Controllers\Operations->index()
#11 C:\WORKPLACE\meuruca\vendor\codeigniter4\framework\system\CodeIgniter.php(431): CodeIgniter\CodeIgniter->runController(Object(App\Controllers\Operations))
#12 C:\WORKPLACE\meuruca\vendor\codeigniter4\framework\system\CodeIgniter.php(332): CodeIgniter\CodeIgniter->handleRequest(NULL, Object(Config\Cache), false)
#13 C:\WORKPLACE\meuruca\public\index.php(44): CodeIgniter\CodeIgniter->run()
#14 C:\WORKPLACE\meuruca\vendor\codeigniter4\framework\system\Commands\Server\rewrite.php(45): require_once('C:\\WORKPLACE\\me...')
#15 {main}
