CRITICAL - 2022-06-06 08:16:36 --> Trying to get property 'hash_factura' of non-object
#0 C:\WORKPLACE\meuruca\app\Controllers\Operations.php(631): CodeIgniter\Debug\Exceptions->errorHandler(8, 'Trying to get p...', 'C:\\WORKPLACE\\me...', 631, Array)
#1 C:\WORKPLACE\meuruca\app\Controllers\Operations.php(205): App\Controllers\Operations->gerarFacturaapi('141', '16')
#2 C:\WORKPLACE\meuruca\vendor\codeigniter4\framework\system\CodeIgniter.php(935): App\Controllers\Operations->index()
#3 C:\WORKPLACE\meuruca\vendor\codeigniter4\framework\system\CodeIgniter.php(431): CodeIgniter\CodeIgniter->runController(Object(App\Controllers\Operations))
#4 C:\WORKPLACE\meuruca\vendor\codeigniter4\framework\system\CodeIgniter.php(332): CodeIgniter\CodeIgniter->handleRequest(NULL, Object(Config\Cache), false)
#5 C:\WORKPLACE\meuruca\public\index.php(44): CodeIgniter\CodeIgniter->run()
#6 C:\WORKPLACE\meuruca\vendor\codeigniter4\framework\system\Commands\Server\rewrite.php(45): require_once('C:\\WORKPLACE\\me...')
#7 {main}
CRITICAL - 2022-06-06 08:22:05 --> Undefined property: App\Controllers\Operations::$auditoria
#0 C:\WORKPLACE\meuruca\app\Controllers\Operations.php(716): CodeIgniter\Debug\Exceptions->errorHandler(8, 'Undefined prope...', 'C:\\WORKPLACE\\me...', 716, Array)
#1 C:\WORKPLACE\meuruca\app\Controllers\Operations.php(205): App\Controllers\Operations->gerarFacturaapi('41', '16')
#2 C:\WORKPLACE\meuruca\vendor\codeigniter4\framework\system\CodeIgniter.php(935): App\Controllers\Operations->index()
#3 C:\WORKPLACE\meuruca\vendor\codeigniter4\framework\system\CodeIgniter.php(431): CodeIgniter\CodeIgniter->runController(Object(App\Controllers\Operations))
#4 C:\WORKPLACE\meuruca\vendor\codeigniter4\framework\system\CodeIgniter.php(332): CodeIgniter\CodeIgniter->handleRequest(NULL, Object(Config\Cache), false)
#5 C:\WORKPLACE\meuruca\public\index.php(44): CodeIgniter\CodeIgniter->run()
#6 C:\WORKPLACE\meuruca\vendor\codeigniter4\framework\system\Commands\Server\rewrite.php(45): require_once('C:\\WORKPLACE\\me...')
#7 {main}
CRITICAL - 2022-06-06 08:22:06 --> Uncaught CodeIgniter\Format\Exceptions\FormatException: Failed to parse json string, error: "Type is not supported". in C:\WORKPLACE\meuruca\vendor\codeigniter4\framework\system\Format\JSONFormatter.php:42
Stack trace:
#0 C:\WORKPLACE\meuruca\vendor\codeigniter4\framework\system\Format\JSONFormatter.php(42): CodeIgniter\Format\Exceptions\FormatException::forInvalidJSON('Type is not sup...')
#1 C:\WORKPLACE\meuruca\vendor\codeigniter4\framework\system\API\ResponseTrait.php(407): CodeIgniter\Format\JSONFormatter->format(Array)
#2 C:\WORKPLACE\meuruca\vendor\codeigniter4\framework\system\API\ResponseTrait.php(114): CodeIgniter\Debug\Exceptions->format(Array)
#3 C:\WORKPLACE\meuruca\vendor\codeigniter4\framework\system\Debug\Exceptions.php(141): CodeIgniter\Debug\Exceptions->respond(Array, 500)
#4 [internal function]: CodeIgniter\Debug\Exceptions->exceptionHandler(Object(ErrorException))
#5 {main}
  thrown
#0 [internal function]: CodeIgniter\Debug\Exceptions->shutdownHandler()
#1 {main}
CRITICAL - 2022-06-06 08:22:14 --> Undefined property: App\Controllers\Operations::$auditoria
#0 C:\WORKPLACE\meuruca\app\Controllers\Operations.php(716): CodeIgniter\Debug\Exceptions->errorHandler(8, 'Undefined prope...', 'C:\\WORKPLACE\\me...', 716, Array)
#1 C:\WORKPLACE\meuruca\app\Controllers\Operations.php(205): App\Controllers\Operations->gerarFacturaapi('41', '16')
#2 C:\WORKPLACE\meuruca\vendor\codeigniter4\framework\system\CodeIgniter.php(935): App\Controllers\Operations->index()
#3 C:\WORKPLACE\meuruca\vendor\codeigniter4\framework\system\CodeIgniter.php(431): CodeIgniter\CodeIgniter->runController(Object(App\Controllers\Operations))
#4 C:\WORKPLACE\meuruca\vendor\codeigniter4\framework\system\CodeIgniter.php(332): CodeIgniter\CodeIgniter->handleRequest(NULL, Object(Config\Cache), false)
#5 C:\WORKPLACE\meuruca\public\index.php(44): CodeIgniter\CodeIgniter->run()
#6 C:\WORKPLACE\meuruca\vendor\codeigniter4\framework\system\Commands\Server\rewrite.php(45): require_once('C:\\WORKPLACE\\me...')
#7 {main}
CRITICAL - 2022-06-06 08:22:14 --> Uncaught CodeIgniter\Format\Exceptions\FormatException: Failed to parse json string, error: "Type is not supported". in C:\WORKPLACE\meuruca\vendor\codeigniter4\framework\system\Format\JSONFormatter.php:42
Stack trace:
#0 C:\WORKPLACE\meuruca\vendor\codeigniter4\framework\system\Format\JSONFormatter.php(42): CodeIgniter\Format\Exceptions\FormatException::forInvalidJSON('Type is not sup...')
#1 C:\WORKPLACE\meuruca\vendor\codeigniter4\framework\system\API\ResponseTrait.php(407): CodeIgniter\Format\JSONFormatter->format(Array)
#2 C:\WORKPLACE\meuruca\vendor\codeigniter4\framework\system\API\ResponseTrait.php(114): CodeIgniter\Debug\Exceptions->format(Array)
#3 C:\WORKPLACE\meuruca\vendor\codeigniter4\framework\system\Debug\Exceptions.php(141): CodeIgniter\Debug\Exceptions->respond(Array, 500)
#4 [internal function]: CodeIgniter\Debug\Exceptions->exceptionHandler(Object(ErrorException))
#5 {main}
  thrown
#0 [internal function]: CodeIgniter\Debug\Exceptions->shutdownHandler()
#1 {main}
CRITICAL - 2022-06-06 08:22:19 --> Undefined property: App\Controllers\Operations::$auditoria
#0 C:\WORKPLACE\meuruca\app\Controllers\Operations.php(716): CodeIgniter\Debug\Exceptions->errorHandler(8, 'Undefined prope...', 'C:\\WORKPLACE\\me...', 716, Array)
#1 C:\WORKPLACE\meuruca\app\Controllers\Operations.php(205): App\Controllers\Operations->gerarFacturaapi('41', '16')
#2 C:\WORKPLACE\meuruca\vendor\codeigniter4\framework\system\CodeIgniter.php(935): App\Controllers\Operations->index()
#3 C:\WORKPLACE\meuruca\vendor\codeigniter4\framework\system\CodeIgniter.php(431): CodeIgniter\CodeIgniter->runController(Object(App\Controllers\Operations))
#4 C:\WORKPLACE\meuruca\vendor\codeigniter4\framework\system\CodeIgniter.php(332): CodeIgniter\CodeIgniter->handleRequest(NULL, Object(Config\Cache), false)
#5 C:\WORKPLACE\meuruca\public\index.php(44): CodeIgniter\CodeIgniter->run()
#6 C:\WORKPLACE\meuruca\vendor\codeigniter4\framework\system\Commands\Server\rewrite.php(45): require_once('C:\\WORKPLACE\\me...')
#7 {main}
CRITICAL - 2022-06-06 08:22:19 --> Uncaught CodeIgniter\Format\Exceptions\FormatException: Failed to parse json string, error: "Type is not supported". in C:\WORKPLACE\meuruca\vendor\codeigniter4\framework\system\Format\JSONFormatter.php:42
Stack trace:
#0 C:\WORKPLACE\meuruca\vendor\codeigniter4\framework\system\Format\JSONFormatter.php(42): CodeIgniter\Format\Exceptions\FormatException::forInvalidJSON('Type is not sup...')
#1 C:\WORKPLACE\meuruca\vendor\codeigniter4\framework\system\API\ResponseTrait.php(407): CodeIgniter\Format\JSONFormatter->format(Array)
#2 C:\WORKPLACE\meuruca\vendor\codeigniter4\framework\system\API\ResponseTrait.php(114): CodeIgniter\Debug\Exceptions->format(Array)
#3 C:\WORKPLACE\meuruca\vendor\codeigniter4\framework\system\Debug\Exceptions.php(141): CodeIgniter\Debug\Exceptions->respond(Array, 500)
#4 [internal function]: CodeIgniter\Debug\Exceptions->exceptionHandler(Object(ErrorException))
#5 {main}
  thrown
#0 [internal function]: CodeIgniter\Debug\Exceptions->shutdownHandler()
#1 {main}
CRITICAL - 2022-06-06 08:22:31 --> syntax error, unexpected 'auditoria' (T_STRING), expecting ';' or ','
#0 C:\WORKPLACE\meuruca\vendor\codeigniter4\framework\system\Router\Router.php(170): CodeIgniter\Router\Router->autoRoute('operations')
#1 C:\WORKPLACE\meuruca\vendor\codeigniter4\framework\system\CodeIgniter.php(815): CodeIgniter\Router\Router->handle('operations')
#2 C:\WORKPLACE\meuruca\vendor\codeigniter4\framework\system\CodeIgniter.php(384): CodeIgniter\CodeIgniter->tryToRouteIt(Object(CodeIgniter\Router\RouteCollection))
#3 C:\WORKPLACE\meuruca\vendor\codeigniter4\framework\system\CodeIgniter.php(332): CodeIgniter\CodeIgniter->handleRequest(NULL, Object(Config\Cache), false)
#4 C:\WORKPLACE\meuruca\public\index.php(44): CodeIgniter\CodeIgniter->run()
#5 C:\WORKPLACE\meuruca\vendor\codeigniter4\framework\system\Commands\Server\rewrite.php(45): require_once('C:\\WORKPLACE\\me...')
#6 {main}
CRITICAL - 2022-06-06 08:22:42 --> Undefined property: App\Controllers\Operations::$auditoria
#0 C:\WORKPLACE\meuruca\app\Controllers\Operations.php(716): CodeIgniter\Debug\Exceptions->errorHandler(8, 'Undefined prope...', 'C:\\WORKPLACE\\me...', 716, Array)
#1 C:\WORKPLACE\meuruca\app\Controllers\Operations.php(205): App\Controllers\Operations->gerarFacturaapi('41', '16')
#2 C:\WORKPLACE\meuruca\vendor\codeigniter4\framework\system\CodeIgniter.php(935): App\Controllers\Operations->index()
#3 C:\WORKPLACE\meuruca\vendor\codeigniter4\framework\system\CodeIgniter.php(431): CodeIgniter\CodeIgniter->runController(Object(App\Controllers\Operations))
#4 C:\WORKPLACE\meuruca\vendor\codeigniter4\framework\system\CodeIgniter.php(332): CodeIgniter\CodeIgniter->handleRequest(NULL, Object(Config\Cache), false)
#5 C:\WORKPLACE\meuruca\public\index.php(44): CodeIgniter\CodeIgniter->run()
#6 C:\WORKPLACE\meuruca\vendor\codeigniter4\framework\system\Commands\Server\rewrite.php(45): require_once('C:\\WORKPLACE\\me...')
#7 {main}
CRITICAL - 2022-06-06 08:22:42 --> Uncaught CodeIgniter\Format\Exceptions\FormatException: Failed to parse json string, error: "Type is not supported". in C:\WORKPLACE\meuruca\vendor\codeigniter4\framework\system\Format\JSONFormatter.php:42
Stack trace:
#0 C:\WORKPLACE\meuruca\vendor\codeigniter4\framework\system\Format\JSONFormatter.php(42): CodeIgniter\Format\Exceptions\FormatException::forInvalidJSON('Type is not sup...')
#1 C:\WORKPLACE\meuruca\vendor\codeigniter4\framework\system\API\ResponseTrait.php(407): CodeIgniter\Format\JSONFormatter->format(Array)
#2 C:\WORKPLACE\meuruca\vendor\codeigniter4\framework\system\API\ResponseTrait.php(114): CodeIgniter\Debug\Exceptions->format(Array)
#3 C:\WORKPLACE\meuruca\vendor\codeigniter4\framework\system\Debug\Exceptions.php(141): CodeIgniter\Debug\Exceptions->respond(Array, 500)
#4 [internal function]: CodeIgniter\Debug\Exceptions->exceptionHandler(Object(ErrorException))
#5 {main}
  thrown
#0 [internal function]: CodeIgniter\Debug\Exceptions->shutdownHandler()
#1 {main}
CRITICAL - 2022-06-06 08:23:32 --> Undefined property: App\Controllers\Operations::$auditoria
#0 C:\WORKPLACE\meuruca\app\Controllers\Operations.php(717): CodeIgniter\Debug\Exceptions->errorHandler(8, 'Undefined prope...', 'C:\\WORKPLACE\\me...', 717, Array)
#1 C:\WORKPLACE\meuruca\app\Controllers\Operations.php(205): App\Controllers\Operations->gerarFacturaapi('41', '16')
#2 C:\WORKPLACE\meuruca\vendor\codeigniter4\framework\system\CodeIgniter.php(935): App\Controllers\Operations->index()
#3 C:\WORKPLACE\meuruca\vendor\codeigniter4\framework\system\CodeIgniter.php(431): CodeIgniter\CodeIgniter->runController(Object(App\Controllers\Operations))
#4 C:\WORKPLACE\meuruca\vendor\codeigniter4\framework\system\CodeIgniter.php(332): CodeIgniter\CodeIgniter->handleRequest(NULL, Object(Config\Cache), false)
#5 C:\WORKPLACE\meuruca\public\index.php(44): CodeIgniter\CodeIgniter->run()
#6 C:\WORKPLACE\meuruca\vendor\codeigniter4\framework\system\Commands\Server\rewrite.php(45): require_once('C:\\WORKPLACE\\me...')
#7 {main}
CRITICAL - 2022-06-06 08:23:32 --> Uncaught CodeIgniter\Format\Exceptions\FormatException: Failed to parse json string, error: "Type is not supported". in C:\WORKPLACE\meuruca\vendor\codeigniter4\framework\system\Format\JSONFormatter.php:42
Stack trace:
#0 C:\WORKPLACE\meuruca\vendor\codeigniter4\framework\system\Format\JSONFormatter.php(42): CodeIgniter\Format\Exceptions\FormatException::forInvalidJSON('Type is not sup...')
#1 C:\WORKPLACE\meuruca\vendor\codeigniter4\framework\system\API\ResponseTrait.php(407): CodeIgniter\Format\JSONFormatter->format(Array)
#2 C:\WORKPLACE\meuruca\vendor\codeigniter4\framework\system\API\ResponseTrait.php(114): CodeIgniter\Debug\Exceptions->format(Array)
#3 C:\WORKPLACE\meuruca\vendor\codeigniter4\framework\system\Debug\Exceptions.php(141): CodeIgniter\Debug\Exceptions->respond(Array, 500)
#4 [internal function]: CodeIgniter\Debug\Exceptions->exceptionHandler(Object(ErrorException))
#5 {main}
  thrown
#0 [internal function]: CodeIgniter\Debug\Exceptions->shutdownHandler()
#1 {main}
CRITICAL - 2022-06-06 08:24:24 --> Undefined property: App\Controllers\Operations::$auditoria
#0 C:\WORKPLACE\meuruca\app\Controllers\Operations.php(717): CodeIgniter\Debug\Exceptions->errorHandler(8, 'Undefined prope...', 'C:\\WORKPLACE\\me...', 717, Array)
#1 C:\WORKPLACE\meuruca\app\Controllers\Operations.php(205): App\Controllers\Operations->gerarFacturaapi('41', '16')
#2 C:\WORKPLACE\meuruca\vendor\codeigniter4\framework\system\CodeIgniter.php(935): App\Controllers\Operations->index()
#3 C:\WORKPLACE\meuruca\vendor\codeigniter4\framework\system\CodeIgniter.php(431): CodeIgniter\CodeIgniter->runController(Object(App\Controllers\Operations))
#4 C:\WORKPLACE\meuruca\vendor\codeigniter4\framework\system\CodeIgniter.php(332): CodeIgniter\CodeIgniter->handleRequest(NULL, Object(Config\Cache), false)
#5 C:\WORKPLACE\meuruca\public\index.php(44): CodeIgniter\CodeIgniter->run()
#6 C:\WORKPLACE\meuruca\vendor\codeigniter4\framework\system\Commands\Server\rewrite.php(45): require_once('C:\\WORKPLACE\\me...')
#7 {main}
CRITICAL - 2022-06-06 08:24:24 --> Uncaught CodeIgniter\Format\Exceptions\FormatException: Failed to parse json string, error: "Type is not supported". in C:\WORKPLACE\meuruca\vendor\codeigniter4\framework\system\Format\JSONFormatter.php:42
Stack trace:
#0 C:\WORKPLACE\meuruca\vendor\codeigniter4\framework\system\Format\JSONFormatter.php(42): CodeIgniter\Format\Exceptions\FormatException::forInvalidJSON('Type is not sup...')
#1 C:\WORKPLACE\meuruca\vendor\codeigniter4\framework\system\API\ResponseTrait.php(407): CodeIgniter\Format\JSONFormatter->format(Array)
#2 C:\WORKPLACE\meuruca\vendor\codeigniter4\framework\system\API\ResponseTrait.php(114): CodeIgniter\Debug\Exceptions->format(Array)
#3 C:\WORKPLACE\meuruca\vendor\codeigniter4\framework\system\Debug\Exceptions.php(141): CodeIgniter\Debug\Exceptions->respond(Array, 500)
#4 [internal function]: CodeIgniter\Debug\Exceptions->exceptionHandler(Object(ErrorException))
#5 {main}
  thrown
#0 [internal function]: CodeIgniter\Debug\Exceptions->shutdownHandler()
#1 {main}
CRITICAL - 2022-06-06 08:25:10 --> Undefined property: App\Controllers\Operations::$auditoria
#0 C:\WORKPLACE\meuruca\app\Controllers\Operations.php(719): CodeIgniter\Debug\Exceptions->errorHandler(8, 'Undefined prope...', 'C:\\WORKPLACE\\me...', 719, Array)
#1 C:\WORKPLACE\meuruca\app\Controllers\Operations.php(205): App\Controllers\Operations->gerarFacturaapi('41', '16')
#2 C:\WORKPLACE\meuruca\vendor\codeigniter4\framework\system\CodeIgniter.php(935): App\Controllers\Operations->index()
#3 C:\WORKPLACE\meuruca\vendor\codeigniter4\framework\system\CodeIgniter.php(431): CodeIgniter\CodeIgniter->runController(Object(App\Controllers\Operations))
#4 C:\WORKPLACE\meuruca\vendor\codeigniter4\framework\system\CodeIgniter.php(332): CodeIgniter\CodeIgniter->handleRequest(NULL, Object(Config\Cache), false)
#5 C:\WORKPLACE\meuruca\public\index.php(44): CodeIgniter\CodeIgniter->run()
#6 C:\WORKPLACE\meuruca\vendor\codeigniter4\framework\system\Commands\Server\rewrite.php(45): require_once('C:\\WORKPLACE\\me...')
#7 {main}
CRITICAL - 2022-06-06 08:25:10 --> Uncaught CodeIgniter\Format\Exceptions\FormatException: Failed to parse json string, error: "Type is not supported". in C:\WORKPLACE\meuruca\vendor\codeigniter4\framework\system\Format\JSONFormatter.php:42
Stack trace:
#0 C:\WORKPLACE\meuruca\vendor\codeigniter4\framework\system\Format\JSONFormatter.php(42): CodeIgniter\Format\Exceptions\FormatException::forInvalidJSON('Type is not sup...')
#1 C:\WORKPLACE\meuruca\vendor\codeigniter4\framework\system\API\ResponseTrait.php(407): CodeIgniter\Format\JSONFormatter->format(Array)
#2 C:\WORKPLACE\meuruca\vendor\codeigniter4\framework\system\API\ResponseTrait.php(114): CodeIgniter\Debug\Exceptions->format(Array)
#3 C:\WORKPLACE\meuruca\vendor\codeigniter4\framework\system\Debug\Exceptions.php(141): CodeIgniter\Debug\Exceptions->respond(Array, 500)
#4 [internal function]: CodeIgniter\Debug\Exceptions->exceptionHandler(Object(ErrorException))
#5 {main}
  thrown
#0 [internal function]: CodeIgniter\Debug\Exceptions->shutdownHandler()
#1 {main}
CRITICAL - 2022-06-06 08:25:31 --> Undefined property: App\Controllers\Operations::$auditoria
#0 C:\WORKPLACE\meuruca\app\Controllers\Operations.php(720): CodeIgniter\Debug\Exceptions->errorHandler(8, 'Undefined prope...', 'C:\\WORKPLACE\\me...', 720, Array)
#1 C:\WORKPLACE\meuruca\app\Controllers\Operations.php(205): App\Controllers\Operations->gerarFacturaapi('41', '16')
#2 C:\WORKPLACE\meuruca\vendor\codeigniter4\framework\system\CodeIgniter.php(935): App\Controllers\Operations->index()
#3 C:\WORKPLACE\meuruca\vendor\codeigniter4\framework\system\CodeIgniter.php(431): CodeIgniter\CodeIgniter->runController(Object(App\Controllers\Operations))
#4 C:\WORKPLACE\meuruca\vendor\codeigniter4\framework\system\CodeIgniter.php(332): CodeIgniter\CodeIgniter->handleRequest(NULL, Object(Config\Cache), false)
#5 C:\WORKPLACE\meuruca\public\index.php(44): CodeIgniter\CodeIgniter->run()
#6 C:\WORKPLACE\meuruca\vendor\codeigniter4\framework\system\Commands\Server\rewrite.php(45): require_once('C:\\WORKPLACE\\me...')
#7 {main}
CRITICAL - 2022-06-06 08:25:31 --> Uncaught CodeIgniter\Format\Exceptions\FormatException: Failed to parse json string, error: "Type is not supported". in C:\WORKPLACE\meuruca\vendor\codeigniter4\framework\system\Format\JSONFormatter.php:42
Stack trace:
#0 C:\WORKPLACE\meuruca\vendor\codeigniter4\framework\system\Format\JSONFormatter.php(42): CodeIgniter\Format\Exceptions\FormatException::forInvalidJSON('Type is not sup...')
#1 C:\WORKPLACE\meuruca\vendor\codeigniter4\framework\system\API\ResponseTrait.php(407): CodeIgniter\Format\JSONFormatter->format(Array)
#2 C:\WORKPLACE\meuruca\vendor\codeigniter4\framework\system\API\ResponseTrait.php(114): CodeIgniter\Debug\Exceptions->format(Array)
#3 C:\WORKPLACE\meuruca\vendor\codeigniter4\framework\system\Debug\Exceptions.php(141): CodeIgniter\Debug\Exceptions->respond(Array, 500)
#4 [internal function]: CodeIgniter\Debug\Exceptions->exceptionHandler(Object(ErrorException))
#5 {main}
  thrown
#0 [internal function]: CodeIgniter\Debug\Exceptions->shutdownHandler()
#1 {main}
CRITICAL - 2022-06-06 08:25:38 --> Undefined property: App\Controllers\Operations::$auditoria
#0 C:\WORKPLACE\meuruca\app\Controllers\Operations.php(720): CodeIgniter\Debug\Exceptions->errorHandler(8, 'Undefined prope...', 'C:\\WORKPLACE\\me...', 720, Array)
#1 C:\WORKPLACE\meuruca\app\Controllers\Operations.php(205): App\Controllers\Operations->gerarFacturaapi('41', '16')
#2 C:\WORKPLACE\meuruca\vendor\codeigniter4\framework\system\CodeIgniter.php(935): App\Controllers\Operations->index()
#3 C:\WORKPLACE\meuruca\vendor\codeigniter4\framework\system\CodeIgniter.php(431): CodeIgniter\CodeIgniter->runController(Object(App\Controllers\Operations))
#4 C:\WORKPLACE\meuruca\vendor\codeigniter4\framework\system\CodeIgniter.php(332): CodeIgniter\CodeIgniter->handleRequest(NULL, Object(Config\Cache), false)
#5 C:\WORKPLACE\meuruca\public\index.php(44): CodeIgniter\CodeIgniter->run()
#6 C:\WORKPLACE\meuruca\vendor\codeigniter4\framework\system\Commands\Server\rewrite.php(45): require_once('C:\\WORKPLACE\\me...')
#7 {main}
CRITICAL - 2022-06-06 08:25:38 --> Uncaught CodeIgniter\Format\Exceptions\FormatException: Failed to parse json string, error: "Type is not supported". in C:\WORKPLACE\meuruca\vendor\codeigniter4\framework\system\Format\JSONFormatter.php:42
Stack trace:
#0 C:\WORKPLACE\meuruca\vendor\codeigniter4\framework\system\Format\JSONFormatter.php(42): CodeIgniter\Format\Exceptions\FormatException::forInvalidJSON('Type is not sup...')
#1 C:\WORKPLACE\meuruca\vendor\codeigniter4\framework\system\API\ResponseTrait.php(407): CodeIgniter\Format\JSONFormatter->format(Array)
#2 C:\WORKPLACE\meuruca\vendor\codeigniter4\framework\system\API\ResponseTrait.php(114): CodeIgniter\Debug\Exceptions->format(Array)
#3 C:\WORKPLACE\meuruca\vendor\codeigniter4\framework\system\Debug\Exceptions.php(141): CodeIgniter\Debug\Exceptions->respond(Array, 500)
#4 [internal function]: CodeIgniter\Debug\Exceptions->exceptionHandler(Object(ErrorException))
#5 {main}
  thrown
#0 [internal function]: CodeIgniter\Debug\Exceptions->shutdownHandler()
#1 {main}
CRITICAL - 2022-06-06 08:26:19 --> Undefined property: App\Controllers\Operations::$auditoria
#0 C:\WORKPLACE\meuruca\app\Controllers\Operations.php(718): CodeIgniter\Debug\Exceptions->errorHandler(8, 'Undefined prope...', 'C:\\WORKPLACE\\me...', 718, Array)
#1 C:\WORKPLACE\meuruca\app\Controllers\Operations.php(205): App\Controllers\Operations->gerarFacturaapi('41', '16')
#2 C:\WORKPLACE\meuruca\vendor\codeigniter4\framework\system\CodeIgniter.php(935): App\Controllers\Operations->index()
#3 C:\WORKPLACE\meuruca\vendor\codeigniter4\framework\system\CodeIgniter.php(431): CodeIgniter\CodeIgniter->runController(Object(App\Controllers\Operations))
#4 C:\WORKPLACE\meuruca\vendor\codeigniter4\framework\system\CodeIgniter.php(332): CodeIgniter\CodeIgniter->handleRequest(NULL, Object(Config\Cache), false)
#5 C:\WORKPLACE\meuruca\public\index.php(44): CodeIgniter\CodeIgniter->run()
#6 C:\WORKPLACE\meuruca\vendor\codeigniter4\framework\system\Commands\Server\rewrite.php(45): require_once('C:\\WORKPLACE\\me...')
#7 {main}
CRITICAL - 2022-06-06 08:26:19 --> Uncaught CodeIgniter\Format\Exceptions\FormatException: Failed to parse json string, error: "Type is not supported". in C:\WORKPLACE\meuruca\vendor\codeigniter4\framework\system\Format\JSONFormatter.php:42
Stack trace:
#0 C:\WORKPLACE\meuruca\vendor\codeigniter4\framework\system\Format\JSONFormatter.php(42): CodeIgniter\Format\Exceptions\FormatException::forInvalidJSON('Type is not sup...')
#1 C:\WORKPLACE\meuruca\vendor\codeigniter4\framework\system\API\ResponseTrait.php(407): CodeIgniter\Format\JSONFormatter->format(Array)
#2 C:\WORKPLACE\meuruca\vendor\codeigniter4\framework\system\API\ResponseTrait.php(114): CodeIgniter\Debug\Exceptions->format(Array)
#3 C:\WORKPLACE\meuruca\vendor\codeigniter4\framework\system\Debug\Exceptions.php(141): CodeIgniter\Debug\Exceptions->respond(Array, 500)
#4 [internal function]: CodeIgniter\Debug\Exceptions->exceptionHandler(Object(ErrorException))
#5 {main}
  thrown
#0 [internal function]: CodeIgniter\Debug\Exceptions->shutdownHandler()
#1 {main}
CRITICAL - 2022-06-06 08:26:31 --> Undefined property: App\Controllers\Operations::$auditoria
#0 C:\WORKPLACE\meuruca\app\Controllers\Operations.php(718): CodeIgniter\Debug\Exceptions->errorHandler(8, 'Undefined prope...', 'C:\\WORKPLACE\\me...', 718, Array)
#1 C:\WORKPLACE\meuruca\app\Controllers\Operations.php(205): App\Controllers\Operations->gerarFacturaapi('41', '16')
#2 C:\WORKPLACE\meuruca\vendor\codeigniter4\framework\system\CodeIgniter.php(935): App\Controllers\Operations->index()
#3 C:\WORKPLACE\meuruca\vendor\codeigniter4\framework\system\CodeIgniter.php(431): CodeIgniter\CodeIgniter->runController(Object(App\Controllers\Operations))
#4 C:\WORKPLACE\meuruca\vendor\codeigniter4\framework\system\CodeIgniter.php(332): CodeIgniter\CodeIgniter->handleRequest(NULL, Object(Config\Cache), false)
#5 C:\WORKPLACE\meuruca\public\index.php(44): CodeIgniter\CodeIgniter->run()
#6 C:\WORKPLACE\meuruca\vendor\codeigniter4\framework\system\Commands\Server\rewrite.php(45): require_once('C:\\WORKPLACE\\me...')
#7 {main}
CRITICAL - 2022-06-06 08:26:31 --> Uncaught CodeIgniter\Format\Exceptions\FormatException: Failed to parse json string, error: "Type is not supported". in C:\WORKPLACE\meuruca\vendor\codeigniter4\framework\system\Format\JSONFormatter.php:42
Stack trace:
#0 C:\WORKPLACE\meuruca\vendor\codeigniter4\framework\system\Format\JSONFormatter.php(42): CodeIgniter\Format\Exceptions\FormatException::forInvalidJSON('Type is not sup...')
#1 C:\WORKPLACE\meuruca\vendor\codeigniter4\framework\system\API\ResponseTrait.php(407): CodeIgniter\Format\JSONFormatter->format(Array)
#2 C:\WORKPLACE\meuruca\vendor\codeigniter4\framework\system\API\ResponseTrait.php(114): CodeIgniter\Debug\Exceptions->format(Array)
#3 C:\WORKPLACE\meuruca\vendor\codeigniter4\framework\system\Debug\Exceptions.php(141): CodeIgniter\Debug\Exceptions->respond(Array, 500)
#4 [internal function]: CodeIgniter\Debug\Exceptions->exceptionHandler(Object(ErrorException))
#5 {main}
  thrown
#0 [internal function]: CodeIgniter\Debug\Exceptions->shutdownHandler()
#1 {main}
CRITICAL - 2022-06-06 08:27:58 --> Undefined property: App\Controllers\Operations::$auditoria
#0 C:\WORKPLACE\meuruca\app\Controllers\Operations.php(718): CodeIgniter\Debug\Exceptions->errorHandler(8, 'Undefined prope...', 'C:\\WORKPLACE\\me...', 718, Array)
#1 C:\WORKPLACE\meuruca\app\Controllers\Operations.php(205): App\Controllers\Operations->gerarFacturaapi('41', '16')
#2 C:\WORKPLACE\meuruca\vendor\codeigniter4\framework\system\CodeIgniter.php(935): App\Controllers\Operations->index()
#3 C:\WORKPLACE\meuruca\vendor\codeigniter4\framework\system\CodeIgniter.php(431): CodeIgniter\CodeIgniter->runController(Object(App\Controllers\Operations))
#4 C:\WORKPLACE\meuruca\vendor\codeigniter4\framework\system\CodeIgniter.php(332): CodeIgniter\CodeIgniter->handleRequest(NULL, Object(Config\Cache), false)
#5 C:\WORKPLACE\meuruca\public\index.php(44): CodeIgniter\CodeIgniter->run()
#6 C:\WORKPLACE\meuruca\vendor\codeigniter4\framework\system\Commands\Server\rewrite.php(45): require_once('C:\\WORKPLACE\\me...')
#7 {main}
CRITICAL - 2022-06-06 08:27:58 --> Uncaught CodeIgniter\Format\Exceptions\FormatException: Failed to parse json string, error: "Type is not supported". in C:\WORKPLACE\meuruca\vendor\codeigniter4\framework\system\Format\JSONFormatter.php:42
Stack trace:
#0 C:\WORKPLACE\meuruca\vendor\codeigniter4\framework\system\Format\JSONFormatter.php(42): CodeIgniter\Format\Exceptions\FormatException::forInvalidJSON('Type is not sup...')
#1 C:\WORKPLACE\meuruca\vendor\codeigniter4\framework\system\API\ResponseTrait.php(407): CodeIgniter\Format\JSONFormatter->format(Array)
#2 C:\WORKPLACE\meuruca\vendor\codeigniter4\framework\system\API\ResponseTrait.php(114): CodeIgniter\Debug\Exceptions->format(Array)
#3 C:\WORKPLACE\meuruca\vendor\codeigniter4\framework\system\Debug\Exceptions.php(141): CodeIgniter\Debug\Exceptions->respond(Array, 500)
#4 [internal function]: CodeIgniter\Debug\Exceptions->exceptionHandler(Object(ErrorException))
#5 {main}
  thrown
#0 [internal function]: CodeIgniter\Debug\Exceptions->shutdownHandler()
#1 {main}
CRITICAL - 2022-06-06 08:29:09 --> Undefined property: App\Controllers\Operations::$auditoria
#0 C:\WORKPLACE\meuruca\app\Controllers\Operations.php(718): CodeIgniter\Debug\Exceptions->errorHandler(8, 'Undefined prope...', 'C:\\WORKPLACE\\me...', 718, Array)
#1 C:\WORKPLACE\meuruca\app\Controllers\Operations.php(205): App\Controllers\Operations->gerarFacturaapi('41', '16')
#2 C:\WORKPLACE\meuruca\vendor\codeigniter4\framework\system\CodeIgniter.php(935): App\Controllers\Operations->index()
#3 C:\WORKPLACE\meuruca\vendor\codeigniter4\framework\system\CodeIgniter.php(431): CodeIgniter\CodeIgniter->runController(Object(App\Controllers\Operations))
#4 C:\WORKPLACE\meuruca\vendor\codeigniter4\framework\system\CodeIgniter.php(332): CodeIgniter\CodeIgniter->handleRequest(NULL, Object(Config\Cache), false)
#5 C:\WORKPLACE\meuruca\public\index.php(44): CodeIgniter\CodeIgniter->run()
#6 C:\WORKPLACE\meuruca\vendor\codeigniter4\framework\system\Commands\Server\rewrite.php(45): require_once('C:\\WORKPLACE\\me...')
#7 {main}
CRITICAL - 2022-06-06 08:29:09 --> Uncaught CodeIgniter\Format\Exceptions\FormatException: Failed to parse json string, error: "Type is not supported". in C:\WORKPLACE\meuruca\vendor\codeigniter4\framework\system\Format\JSONFormatter.php:42
Stack trace:
#0 C:\WORKPLACE\meuruca\vendor\codeigniter4\framework\system\Format\JSONFormatter.php(42): CodeIgniter\Format\Exceptions\FormatException::forInvalidJSON('Type is not sup...')
#1 C:\WORKPLACE\meuruca\vendor\codeigniter4\framework\system\API\ResponseTrait.php(407): CodeIgniter\Format\JSONFormatter->format(Array)
#2 C:\WORKPLACE\meuruca\vendor\codeigniter4\framework\system\API\ResponseTrait.php(114): CodeIgniter\Debug\Exceptions->format(Array)
#3 C:\WORKPLACE\meuruca\vendor\codeigniter4\framework\system\Debug\Exceptions.php(141): CodeIgniter\Debug\Exceptions->respond(Array, 500)
#4 [internal function]: CodeIgniter\Debug\Exceptions->exceptionHandler(Object(ErrorException))
#5 {main}
  thrown
#0 [internal function]: CodeIgniter\Debug\Exceptions->shutdownHandler()
#1 {main}
CRITICAL - 2022-06-06 08:30:06 --> syntax error, unexpected 'case' (T_CASE)
#0 C:\WORKPLACE\meuruca\vendor\codeigniter4\framework\system\Router\Router.php(170): CodeIgniter\Router\Router->autoRoute('operations')
#1 C:\WORKPLACE\meuruca\vendor\codeigniter4\framework\system\CodeIgniter.php(815): CodeIgniter\Router\Router->handle('operations')
#2 C:\WORKPLACE\meuruca\vendor\codeigniter4\framework\system\CodeIgniter.php(384): CodeIgniter\CodeIgniter->tryToRouteIt(Object(CodeIgniter\Router\RouteCollection))
#3 C:\WORKPLACE\meuruca\vendor\codeigniter4\framework\system\CodeIgniter.php(332): CodeIgniter\CodeIgniter->handleRequest(NULL, Object(Config\Cache), false)
#4 C:\WORKPLACE\meuruca\public\index.php(44): CodeIgniter\CodeIgniter->run()
#5 C:\WORKPLACE\meuruca\vendor\codeigniter4\framework\system\Commands\Server\rewrite.php(45): require_once('C:\\WORKPLACE\\me...')
#6 {main}
CRITICAL - 2022-06-06 08:30:28 --> Undefined property: App\Controllers\Operations::$auditoria
#0 C:\WORKPLACE\meuruca\app\Controllers\Operations.php(718): CodeIgniter\Debug\Exceptions->errorHandler(8, 'Undefined prope...', 'C:\\WORKPLACE\\me...', 718, Array)
#1 C:\WORKPLACE\meuruca\app\Controllers\Operations.php(205): App\Controllers\Operations->gerarFacturaapi('41', '16')
#2 C:\WORKPLACE\meuruca\vendor\codeigniter4\framework\system\CodeIgniter.php(935): App\Controllers\Operations->index()
#3 C:\WORKPLACE\meuruca\vendor\codeigniter4\framework\system\CodeIgniter.php(431): CodeIgniter\CodeIgniter->runController(Object(App\Controllers\Operations))
#4 C:\WORKPLACE\meuruca\vendor\codeigniter4\framework\system\CodeIgniter.php(332): CodeIgniter\CodeIgniter->handleRequest(NULL, Object(Config\Cache), false)
#5 C:\WORKPLACE\meuruca\public\index.php(44): CodeIgniter\CodeIgniter->run()
#6 C:\WORKPLACE\meuruca\vendor\codeigniter4\framework\system\Commands\Server\rewrite.php(45): require_once('C:\\WORKPLACE\\me...')
#7 {main}
CRITICAL - 2022-06-06 08:30:28 --> Uncaught CodeIgniter\Format\Exceptions\FormatException: Failed to parse json string, error: "Type is not supported". in C:\WORKPLACE\meuruca\vendor\codeigniter4\framework\system\Format\JSONFormatter.php:42
Stack trace:
#0 C:\WORKPLACE\meuruca\vendor\codeigniter4\framework\system\Format\JSONFormatter.php(42): CodeIgniter\Format\Exceptions\FormatException::forInvalidJSON('Type is not sup...')
#1 C:\WORKPLACE\meuruca\vendor\codeigniter4\framework\system\API\ResponseTrait.php(407): CodeIgniter\Format\JSONFormatter->format(Array)
#2 C:\WORKPLACE\meuruca\vendor\codeigniter4\framework\system\API\ResponseTrait.php(114): CodeIgniter\Debug\Exceptions->format(Array)
#3 C:\WORKPLACE\meuruca\vendor\codeigniter4\framework\system\Debug\Exceptions.php(141): CodeIgniter\Debug\Exceptions->respond(Array, 500)
#4 [internal function]: CodeIgniter\Debug\Exceptions->exceptionHandler(Object(ErrorException))
#5 {main}
  thrown
#0 [internal function]: CodeIgniter\Debug\Exceptions->shutdownHandler()
#1 {main}
CRITICAL - 2022-06-06 08:31:04 --> Undefined property: App\Controllers\Operations::$auditoria
#0 C:\WORKPLACE\meuruca\app\Controllers\Operations.php(719): CodeIgniter\Debug\Exceptions->errorHandler(8, 'Undefined prope...', 'C:\\WORKPLACE\\me...', 719, Array)
#1 C:\WORKPLACE\meuruca\app\Controllers\Operations.php(205): App\Controllers\Operations->gerarFacturaapi('41', '16')
#2 C:\WORKPLACE\meuruca\vendor\codeigniter4\framework\system\CodeIgniter.php(935): App\Controllers\Operations->index()
#3 C:\WORKPLACE\meuruca\vendor\codeigniter4\framework\system\CodeIgniter.php(431): CodeIgniter\CodeIgniter->runController(Object(App\Controllers\Operations))
#4 C:\WORKPLACE\meuruca\vendor\codeigniter4\framework\system\CodeIgniter.php(332): CodeIgniter\CodeIgniter->handleRequest(NULL, Object(Config\Cache), false)
#5 C:\WORKPLACE\meuruca\public\index.php(44): CodeIgniter\CodeIgniter->run()
#6 C:\WORKPLACE\meuruca\vendor\codeigniter4\framework\system\Commands\Server\rewrite.php(45): require_once('C:\\WORKPLACE\\me...')
#7 {main}
CRITICAL - 2022-06-06 08:31:04 --> Uncaught CodeIgniter\Format\Exceptions\FormatException: Failed to parse json string, error: "Type is not supported". in C:\WORKPLACE\meuruca\vendor\codeigniter4\framework\system\Format\JSONFormatter.php:42
Stack trace:
#0 C:\WORKPLACE\meuruca\vendor\codeigniter4\framework\system\Format\JSONFormatter.php(42): CodeIgniter\Format\Exceptions\FormatException::forInvalidJSON('Type is not sup...')
#1 C:\WORKPLACE\meuruca\vendor\codeigniter4\framework\system\API\ResponseTrait.php(407): CodeIgniter\Format\JSONFormatter->format(Array)
#2 C:\WORKPLACE\meuruca\vendor\codeigniter4\framework\system\API\ResponseTrait.php(114): CodeIgniter\Debug\Exceptions->format(Array)
#3 C:\WORKPLACE\meuruca\vendor\codeigniter4\framework\system\Debug\Exceptions.php(141): CodeIgniter\Debug\Exceptions->respond(Array, 500)
#4 [internal function]: CodeIgniter\Debug\Exceptions->exceptionHandler(Object(ErrorException))
#5 {main}
  thrown
#0 [internal function]: CodeIgniter\Debug\Exceptions->shutdownHandler()
#1 {main}
CRITICAL - 2022-06-06 08:31:12 --> Undefined property: App\Controllers\Operations::$auditoria
#0 C:\WORKPLACE\meuruca\app\Controllers\Operations.php(719): CodeIgniter\Debug\Exceptions->errorHandler(8, 'Undefined prope...', 'C:\\WORKPLACE\\me...', 719, Array)
#1 C:\WORKPLACE\meuruca\app\Controllers\Operations.php(205): App\Controllers\Operations->gerarFacturaapi('41', '16')
#2 C:\WORKPLACE\meuruca\vendor\codeigniter4\framework\system\CodeIgniter.php(935): App\Controllers\Operations->index()
#3 C:\WORKPLACE\meuruca\vendor\codeigniter4\framework\system\CodeIgniter.php(431): CodeIgniter\CodeIgniter->runController(Object(App\Controllers\Operations))
#4 C:\WORKPLACE\meuruca\vendor\codeigniter4\framework\system\CodeIgniter.php(332): CodeIgniter\CodeIgniter->handleRequest(NULL, Object(Config\Cache), false)
#5 C:\WORKPLACE\meuruca\public\index.php(44): CodeIgniter\CodeIgniter->run()
#6 C:\WORKPLACE\meuruca\vendor\codeigniter4\framework\system\Commands\Server\rewrite.php(45): require_once('C:\\WORKPLACE\\me...')
#7 {main}
CRITICAL - 2022-06-06 08:31:12 --> Uncaught CodeIgniter\Format\Exceptions\FormatException: Failed to parse json string, error: "Type is not supported". in C:\WORKPLACE\meuruca\vendor\codeigniter4\framework\system\Format\JSONFormatter.php:42
Stack trace:
#0 C:\WORKPLACE\meuruca\vendor\codeigniter4\framework\system\Format\JSONFormatter.php(42): CodeIgniter\Format\Exceptions\FormatException::forInvalidJSON('Type is not sup...')
#1 C:\WORKPLACE\meuruca\vendor\codeigniter4\framework\system\API\ResponseTrait.php(407): CodeIgniter\Format\JSONFormatter->format(Array)
#2 C:\WORKPLACE\meuruca\vendor\codeigniter4\framework\system\API\ResponseTrait.php(114): CodeIgniter\Debug\Exceptions->format(Array)
#3 C:\WORKPLACE\meuruca\vendor\codeigniter4\framework\system\Debug\Exceptions.php(141): CodeIgniter\Debug\Exceptions->respond(Array, 500)
#4 [internal function]: CodeIgniter\Debug\Exceptions->exceptionHandler(Object(ErrorException))
#5 {main}
  thrown
#0 [internal function]: CodeIgniter\Debug\Exceptions->shutdownHandler()
#1 {main}
CRITICAL - 2022-06-06 08:31:38 --> Undefined property: App\Controllers\Operations::$auditoria
#0 C:\WORKPLACE\meuruca\app\Controllers\Operations.php(719): CodeIgniter\Debug\Exceptions->errorHandler(8, 'Undefined prope...', 'C:\\WORKPLACE\\me...', 719, Array)
#1 C:\WORKPLACE\meuruca\app\Controllers\Operations.php(205): App\Controllers\Operations->gerarFacturaapi('41', '16')
#2 C:\WORKPLACE\meuruca\vendor\codeigniter4\framework\system\CodeIgniter.php(935): App\Controllers\Operations->index()
#3 C:\WORKPLACE\meuruca\vendor\codeigniter4\framework\system\CodeIgniter.php(431): CodeIgniter\CodeIgniter->runController(Object(App\Controllers\Operations))
#4 C:\WORKPLACE\meuruca\vendor\codeigniter4\framework\system\CodeIgniter.php(332): CodeIgniter\CodeIgniter->handleRequest(NULL, Object(Config\Cache), false)
#5 C:\WORKPLACE\meuruca\public\index.php(44): CodeIgniter\CodeIgniter->run()
#6 C:\WORKPLACE\meuruca\vendor\codeigniter4\framework\system\Commands\Server\rewrite.php(45): require_once('C:\\WORKPLACE\\me...')
#7 {main}
CRITICAL - 2022-06-06 08:31:38 --> Uncaught CodeIgniter\Format\Exceptions\FormatException: Failed to parse json string, error: "Type is not supported". in C:\WORKPLACE\meuruca\vendor\codeigniter4\framework\system\Format\JSONFormatter.php:42
Stack trace:
#0 C:\WORKPLACE\meuruca\vendor\codeigniter4\framework\system\Format\JSONFormatter.php(42): CodeIgniter\Format\Exceptions\FormatException::forInvalidJSON('Type is not sup...')
#1 C:\WORKPLACE\meuruca\vendor\codeigniter4\framework\system\API\ResponseTrait.php(407): CodeIgniter\Format\JSONFormatter->format(Array)
#2 C:\WORKPLACE\meuruca\vendor\codeigniter4\framework\system\API\ResponseTrait.php(114): CodeIgniter\Debug\Exceptions->format(Array)
#3 C:\WORKPLACE\meuruca\vendor\codeigniter4\framework\system\Debug\Exceptions.php(141): CodeIgniter\Debug\Exceptions->respond(Array, 500)
#4 [internal function]: CodeIgniter\Debug\Exceptions->exceptionHandler(Object(ErrorException))
#5 {main}
  thrown
#0 [internal function]: CodeIgniter\Debug\Exceptions->shutdownHandler()
#1 {main}
CRITICAL - 2022-06-06 08:31:56 --> Undefined property: App\Controllers\Operations::$auditoria
#0 C:\WORKPLACE\meuruca\app\Controllers\Operations.php(719): CodeIgniter\Debug\Exceptions->errorHandler(8, 'Undefined prope...', 'C:\\WORKPLACE\\me...', 719, Array)
#1 C:\WORKPLACE\meuruca\app\Controllers\Operations.php(205): App\Controllers\Operations->gerarFacturaapi('41', '16')
#2 C:\WORKPLACE\meuruca\vendor\codeigniter4\framework\system\CodeIgniter.php(935): App\Controllers\Operations->index()
#3 C:\WORKPLACE\meuruca\vendor\codeigniter4\framework\system\CodeIgniter.php(431): CodeIgniter\CodeIgniter->runController(Object(App\Controllers\Operations))
#4 C:\WORKPLACE\meuruca\vendor\codeigniter4\framework\system\CodeIgniter.php(332): CodeIgniter\CodeIgniter->handleRequest(NULL, Object(Config\Cache), false)
#5 C:\WORKPLACE\meuruca\public\index.php(44): CodeIgniter\CodeIgniter->run()
#6 C:\WORKPLACE\meuruca\vendor\codeigniter4\framework\system\Commands\Server\rewrite.php(45): require_once('C:\\WORKPLACE\\me...')
#7 {main}
CRITICAL - 2022-06-06 08:31:56 --> Uncaught CodeIgniter\Format\Exceptions\FormatException: Failed to parse json string, error: "Type is not supported". in C:\WORKPLACE\meuruca\vendor\codeigniter4\framework\system\Format\JSONFormatter.php:42
Stack trace:
#0 C:\WORKPLACE\meuruca\vendor\codeigniter4\framework\system\Format\JSONFormatter.php(42): CodeIgniter\Format\Exceptions\FormatException::forInvalidJSON('Type is not sup...')
#1 C:\WORKPLACE\meuruca\vendor\codeigniter4\framework\system\API\ResponseTrait.php(407): CodeIgniter\Format\JSONFormatter->format(Array)
#2 C:\WORKPLACE\meuruca\vendor\codeigniter4\framework\system\API\ResponseTrait.php(114): CodeIgniter\Debug\Exceptions->format(Array)
#3 C:\WORKPLACE\meuruca\vendor\codeigniter4\framework\system\Debug\Exceptions.php(141): CodeIgniter\Debug\Exceptions->respond(Array, 500)
#4 [internal function]: CodeIgniter\Debug\Exceptions->exceptionHandler(Object(ErrorException))
#5 {main}
  thrown
#0 [internal function]: CodeIgniter\Debug\Exceptions->shutdownHandler()
#1 {main}
CRITICAL - 2022-06-06 08:32:32 --> Undefined property: App\Controllers\Operations::$auditoria
#0 C:\WORKPLACE\meuruca\app\Controllers\Operations.php(718): CodeIgniter\Debug\Exceptions->errorHandler(8, 'Undefined prope...', 'C:\\WORKPLACE\\me...', 718, Array)
#1 C:\WORKPLACE\meuruca\app\Controllers\Operations.php(205): App\Controllers\Operations->gerarFacturaapi('41', '16')
#2 C:\WORKPLACE\meuruca\vendor\codeigniter4\framework\system\CodeIgniter.php(935): App\Controllers\Operations->index()
#3 C:\WORKPLACE\meuruca\vendor\codeigniter4\framework\system\CodeIgniter.php(431): CodeIgniter\CodeIgniter->runController(Object(App\Controllers\Operations))
#4 C:\WORKPLACE\meuruca\vendor\codeigniter4\framework\system\CodeIgniter.php(332): CodeIgniter\CodeIgniter->handleRequest(NULL, Object(Config\Cache), false)
#5 C:\WORKPLACE\meuruca\public\index.php(44): CodeIgniter\CodeIgniter->run()
#6 C:\WORKPLACE\meuruca\vendor\codeigniter4\framework\system\Commands\Server\rewrite.php(45): require_once('C:\\WORKPLACE\\me...')
#7 {main}
CRITICAL - 2022-06-06 08:32:32 --> Uncaught CodeIgniter\Format\Exceptions\FormatException: Failed to parse json string, error: "Type is not supported". in C:\WORKPLACE\meuruca\vendor\codeigniter4\framework\system\Format\JSONFormatter.php:42
Stack trace:
#0 C:\WORKPLACE\meuruca\vendor\codeigniter4\framework\system\Format\JSONFormatter.php(42): CodeIgniter\Format\Exceptions\FormatException::forInvalidJSON('Type is not sup...')
#1 C:\WORKPLACE\meuruca\vendor\codeigniter4\framework\system\API\ResponseTrait.php(407): CodeIgniter\Format\JSONFormatter->format(Array)
#2 C:\WORKPLACE\meuruca\vendor\codeigniter4\framework\system\API\ResponseTrait.php(114): CodeIgniter\Debug\Exceptions->format(Array)
#3 C:\WORKPLACE\meuruca\vendor\codeigniter4\framework\system\Debug\Exceptions.php(141): CodeIgniter\Debug\Exceptions->respond(Array, 500)
#4 [internal function]: CodeIgniter\Debug\Exceptions->exceptionHandler(Object(ErrorException))
#5 {main}
  thrown
#0 [internal function]: CodeIgniter\Debug\Exceptions->shutdownHandler()
#1 {main}
CRITICAL - 2022-06-06 08:32:52 --> Undefined property: App\Controllers\Operations::$auditoria
#0 C:\WORKPLACE\meuruca\app\Controllers\Operations.php(718): CodeIgniter\Debug\Exceptions->errorHandler(8, 'Undefined prope...', 'C:\\WORKPLACE\\me...', 718, Array)
#1 C:\WORKPLACE\meuruca\app\Controllers\Operations.php(205): App\Controllers\Operations->gerarFacturaapi('41', '16')
#2 C:\WORKPLACE\meuruca\vendor\codeigniter4\framework\system\CodeIgniter.php(935): App\Controllers\Operations->index()
#3 C:\WORKPLACE\meuruca\vendor\codeigniter4\framework\system\CodeIgniter.php(431): CodeIgniter\CodeIgniter->runController(Object(App\Controllers\Operations))
#4 C:\WORKPLACE\meuruca\vendor\codeigniter4\framework\system\CodeIgniter.php(332): CodeIgniter\CodeIgniter->handleRequest(NULL, Object(Config\Cache), false)
#5 C:\WORKPLACE\meuruca\public\index.php(44): CodeIgniter\CodeIgniter->run()
#6 C:\WORKPLACE\meuruca\vendor\codeigniter4\framework\system\Commands\Server\rewrite.php(45): require_once('C:\\WORKPLACE\\me...')
#7 {main}
CRITICAL - 2022-06-06 08:32:52 --> Uncaught CodeIgniter\Format\Exceptions\FormatException: Failed to parse json string, error: "Type is not supported". in C:\WORKPLACE\meuruca\vendor\codeigniter4\framework\system\Format\JSONFormatter.php:42
Stack trace:
#0 C:\WORKPLACE\meuruca\vendor\codeigniter4\framework\system\Format\JSONFormatter.php(42): CodeIgniter\Format\Exceptions\FormatException::forInvalidJSON('Type is not sup...')
#1 C:\WORKPLACE\meuruca\vendor\codeigniter4\framework\system\API\ResponseTrait.php(407): CodeIgniter\Format\JSONFormatter->format(Array)
#2 C:\WORKPLACE\meuruca\vendor\codeigniter4\framework\system\API\ResponseTrait.php(114): CodeIgniter\Debug\Exceptions->format(Array)
#3 C:\WORKPLACE\meuruca\vendor\codeigniter4\framework\system\Debug\Exceptions.php(141): CodeIgniter\Debug\Exceptions->respond(Array, 500)
#4 [internal function]: CodeIgniter\Debug\Exceptions->exceptionHandler(Object(ErrorException))
#5 {main}
  thrown
#0 [internal function]: CodeIgniter\Debug\Exceptions->shutdownHandler()
#1 {main}
ERROR - 2022-06-06 08:33:03 --> mysqli_sql_exception: Table 'meuruca.pagamento' doesn't exist in C:\WORKPLACE\meuruca\vendor\codeigniter4\framework\system\Database\MySQLi\Connection.php:314
Stack trace:
#0 C:\WORKPLACE\meuruca\vendor\codeigniter4\framework\system\Database\MySQLi\Connection.php(314): mysqli->query('UPDATE `pagamen...')
#1 C:\WORKPLACE\meuruca\vendor\codeigniter4\framework\system\Database\BaseConnection.php(715): CodeIgniter\Database\MySQLi\Connection->execute('UPDATE `pagamen...')
#2 C:\WORKPLACE\meuruca\vendor\codeigniter4\framework\system\Database\BaseConnection.php(643): CodeIgniter\Database\BaseConnection->simpleQuery('UPDATE `pagamen...')
#3 C:\WORKPLACE\meuruca\app\Controllers\Operations.php(719): CodeIgniter\Database\BaseConnection->query('UPDATE `pagamen...')
#4 C:\WORKPLACE\meuruca\app\Controllers\Operations.php(205): App\Controllers\Operations->gerarFacturaapi('41', '16')
#5 C:\WORKPLACE\meuruca\vendor\codeigniter4\framework\system\CodeIgniter.php(935): App\Controllers\Operations->index()
#6 C:\WORKPLACE\meuruca\vendor\codeigniter4\framework\system\CodeIgniter.php(431): CodeIgniter\CodeIgniter->runController(Object(App\Controllers\Operations))
#7 C:\WORKPLACE\meuruca\vendor\codeigniter4\framework\system\CodeIgniter.php(332): CodeIgniter\CodeIgniter->handleRequest(NULL, Object(Config\Cache), false)
#8 C:\WORKPLACE\meuruca\public\index.php(44): CodeIgniter\CodeIgniter->run()
#9 C:\WORKPLACE\meuruca\vendor\codeigniter4\framework\system\Commands\Server\rewrite.php(45): require_once('C:\\WORKPLACE\\me...')
#10 {main}
CRITICAL - 2022-06-06 08:33:03 --> Table 'meuruca.pagamento' doesn't exist
#0 C:\WORKPLACE\meuruca\vendor\codeigniter4\framework\system\Database\MySQLi\Connection.php(314): mysqli->query('UPDATE `pagamen...')
#1 C:\WORKPLACE\meuruca\vendor\codeigniter4\framework\system\Database\BaseConnection.php(715): CodeIgniter\Database\MySQLi\Connection->execute('UPDATE `pagamen...')
#2 C:\WORKPLACE\meuruca\vendor\codeigniter4\framework\system\Database\BaseConnection.php(643): CodeIgniter\Database\BaseConnection->simpleQuery('UPDATE `pagamen...')
#3 C:\WORKPLACE\meuruca\app\Controllers\Operations.php(719): CodeIgniter\Database\BaseConnection->query('UPDATE `pagamen...')
#4 C:\WORKPLACE\meuruca\app\Controllers\Operations.php(205): App\Controllers\Operations->gerarFacturaapi('41', '16')
#5 C:\WORKPLACE\meuruca\vendor\codeigniter4\framework\system\CodeIgniter.php(935): App\Controllers\Operations->index()
#6 C:\WORKPLACE\meuruca\vendor\codeigniter4\framework\system\CodeIgniter.php(431): CodeIgniter\CodeIgniter->runController(Object(App\Controllers\Operations))
#7 C:\WORKPLACE\meuruca\vendor\codeigniter4\framework\system\CodeIgniter.php(332): CodeIgniter\CodeIgniter->handleRequest(NULL, Object(Config\Cache), false)
#8 C:\WORKPLACE\meuruca\public\index.php(44): CodeIgniter\CodeIgniter->run()
#9 C:\WORKPLACE\meuruca\vendor\codeigniter4\framework\system\Commands\Server\rewrite.php(45): require_once('C:\\WORKPLACE\\me...')
#10 {main}
CRITICAL - 2022-06-06 08:34:09 --> Undefined property: App\Controllers\Operations::$auditoria
#0 C:\WORKPLACE\meuruca\app\Controllers\Operations.php(718): CodeIgniter\Debug\Exceptions->errorHandler(8, 'Undefined prope...', 'C:\\WORKPLACE\\me...', 718, Array)
#1 C:\WORKPLACE\meuruca\app\Controllers\Operations.php(205): App\Controllers\Operations->gerarFacturaapi('41', '16')
#2 C:\WORKPLACE\meuruca\vendor\codeigniter4\framework\system\CodeIgniter.php(935): App\Controllers\Operations->index()
#3 C:\WORKPLACE\meuruca\vendor\codeigniter4\framework\system\CodeIgniter.php(431): CodeIgniter\CodeIgniter->runController(Object(App\Controllers\Operations))
#4 C:\WORKPLACE\meuruca\vendor\codeigniter4\framework\system\CodeIgniter.php(332): CodeIgniter\CodeIgniter->handleRequest(NULL, Object(Config\Cache), false)
#5 C:\WORKPLACE\meuruca\public\index.php(44): CodeIgniter\CodeIgniter->run()
#6 C:\WORKPLACE\meuruca\vendor\codeigniter4\framework\system\Commands\Server\rewrite.php(45): require_once('C:\\WORKPLACE\\me...')
#7 {main}
CRITICAL - 2022-06-06 08:34:09 --> Uncaught CodeIgniter\Format\Exceptions\FormatException: Failed to parse json string, error: "Type is not supported". in C:\WORKPLACE\meuruca\vendor\codeigniter4\framework\system\Format\JSONFormatter.php:42
Stack trace:
#0 C:\WORKPLACE\meuruca\vendor\codeigniter4\framework\system\Format\JSONFormatter.php(42): CodeIgniter\Format\Exceptions\FormatException::forInvalidJSON('Type is not sup...')
#1 C:\WORKPLACE\meuruca\vendor\codeigniter4\framework\system\API\ResponseTrait.php(407): CodeIgniter\Format\JSONFormatter->format(Array)
#2 C:\WORKPLACE\meuruca\vendor\codeigniter4\framework\system\API\ResponseTrait.php(114): CodeIgniter\Debug\Exceptions->format(Array)
#3 C:\WORKPLACE\meuruca\vendor\codeigniter4\framework\system\Debug\Exceptions.php(141): CodeIgniter\Debug\Exceptions->respond(Array, 500)
#4 [internal function]: CodeIgniter\Debug\Exceptions->exceptionHandler(Object(ErrorException))
#5 {main}
  thrown
#0 [internal function]: CodeIgniter\Debug\Exceptions->shutdownHandler()
#1 {main}
CRITICAL - 2022-06-06 08:35:10 --> Undefined property: App\Controllers\Operations::$auditoria
#0 C:\WORKPLACE\meuruca\app\Controllers\Operations.php(718): CodeIgniter\Debug\Exceptions->errorHandler(8, 'Undefined prope...', 'C:\\WORKPLACE\\me...', 718, Array)
#1 C:\WORKPLACE\meuruca\app\Controllers\Operations.php(205): App\Controllers\Operations->gerarFacturaapi('41', '16')
#2 C:\WORKPLACE\meuruca\vendor\codeigniter4\framework\system\CodeIgniter.php(935): App\Controllers\Operations->index()
#3 C:\WORKPLACE\meuruca\vendor\codeigniter4\framework\system\CodeIgniter.php(431): CodeIgniter\CodeIgniter->runController(Object(App\Controllers\Operations))
#4 C:\WORKPLACE\meuruca\vendor\codeigniter4\framework\system\CodeIgniter.php(332): CodeIgniter\CodeIgniter->handleRequest(NULL, Object(Config\Cache), false)
#5 C:\WORKPLACE\meuruca\public\index.php(44): CodeIgniter\CodeIgniter->run()
#6 C:\WORKPLACE\meuruca\vendor\codeigniter4\framework\system\Commands\Server\rewrite.php(45): require_once('C:\\WORKPLACE\\me...')
#7 {main}
CRITICAL - 2022-06-06 08:35:10 --> Uncaught CodeIgniter\Format\Exceptions\FormatException: Failed to parse json string, error: "Type is not supported". in C:\WORKPLACE\meuruca\vendor\codeigniter4\framework\system\Format\JSONFormatter.php:42
Stack trace:
#0 C:\WORKPLACE\meuruca\vendor\codeigniter4\framework\system\Format\JSONFormatter.php(42): CodeIgniter\Format\Exceptions\FormatException::forInvalidJSON('Type is not sup...')
#1 C:\WORKPLACE\meuruca\vendor\codeigniter4\framework\system\API\ResponseTrait.php(407): CodeIgniter\Format\JSONFormatter->format(Array)
#2 C:\WORKPLACE\meuruca\vendor\codeigniter4\framework\system\API\ResponseTrait.php(114): CodeIgniter\Debug\Exceptions->format(Array)
#3 C:\WORKPLACE\meuruca\vendor\codeigniter4\framework\system\Debug\Exceptions.php(141): CodeIgniter\Debug\Exceptions->respond(Array, 500)
#4 [internal function]: CodeIgniter\Debug\Exceptions->exceptionHandler(Object(ErrorException))
#5 {main}
  thrown
#0 [internal function]: CodeIgniter\Debug\Exceptions->shutdownHandler()
#1 {main}
CRITICAL - 2022-06-06 08:35:51 --> Undefined property: App\Controllers\Operations::$auditoria
#0 C:\WORKPLACE\meuruca\app\Controllers\Operations.php(719): CodeIgniter\Debug\Exceptions->errorHandler(8, 'Undefined prope...', 'C:\\WORKPLACE\\me...', 719, Array)
#1 C:\WORKPLACE\meuruca\app\Controllers\Operations.php(205): App\Controllers\Operations->gerarFacturaapi('41', '16')
#2 C:\WORKPLACE\meuruca\vendor\codeigniter4\framework\system\CodeIgniter.php(935): App\Controllers\Operations->index()
#3 C:\WORKPLACE\meuruca\vendor\codeigniter4\framework\system\CodeIgniter.php(431): CodeIgniter\CodeIgniter->runController(Object(App\Controllers\Operations))
#4 C:\WORKPLACE\meuruca\vendor\codeigniter4\framework\system\CodeIgniter.php(332): CodeIgniter\CodeIgniter->handleRequest(NULL, Object(Config\Cache), false)
#5 C:\WORKPLACE\meuruca\public\index.php(44): CodeIgniter\CodeIgniter->run()
#6 C:\WORKPLACE\meuruca\vendor\codeigniter4\framework\system\Commands\Server\rewrite.php(45): require_once('C:\\WORKPLACE\\me...')
#7 {main}
CRITICAL - 2022-06-06 08:35:51 --> Uncaught CodeIgniter\Format\Exceptions\FormatException: Failed to parse json string, error: "Type is not supported". in C:\WORKPLACE\meuruca\vendor\codeigniter4\framework\system\Format\JSONFormatter.php:42
Stack trace:
#0 C:\WORKPLACE\meuruca\vendor\codeigniter4\framework\system\Format\JSONFormatter.php(42): CodeIgniter\Format\Exceptions\FormatException::forInvalidJSON('Type is not sup...')
#1 C:\WORKPLACE\meuruca\vendor\codeigniter4\framework\system\API\ResponseTrait.php(407): CodeIgniter\Format\JSONFormatter->format(Array)
#2 C:\WORKPLACE\meuruca\vendor\codeigniter4\framework\system\API\ResponseTrait.php(114): CodeIgniter\Debug\Exceptions->format(Array)
#3 C:\WORKPLACE\meuruca\vendor\codeigniter4\framework\system\Debug\Exceptions.php(141): CodeIgniter\Debug\Exceptions->respond(Array, 500)
#4 [internal function]: CodeIgniter\Debug\Exceptions->exceptionHandler(Object(ErrorException))
#5 {main}
  thrown
#0 [internal function]: CodeIgniter\Debug\Exceptions->shutdownHandler()
#1 {main}
CRITICAL - 2022-06-06 08:39:19 --> Undefined property: App\Controllers\Operations::$auditoria
#0 C:\WORKPLACE\meuruca\app\Controllers\Operations.php(718): CodeIgniter\Debug\Exceptions->errorHandler(8, 'Undefined prope...', 'C:\\WORKPLACE\\me...', 718, Array)
#1 C:\WORKPLACE\meuruca\app\Controllers\Operations.php(205): App\Controllers\Operations->gerarFacturaapi('41', '16')
#2 C:\WORKPLACE\meuruca\vendor\codeigniter4\framework\system\CodeIgniter.php(935): App\Controllers\Operations->index()
#3 C:\WORKPLACE\meuruca\vendor\codeigniter4\framework\system\CodeIgniter.php(431): CodeIgniter\CodeIgniter->runController(Object(App\Controllers\Operations))
#4 C:\WORKPLACE\meuruca\vendor\codeigniter4\framework\system\CodeIgniter.php(332): CodeIgniter\CodeIgniter->handleRequest(NULL, Object(Config\Cache), false)
#5 C:\WORKPLACE\meuruca\public\index.php(44): CodeIgniter\CodeIgniter->run()
#6 C:\WORKPLACE\meuruca\vendor\codeigniter4\framework\system\Commands\Server\rewrite.php(45): require_once('C:\\WORKPLACE\\me...')
#7 {main}
CRITICAL - 2022-06-06 08:39:19 --> Uncaught CodeIgniter\Format\Exceptions\FormatException: Failed to parse json string, error: "Type is not supported". in C:\WORKPLACE\meuruca\vendor\codeigniter4\framework\system\Format\JSONFormatter.php:42
Stack trace:
#0 C:\WORKPLACE\meuruca\vendor\codeigniter4\framework\system\Format\JSONFormatter.php(42): CodeIgniter\Format\Exceptions\FormatException::forInvalidJSON('Type is not sup...')
#1 C:\WORKPLACE\meuruca\vendor\codeigniter4\framework\system\API\ResponseTrait.php(407): CodeIgniter\Format\JSONFormatter->format(Array)
#2 C:\WORKPLACE\meuruca\vendor\codeigniter4\framework\system\API\ResponseTrait.php(114): CodeIgniter\Debug\Exceptions->format(Array)
#3 C:\WORKPLACE\meuruca\vendor\codeigniter4\framework\system\Debug\Exceptions.php(141): CodeIgniter\Debug\Exceptions->respond(Array, 500)
#4 [internal function]: CodeIgniter\Debug\Exceptions->exceptionHandler(Object(ErrorException))
#5 {main}
  thrown
#0 [internal function]: CodeIgniter\Debug\Exceptions->shutdownHandler()
#1 {main}
CRITICAL - 2022-06-06 08:41:00 --> syntax error, unexpected ')', expecting ';'
#0 C:\WORKPLACE\meuruca\vendor\codeigniter4\framework\system\Router\Router.php(170): CodeIgniter\Router\Router->autoRoute('operations')
#1 C:\WORKPLACE\meuruca\vendor\codeigniter4\framework\system\CodeIgniter.php(815): CodeIgniter\Router\Router->handle('operations')
#2 C:\WORKPLACE\meuruca\vendor\codeigniter4\framework\system\CodeIgniter.php(384): CodeIgniter\CodeIgniter->tryToRouteIt(Object(CodeIgniter\Router\RouteCollection))
#3 C:\WORKPLACE\meuruca\vendor\codeigniter4\framework\system\CodeIgniter.php(332): CodeIgniter\CodeIgniter->handleRequest(NULL, Object(Config\Cache), false)
#4 C:\WORKPLACE\meuruca\public\index.php(44): CodeIgniter\CodeIgniter->run()
#5 C:\WORKPLACE\meuruca\vendor\codeigniter4\framework\system\Commands\Server\rewrite.php(45): require_once('C:\\WORKPLACE\\me...')
#6 {main}
CRITICAL - 2022-06-06 08:41:58 --> Undefined property: App\Controllers\Operations::$auditoria
#0 C:\WORKPLACE\meuruca\app\Controllers\Operations.php(717): CodeIgniter\Debug\Exceptions->errorHandler(8, 'Undefined prope...', 'C:\\WORKPLACE\\me...', 717, Array)
#1 C:\WORKPLACE\meuruca\app\Controllers\Operations.php(205): App\Controllers\Operations->gerarFacturaapi('41', '16')
#2 C:\WORKPLACE\meuruca\vendor\codeigniter4\framework\system\CodeIgniter.php(935): App\Controllers\Operations->index()
#3 C:\WORKPLACE\meuruca\vendor\codeigniter4\framework\system\CodeIgniter.php(431): CodeIgniter\CodeIgniter->runController(Object(App\Controllers\Operations))
#4 C:\WORKPLACE\meuruca\vendor\codeigniter4\framework\system\CodeIgniter.php(332): CodeIgniter\CodeIgniter->handleRequest(NULL, Object(Config\Cache), false)
#5 C:\WORKPLACE\meuruca\public\index.php(44): CodeIgniter\CodeIgniter->run()
#6 C:\WORKPLACE\meuruca\vendor\codeigniter4\framework\system\Commands\Server\rewrite.php(45): require_once('C:\\WORKPLACE\\me...')
#7 {main}
CRITICAL - 2022-06-06 08:41:58 --> Uncaught CodeIgniter\Format\Exceptions\FormatException: Failed to parse json string, error: "Type is not supported". in C:\WORKPLACE\meuruca\vendor\codeigniter4\framework\system\Format\JSONFormatter.php:42
Stack trace:
#0 C:\WORKPLACE\meuruca\vendor\codeigniter4\framework\system\Format\JSONFormatter.php(42): CodeIgniter\Format\Exceptions\FormatException::forInvalidJSON('Type is not sup...')
#1 C:\WORKPLACE\meuruca\vendor\codeigniter4\framework\system\API\ResponseTrait.php(407): CodeIgniter\Format\JSONFormatter->format(Array)
#2 C:\WORKPLACE\meuruca\vendor\codeigniter4\framework\system\API\ResponseTrait.php(114): CodeIgniter\Debug\Exceptions->format(Array)
#3 C:\WORKPLACE\meuruca\vendor\codeigniter4\framework\system\Debug\Exceptions.php(141): CodeIgniter\Debug\Exceptions->respond(Array, 500)
#4 [internal function]: CodeIgniter\Debug\Exceptions->exceptionHandler(Object(ErrorException))
#5 {main}
  thrown
#0 [internal function]: CodeIgniter\Debug\Exceptions->shutdownHandler()
#1 {main}
CRITICAL - 2022-06-06 08:43:02 --> Undefined property: App\Controllers\Operations::$auditoria
#0 C:\WORKPLACE\meuruca\app\Controllers\Operations.php(717): CodeIgniter\Debug\Exceptions->errorHandler(8, 'Undefined prope...', 'C:\\WORKPLACE\\me...', 717, Array)
#1 C:\WORKPLACE\meuruca\app\Controllers\Operations.php(205): App\Controllers\Operations->gerarFacturaapi('41', '16')
#2 C:\WORKPLACE\meuruca\vendor\codeigniter4\framework\system\CodeIgniter.php(935): App\Controllers\Operations->index()
#3 C:\WORKPLACE\meuruca\vendor\codeigniter4\framework\system\CodeIgniter.php(431): CodeIgniter\CodeIgniter->runController(Object(App\Controllers\Operations))
#4 C:\WORKPLACE\meuruca\vendor\codeigniter4\framework\system\CodeIgniter.php(332): CodeIgniter\CodeIgniter->handleRequest(NULL, Object(Config\Cache), false)
#5 C:\WORKPLACE\meuruca\public\index.php(44): CodeIgniter\CodeIgniter->run()
#6 C:\WORKPLACE\meuruca\vendor\codeigniter4\framework\system\Commands\Server\rewrite.php(45): require_once('C:\\WORKPLACE\\me...')
#7 {main}
CRITICAL - 2022-06-06 08:43:02 --> Uncaught CodeIgniter\Format\Exceptions\FormatException: Failed to parse json string, error: "Type is not supported". in C:\WORKPLACE\meuruca\vendor\codeigniter4\framework\system\Format\JSONFormatter.php:42
Stack trace:
#0 C:\WORKPLACE\meuruca\vendor\codeigniter4\framework\system\Format\JSONFormatter.php(42): CodeIgniter\Format\Exceptions\FormatException::forInvalidJSON('Type is not sup...')
#1 C:\WORKPLACE\meuruca\vendor\codeigniter4\framework\system\API\ResponseTrait.php(407): CodeIgniter\Format\JSONFormatter->format(Array)
#2 C:\WORKPLACE\meuruca\vendor\codeigniter4\framework\system\API\ResponseTrait.php(114): CodeIgniter\Debug\Exceptions->format(Array)
#3 C:\WORKPLACE\meuruca\vendor\codeigniter4\framework\system\Debug\Exceptions.php(141): CodeIgniter\Debug\Exceptions->respond(Array, 500)
#4 [internal function]: CodeIgniter\Debug\Exceptions->exceptionHandler(Object(ErrorException))
#5 {main}
  thrown
#0 [internal function]: CodeIgniter\Debug\Exceptions->shutdownHandler()
#1 {main}
CRITICAL - 2022-06-06 08:43:38 --> Undefined property: App\Controllers\Operations::$auditoria
#0 C:\WORKPLACE\meuruca\app\Controllers\Operations.php(717): CodeIgniter\Debug\Exceptions->errorHandler(8, 'Undefined prope...', 'C:\\WORKPLACE\\me...', 717, Array)
#1 C:\WORKPLACE\meuruca\app\Controllers\Operations.php(205): App\Controllers\Operations->gerarFacturaapi('41', '16')
#2 C:\WORKPLACE\meuruca\vendor\codeigniter4\framework\system\CodeIgniter.php(935): App\Controllers\Operations->index()
#3 C:\WORKPLACE\meuruca\vendor\codeigniter4\framework\system\CodeIgniter.php(431): CodeIgniter\CodeIgniter->runController(Object(App\Controllers\Operations))
#4 C:\WORKPLACE\meuruca\vendor\codeigniter4\framework\system\CodeIgniter.php(332): CodeIgniter\CodeIgniter->handleRequest(NULL, Object(Config\Cache), false)
#5 C:\WORKPLACE\meuruca\public\index.php(44): CodeIgniter\CodeIgniter->run()
#6 C:\WORKPLACE\meuruca\vendor\codeigniter4\framework\system\Commands\Server\rewrite.php(45): require_once('C:\\WORKPLACE\\me...')
#7 {main}
CRITICAL - 2022-06-06 08:43:38 --> Uncaught CodeIgniter\Format\Exceptions\FormatException: Failed to parse json string, error: "Type is not supported". in C:\WORKPLACE\meuruca\vendor\codeigniter4\framework\system\Format\JSONFormatter.php:42
Stack trace:
#0 C:\WORKPLACE\meuruca\vendor\codeigniter4\framework\system\Format\JSONFormatter.php(42): CodeIgniter\Format\Exceptions\FormatException::forInvalidJSON('Type is not sup...')
#1 C:\WORKPLACE\meuruca\vendor\codeigniter4\framework\system\API\ResponseTrait.php(407): CodeIgniter\Format\JSONFormatter->format(Array)
#2 C:\WORKPLACE\meuruca\vendor\codeigniter4\framework\system\API\ResponseTrait.php(114): CodeIgniter\Debug\Exceptions->format(Array)
#3 C:\WORKPLACE\meuruca\vendor\codeigniter4\framework\system\Debug\Exceptions.php(141): CodeIgniter\Debug\Exceptions->respond(Array, 500)
#4 [internal function]: CodeIgniter\Debug\Exceptions->exceptionHandler(Object(ErrorException))
#5 {main}
  thrown
#0 [internal function]: CodeIgniter\Debug\Exceptions->shutdownHandler()
#1 {main}
CRITICAL - 2022-06-06 08:44:33 --> Undefined property: App\Controllers\Operations::$auditoria
#0 C:\WORKPLACE\meuruca\app\Controllers\Operations.php(717): CodeIgniter\Debug\Exceptions->errorHandler(8, 'Undefined prope...', 'C:\\WORKPLACE\\me...', 717, Array)
#1 C:\WORKPLACE\meuruca\app\Controllers\Operations.php(205): App\Controllers\Operations->gerarFacturaapi('41', '16')
#2 C:\WORKPLACE\meuruca\vendor\codeigniter4\framework\system\CodeIgniter.php(935): App\Controllers\Operations->index()
#3 C:\WORKPLACE\meuruca\vendor\codeigniter4\framework\system\CodeIgniter.php(431): CodeIgniter\CodeIgniter->runController(Object(App\Controllers\Operations))
#4 C:\WORKPLACE\meuruca\vendor\codeigniter4\framework\system\CodeIgniter.php(332): CodeIgniter\CodeIgniter->handleRequest(NULL, Object(Config\Cache), false)
#5 C:\WORKPLACE\meuruca\public\index.php(44): CodeIgniter\CodeIgniter->run()
#6 C:\WORKPLACE\meuruca\vendor\codeigniter4\framework\system\Commands\Server\rewrite.php(45): require_once('C:\\WORKPLACE\\me...')
#7 {main}
CRITICAL - 2022-06-06 08:44:33 --> Uncaught CodeIgniter\Format\Exceptions\FormatException: Failed to parse json string, error: "Type is not supported". in C:\WORKPLACE\meuruca\vendor\codeigniter4\framework\system\Format\JSONFormatter.php:42
Stack trace:
#0 C:\WORKPLACE\meuruca\vendor\codeigniter4\framework\system\Format\JSONFormatter.php(42): CodeIgniter\Format\Exceptions\FormatException::forInvalidJSON('Type is not sup...')
#1 C:\WORKPLACE\meuruca\vendor\codeigniter4\framework\system\API\ResponseTrait.php(407): CodeIgniter\Format\JSONFormatter->format(Array)
#2 C:\WORKPLACE\meuruca\vendor\codeigniter4\framework\system\API\ResponseTrait.php(114): CodeIgniter\Debug\Exceptions->format(Array)
#3 C:\WORKPLACE\meuruca\vendor\codeigniter4\framework\system\Debug\Exceptions.php(141): CodeIgniter\Debug\Exceptions->respond(Array, 500)
#4 [internal function]: CodeIgniter\Debug\Exceptions->exceptionHandler(Object(ErrorException))
#5 {main}
  thrown
#0 [internal function]: CodeIgniter\Debug\Exceptions->shutdownHandler()
#1 {main}
CRITICAL - 2022-06-06 08:44:40 --> Undefined property: App\Controllers\Operations::$auditoria
#0 C:\WORKPLACE\meuruca\app\Controllers\Operations.php(717): CodeIgniter\Debug\Exceptions->errorHandler(8, 'Undefined prope...', 'C:\\WORKPLACE\\me...', 717, Array)
#1 C:\WORKPLACE\meuruca\app\Controllers\Operations.php(205): App\Controllers\Operations->gerarFacturaapi('41', '16')
#2 C:\WORKPLACE\meuruca\vendor\codeigniter4\framework\system\CodeIgniter.php(935): App\Controllers\Operations->index()
#3 C:\WORKPLACE\meuruca\vendor\codeigniter4\framework\system\CodeIgniter.php(431): CodeIgniter\CodeIgniter->runController(Object(App\Controllers\Operations))
#4 C:\WORKPLACE\meuruca\vendor\codeigniter4\framework\system\CodeIgniter.php(332): CodeIgniter\CodeIgniter->handleRequest(NULL, Object(Config\Cache), false)
#5 C:\WORKPLACE\meuruca\public\index.php(44): CodeIgniter\CodeIgniter->run()
#6 C:\WORKPLACE\meuruca\vendor\codeigniter4\framework\system\Commands\Server\rewrite.php(45): require_once('C:\\WORKPLACE\\me...')
#7 {main}
CRITICAL - 2022-06-06 08:44:40 --> Uncaught CodeIgniter\Format\Exceptions\FormatException: Failed to parse json string, error: "Type is not supported". in C:\WORKPLACE\meuruca\vendor\codeigniter4\framework\system\Format\JSONFormatter.php:42
Stack trace:
#0 C:\WORKPLACE\meuruca\vendor\codeigniter4\framework\system\Format\JSONFormatter.php(42): CodeIgniter\Format\Exceptions\FormatException::forInvalidJSON('Type is not sup...')
#1 C:\WORKPLACE\meuruca\vendor\codeigniter4\framework\system\API\ResponseTrait.php(407): CodeIgniter\Format\JSONFormatter->format(Array)
#2 C:\WORKPLACE\meuruca\vendor\codeigniter4\framework\system\API\ResponseTrait.php(114): CodeIgniter\Debug\Exceptions->format(Array)
#3 C:\WORKPLACE\meuruca\vendor\codeigniter4\framework\system\Debug\Exceptions.php(141): CodeIgniter\Debug\Exceptions->respond(Array, 500)
#4 [internal function]: CodeIgniter\Debug\Exceptions->exceptionHandler(Object(ErrorException))
#5 {main}
  thrown
#0 [internal function]: CodeIgniter\Debug\Exceptions->shutdownHandler()
#1 {main}
CRITICAL - 2022-06-06 08:52:14 --> Trying to get property 'hash_factura' of non-object
#0 C:\WORKPLACE\meuruca\app\Controllers\Operations.php(633): CodeIgniter\Debug\Exceptions->errorHandler(8, 'Trying to get p...', 'C:\\WORKPLACE\\me...', 633, Array)
#1 C:\WORKPLACE\meuruca\app\Controllers\Operations.php(205): App\Controllers\Operations->gerarFacturaapi('141', '16')
#2 C:\WORKPLACE\meuruca\vendor\codeigniter4\framework\system\CodeIgniter.php(935): App\Controllers\Operations->index()
#3 C:\WORKPLACE\meuruca\vendor\codeigniter4\framework\system\CodeIgniter.php(431): CodeIgniter\CodeIgniter->runController(Object(App\Controllers\Operations))
#4 C:\WORKPLACE\meuruca\vendor\codeigniter4\framework\system\CodeIgniter.php(332): CodeIgniter\CodeIgniter->handleRequest(NULL, Object(Config\Cache), false)
#5 C:\WORKPLACE\meuruca\public\index.php(44): CodeIgniter\CodeIgniter->run()
#6 C:\WORKPLACE\meuruca\vendor\codeigniter4\framework\system\Commands\Server\rewrite.php(45): require_once('C:\\WORKPLACE\\me...')
#7 {main}
CRITICAL - 2022-06-06 09:01:25 --> Trying to get property 'hash_factura' of non-object
#0 C:\WORKPLACE\meuruca\app\Controllers\Operations.php(633): CodeIgniter\Debug\Exceptions->errorHandler(8, 'Trying to get p...', 'C:\\WORKPLACE\\me...', 633, Array)
#1 C:\WORKPLACE\meuruca\app\Controllers\Operations.php(205): App\Controllers\Operations->gerarFacturaapi('141', '16')
#2 C:\WORKPLACE\meuruca\vendor\codeigniter4\framework\system\CodeIgniter.php(935): App\Controllers\Operations->index()
#3 C:\WORKPLACE\meuruca\vendor\codeigniter4\framework\system\CodeIgniter.php(431): CodeIgniter\CodeIgniter->runController(Object(App\Controllers\Operations))
#4 C:\WORKPLACE\meuruca\vendor\codeigniter4\framework\system\CodeIgniter.php(332): CodeIgniter\CodeIgniter->handleRequest(NULL, Object(Config\Cache), false)
#5 C:\WORKPLACE\meuruca\public\index.php(44): CodeIgniter\CodeIgniter->run()
#6 C:\WORKPLACE\meuruca\vendor\codeigniter4\framework\system\Commands\Server\rewrite.php(45): require_once('C:\\WORKPLACE\\me...')
#7 {main}
CRITICAL - 2022-06-06 09:01:31 --> Undefined index: proprietario
#0 C:\WORKPLACE\meuruca\app\Controllers\Operations.php(717): CodeIgniter\Debug\Exceptions->errorHandler(8, 'Undefined index...', 'C:\\WORKPLACE\\me...', 717, Array)
#1 C:\WORKPLACE\meuruca\app\Controllers\Operations.php(205): App\Controllers\Operations->gerarFacturaapi('41', '16')
#2 C:\WORKPLACE\meuruca\vendor\codeigniter4\framework\system\CodeIgniter.php(935): App\Controllers\Operations->index()
#3 C:\WORKPLACE\meuruca\vendor\codeigniter4\framework\system\CodeIgniter.php(431): CodeIgniter\CodeIgniter->runController(Object(App\Controllers\Operations))
#4 C:\WORKPLACE\meuruca\vendor\codeigniter4\framework\system\CodeIgniter.php(332): CodeIgniter\CodeIgniter->handleRequest(NULL, Object(Config\Cache), false)
#5 C:\WORKPLACE\meuruca\public\index.php(44): CodeIgniter\CodeIgniter->run()
#6 C:\WORKPLACE\meuruca\vendor\codeigniter4\framework\system\Commands\Server\rewrite.php(45): require_once('C:\\WORKPLACE\\me...')
#7 {main}
CRITICAL - 2022-06-06 09:01:31 --> Uncaught CodeIgniter\Format\Exceptions\FormatException: Failed to parse json string, error: "Type is not supported". in C:\WORKPLACE\meuruca\vendor\codeigniter4\framework\system\Format\JSONFormatter.php:42
Stack trace:
#0 C:\WORKPLACE\meuruca\vendor\codeigniter4\framework\system\Format\JSONFormatter.php(42): CodeIgniter\Format\Exceptions\FormatException::forInvalidJSON('Type is not sup...')
#1 C:\WORKPLACE\meuruca\vendor\codeigniter4\framework\system\API\ResponseTrait.php(407): CodeIgniter\Format\JSONFormatter->format(Array)
#2 C:\WORKPLACE\meuruca\vendor\codeigniter4\framework\system\API\ResponseTrait.php(114): CodeIgniter\Debug\Exceptions->format(Array)
#3 C:\WORKPLACE\meuruca\vendor\codeigniter4\framework\system\Debug\Exceptions.php(141): CodeIgniter\Debug\Exceptions->respond(Array, 500)
#4 [internal function]: CodeIgniter\Debug\Exceptions->exceptionHandler(Object(ErrorException))
#5 {main}
  thrown
#0 [internal function]: CodeIgniter\Debug\Exceptions->shutdownHandler()
#1 {main}
CRITICAL - 2022-06-06 09:02:07 --> Undefined index: proprietario
#0 C:\WORKPLACE\meuruca\app\Controllers\Operations.php(717): CodeIgniter\Debug\Exceptions->errorHandler(8, 'Undefined index...', 'C:\\WORKPLACE\\me...', 717, Array)
#1 C:\WORKPLACE\meuruca\app\Controllers\Operations.php(205): App\Controllers\Operations->gerarFacturaapi('41', '16')
#2 C:\WORKPLACE\meuruca\vendor\codeigniter4\framework\system\CodeIgniter.php(935): App\Controllers\Operations->index()
#3 C:\WORKPLACE\meuruca\vendor\codeigniter4\framework\system\CodeIgniter.php(431): CodeIgniter\CodeIgniter->runController(Object(App\Controllers\Operations))
#4 C:\WORKPLACE\meuruca\vendor\codeigniter4\framework\system\CodeIgniter.php(332): CodeIgniter\CodeIgniter->handleRequest(NULL, Object(Config\Cache), false)
#5 C:\WORKPLACE\meuruca\public\index.php(44): CodeIgniter\CodeIgniter->run()
#6 C:\WORKPLACE\meuruca\vendor\codeigniter4\framework\system\Commands\Server\rewrite.php(45): require_once('C:\\WORKPLACE\\me...')
#7 {main}
CRITICAL - 2022-06-06 09:02:07 --> Uncaught CodeIgniter\Format\Exceptions\FormatException: Failed to parse json string, error: "Type is not supported". in C:\WORKPLACE\meuruca\vendor\codeigniter4\framework\system\Format\JSONFormatter.php:42
Stack trace:
#0 C:\WORKPLACE\meuruca\vendor\codeigniter4\framework\system\Format\JSONFormatter.php(42): CodeIgniter\Format\Exceptions\FormatException::forInvalidJSON('Type is not sup...')
#1 C:\WORKPLACE\meuruca\vendor\codeigniter4\framework\system\API\ResponseTrait.php(407): CodeIgniter\Format\JSONFormatter->format(Array)
#2 C:\WORKPLACE\meuruca\vendor\codeigniter4\framework\system\API\ResponseTrait.php(114): CodeIgniter\Debug\Exceptions->format(Array)
#3 C:\WORKPLACE\meuruca\vendor\codeigniter4\framework\system\Debug\Exceptions.php(141): CodeIgniter\Debug\Exceptions->respond(Array, 500)
#4 [internal function]: CodeIgniter\Debug\Exceptions->exceptionHandler(Object(ErrorException))
#5 {main}
  thrown
#0 [internal function]: CodeIgniter\Debug\Exceptions->shutdownHandler()
#1 {main}
CRITICAL - 2022-06-06 09:02:39 --> Undefined index: proprietario
#0 C:\WORKPLACE\meuruca\app\Controllers\Operations.php(717): CodeIgniter\Debug\Exceptions->errorHandler(8, 'Undefined index...', 'C:\\WORKPLACE\\me...', 717, Array)
#1 C:\WORKPLACE\meuruca\app\Controllers\Operations.php(205): App\Controllers\Operations->gerarFacturaapi('41', '16')
#2 C:\WORKPLACE\meuruca\vendor\codeigniter4\framework\system\CodeIgniter.php(935): App\Controllers\Operations->index()
#3 C:\WORKPLACE\meuruca\vendor\codeigniter4\framework\system\CodeIgniter.php(431): CodeIgniter\CodeIgniter->runController(Object(App\Controllers\Operations))
#4 C:\WORKPLACE\meuruca\vendor\codeigniter4\framework\system\CodeIgniter.php(332): CodeIgniter\CodeIgniter->handleRequest(NULL, Object(Config\Cache), false)
#5 C:\WORKPLACE\meuruca\public\index.php(44): CodeIgniter\CodeIgniter->run()
#6 C:\WORKPLACE\meuruca\vendor\codeigniter4\framework\system\Commands\Server\rewrite.php(45): require_once('C:\\WORKPLACE\\me...')
#7 {main}
CRITICAL - 2022-06-06 09:02:39 --> Uncaught CodeIgniter\Format\Exceptions\FormatException: Failed to parse json string, error: "Type is not supported". in C:\WORKPLACE\meuruca\vendor\codeigniter4\framework\system\Format\JSONFormatter.php:42
Stack trace:
#0 C:\WORKPLACE\meuruca\vendor\codeigniter4\framework\system\Format\JSONFormatter.php(42): CodeIgniter\Format\Exceptions\FormatException::forInvalidJSON('Type is not sup...')
#1 C:\WORKPLACE\meuruca\vendor\codeigniter4\framework\system\API\ResponseTrait.php(407): CodeIgniter\Format\JSONFormatter->format(Array)
#2 C:\WORKPLACE\meuruca\vendor\codeigniter4\framework\system\API\ResponseTrait.php(114): CodeIgniter\Debug\Exceptions->format(Array)
#3 C:\WORKPLACE\meuruca\vendor\codeigniter4\framework\system\Debug\Exceptions.php(141): CodeIgniter\Debug\Exceptions->respond(Array, 500)
#4 [internal function]: CodeIgniter\Debug\Exceptions->exceptionHandler(Object(ErrorException))
#5 {main}
  thrown
#0 [internal function]: CodeIgniter\Debug\Exceptions->shutdownHandler()
#1 {main}
CRITICAL - 2022-06-06 09:03:19 --> Undefined index: proprietario
#0 C:\WORKPLACE\meuruca\app\Controllers\Operations.php(717): CodeIgniter\Debug\Exceptions->errorHandler(8, 'Undefined index...', 'C:\\WORKPLACE\\me...', 717, Array)
#1 C:\WORKPLACE\meuruca\app\Controllers\Operations.php(205): App\Controllers\Operations->gerarFacturaapi('41', '16')
#2 C:\WORKPLACE\meuruca\vendor\codeigniter4\framework\system\CodeIgniter.php(935): App\Controllers\Operations->index()
#3 C:\WORKPLACE\meuruca\vendor\codeigniter4\framework\system\CodeIgniter.php(431): CodeIgniter\CodeIgniter->runController(Object(App\Controllers\Operations))
#4 C:\WORKPLACE\meuruca\vendor\codeigniter4\framework\system\CodeIgniter.php(332): CodeIgniter\CodeIgniter->handleRequest(NULL, Object(Config\Cache), false)
#5 C:\WORKPLACE\meuruca\public\index.php(44): CodeIgniter\CodeIgniter->run()
#6 C:\WORKPLACE\meuruca\vendor\codeigniter4\framework\system\Commands\Server\rewrite.php(45): require_once('C:\\WORKPLACE\\me...')
#7 {main}
CRITICAL - 2022-06-06 09:03:19 --> Uncaught CodeIgniter\Format\Exceptions\FormatException: Failed to parse json string, error: "Type is not supported". in C:\WORKPLACE\meuruca\vendor\codeigniter4\framework\system\Format\JSONFormatter.php:42
Stack trace:
#0 C:\WORKPLACE\meuruca\vendor\codeigniter4\framework\system\Format\JSONFormatter.php(42): CodeIgniter\Format\Exceptions\FormatException::forInvalidJSON('Type is not sup...')
#1 C:\WORKPLACE\meuruca\vendor\codeigniter4\framework\system\API\ResponseTrait.php(407): CodeIgniter\Format\JSONFormatter->format(Array)
#2 C:\WORKPLACE\meuruca\vendor\codeigniter4\framework\system\API\ResponseTrait.php(114): CodeIgniter\Debug\Exceptions->format(Array)
#3 C:\WORKPLACE\meuruca\vendor\codeigniter4\framework\system\Debug\Exceptions.php(141): CodeIgniter\Debug\Exceptions->respond(Array, 500)
#4 [internal function]: CodeIgniter\Debug\Exceptions->exceptionHandler(Object(ErrorException))
#5 {main}
  thrown
#0 [internal function]: CodeIgniter\Debug\Exceptions->shutdownHandler()
#1 {main}
CRITICAL - 2022-06-06 09:03:49 --> Undefined index: proprietario
#0 C:\WORKPLACE\meuruca\app\Controllers\Operations.php(717): CodeIgniter\Debug\Exceptions->errorHandler(8, 'Undefined index...', 'C:\\WORKPLACE\\me...', 717, Array)
#1 C:\WORKPLACE\meuruca\app\Controllers\Operations.php(205): App\Controllers\Operations->gerarFacturaapi('41', '16')
#2 C:\WORKPLACE\meuruca\vendor\codeigniter4\framework\system\CodeIgniter.php(935): App\Controllers\Operations->index()
#3 C:\WORKPLACE\meuruca\vendor\codeigniter4\framework\system\CodeIgniter.php(431): CodeIgniter\CodeIgniter->runController(Object(App\Controllers\Operations))
#4 C:\WORKPLACE\meuruca\vendor\codeigniter4\framework\system\CodeIgniter.php(332): CodeIgniter\CodeIgniter->handleRequest(NULL, Object(Config\Cache), false)
#5 C:\WORKPLACE\meuruca\public\index.php(44): CodeIgniter\CodeIgniter->run()
#6 C:\WORKPLACE\meuruca\vendor\codeigniter4\framework\system\Commands\Server\rewrite.php(45): require_once('C:\\WORKPLACE\\me...')
#7 {main}
CRITICAL - 2022-06-06 09:03:49 --> Uncaught CodeIgniter\Format\Exceptions\FormatException: Failed to parse json string, error: "Type is not supported". in C:\WORKPLACE\meuruca\vendor\codeigniter4\framework\system\Format\JSONFormatter.php:42
Stack trace:
#0 C:\WORKPLACE\meuruca\vendor\codeigniter4\framework\system\Format\JSONFormatter.php(42): CodeIgniter\Format\Exceptions\FormatException::forInvalidJSON('Type is not sup...')
#1 C:\WORKPLACE\meuruca\vendor\codeigniter4\framework\system\API\ResponseTrait.php(407): CodeIgniter\Format\JSONFormatter->format(Array)
#2 C:\WORKPLACE\meuruca\vendor\codeigniter4\framework\system\API\ResponseTrait.php(114): CodeIgniter\Debug\Exceptions->format(Array)
#3 C:\WORKPLACE\meuruca\vendor\codeigniter4\framework\system\Debug\Exceptions.php(141): CodeIgniter\Debug\Exceptions->respond(Array, 500)
#4 [internal function]: CodeIgniter\Debug\Exceptions->exceptionHandler(Object(ErrorException))
#5 {main}
  thrown
#0 [internal function]: CodeIgniter\Debug\Exceptions->shutdownHandler()
#1 {main}
CRITICAL - 2022-06-06 09:04:05 --> Undefined index: proprietario
#0 C:\WORKPLACE\meuruca\app\Controllers\Operations.php(717): CodeIgniter\Debug\Exceptions->errorHandler(8, 'Undefined index...', 'C:\\WORKPLACE\\me...', 717, Array)
#1 C:\WORKPLACE\meuruca\app\Controllers\Operations.php(205): App\Controllers\Operations->gerarFacturaapi('41', '16')
#2 C:\WORKPLACE\meuruca\vendor\codeigniter4\framework\system\CodeIgniter.php(935): App\Controllers\Operations->index()
#3 C:\WORKPLACE\meuruca\vendor\codeigniter4\framework\system\CodeIgniter.php(431): CodeIgniter\CodeIgniter->runController(Object(App\Controllers\Operations))
#4 C:\WORKPLACE\meuruca\vendor\codeigniter4\framework\system\CodeIgniter.php(332): CodeIgniter\CodeIgniter->handleRequest(NULL, Object(Config\Cache), false)
#5 C:\WORKPLACE\meuruca\public\index.php(44): CodeIgniter\CodeIgniter->run()
#6 C:\WORKPLACE\meuruca\vendor\codeigniter4\framework\system\Commands\Server\rewrite.php(45): require_once('C:\\WORKPLACE\\me...')
#7 {main}
CRITICAL - 2022-06-06 09:04:05 --> Uncaught CodeIgniter\Format\Exceptions\FormatException: Failed to parse json string, error: "Type is not supported". in C:\WORKPLACE\meuruca\vendor\codeigniter4\framework\system\Format\JSONFormatter.php:42
Stack trace:
#0 C:\WORKPLACE\meuruca\vendor\codeigniter4\framework\system\Format\JSONFormatter.php(42): CodeIgniter\Format\Exceptions\FormatException::forInvalidJSON('Type is not sup...')
#1 C:\WORKPLACE\meuruca\vendor\codeigniter4\framework\system\API\ResponseTrait.php(407): CodeIgniter\Format\JSONFormatter->format(Array)
#2 C:\WORKPLACE\meuruca\vendor\codeigniter4\framework\system\API\ResponseTrait.php(114): CodeIgniter\Debug\Exceptions->format(Array)
#3 C:\WORKPLACE\meuruca\vendor\codeigniter4\framework\system\Debug\Exceptions.php(141): CodeIgniter\Debug\Exceptions->respond(Array, 500)
#4 [internal function]: CodeIgniter\Debug\Exceptions->exceptionHandler(Object(ErrorException))
#5 {main}
  thrown
#0 [internal function]: CodeIgniter\Debug\Exceptions->shutdownHandler()
#1 {main}
